{"/home/sagar-y-j/Desktop/Projects/taskflow/backend/actions/startSignup.ts": {"path":"/home/sagar-y-j/Desktop/Projects/taskflow/backend/actions/startSignup.ts","statementMap":{"0":{"start":{"line":21,"column":0},"end":{"line":21,"column":7}},"1":{"start":{"line":78,"column":0},"end":{"line":78,"column":7}},"2":{"start":{"line":1,"column":0},"end":{"line":1,"column":34}},"3":{"start":{"line":2,"column":0},"end":{"line":2,"column":29}},"4":{"start":{"line":3,"column":0},"end":{"line":3,"column":39}},"5":{"start":{"line":4,"column":0},"end":{"line":4,"column":60}},"6":{"start":{"line":5,"column":0},"end":{"line":5,"column":48}},"7":{"start":{"line":22,"column":15},"end":{"line":22,"column":70}},"8":{"start":{"line":23,"column":16},"end":{"line":23,"column":87}},"9":{"start":{"line":24,"column":19},"end":{"line":24,"column":75}},"10":{"start":{"line":26,"column":2},"end":{"line":28,"column":3}},"11":{"start":{"line":27,"column":4},"end":{"line":27,"column":null}},"12":{"start":{"line":30,"column":23},"end":{"line":30,"column":89}},"13":{"start":{"line":31,"column":2},"end":{"line":33,"column":3}},"14":{"start":{"line":32,"column":4},"end":{"line":32,"column":null}},"15":{"start":{"line":35,"column":14},"end":{"line":35,"column":48}},"16":{"start":{"line":36,"column":23},"end":{"line":36,"column":54}},"17":{"start":{"line":37,"column":17},"end":{"line":37,"column":37}},"18":{"start":{"line":39,"column":2},"end":{"line":64,"column":3}},"19":{"start":{"line":40,"column":4},"end":{"line":40,"column":null}},"20":{"start":{"line":42,"column":4},"end":{"line":48,"column":null}},"21":{"start":{"line":50,"column":4},"end":{"line":56,"column":null}},"22":{"start":{"line":58,"column":4},"end":{"line":58,"column":null}},"23":{"start":{"line":60,"column":4},"end":{"line":60,"column":null}},"24":{"start":{"line":61,"column":4},"end":{"line":61,"column":null}},"25":{"start":{"line":63,"column":4},"end":{"line":63,"column":null}},"26":{"start":{"line":66,"column":2},"end":{"line":71,"column":3}},"27":{"start":{"line":67,"column":4},"end":{"line":67,"column":null}},"28":{"start":{"line":69,"column":4},"end":{"line":69,"column":null}},"29":{"start":{"line":70,"column":4},"end":{"line":70,"column":null}},"30":{"start":{"line":73,"column":2},"end":{"line":75,"column":null}},"31":{"start":{"line":79,"column":2},"end":{"line":79,"column":null}}},"fnMap":{"0":{"name":"startSignupAction","decl":{"start":{"line":21,"column":22},"end":{"line":21,"column":39}},"loc":{"start":{"line":21,"column":63},"end":{"line":76,"column":1}}},"1":{"name":"handler","decl":{"start":{"line":78,"column":22},"end":{"line":78,"column":29}},"loc":{"start":{"line":78,"column":72},"end":{"line":80,"column":1}}}},"branchMap":{"0":{"loc":{"start":{"line":22,"column":15},"end":{"line":22,"column":70}},"type":"cond-expr","locations":[{"start":{"line":22,"column":48},"end":{"line":22,"column":65}},{"start":{"line":22,"column":68},"end":{"line":22,"column":70}}]},"1":{"loc":{"start":{"line":23,"column":16},"end":{"line":23,"column":87}},"type":"cond-expr","locations":[{"start":{"line":23,"column":50},"end":{"line":23,"column":82}},{"start":{"line":23,"column":85},"end":{"line":23,"column":87}}]},"2":{"loc":{"start":{"line":24,"column":19},"end":{"line":24,"column":75}},"type":"cond-expr","locations":[{"start":{"line":24,"column":56},"end":{"line":24,"column":70}},{"start":{"line":24,"column":73},"end":{"line":24,"column":75}}]},"3":{"loc":{"start":{"line":26,"column":2},"end":{"line":28,"column":3}},"type":"if","locations":[{"start":{"line":26,"column":2},"end":{"line":28,"column":3}},{"start":{},"end":{}}]},"4":{"loc":{"start":{"line":26,"column":6},"end":{"line":26,"column":34}},"type":"binary-expr","locations":[{"start":{"line":26,"column":6},"end":{"line":26,"column":11}},{"start":{"line":26,"column":15},"end":{"line":26,"column":21}},{"start":{"line":26,"column":25},"end":{"line":26,"column":34}}]},"5":{"loc":{"start":{"line":31,"column":2},"end":{"line":33,"column":3}},"type":"if","locations":[{"start":{"line":31,"column":2},"end":{"line":33,"column":3}},{"start":{},"end":{}}]},"6":{"loc":{"start":{"line":79,"column":27},"end":{"line":79,"column":44}},"type":"binary-expr","locations":[{"start":{"line":79,"column":27},"end":{"line":79,"column":38}},{"start":{"line":79,"column":42},"end":{"line":79,"column":44}}]}},"s":{"0":1,"1":1,"2":1,"3":1,"4":1,"5":1,"6":1,"7":3,"8":3,"9":3,"10":3,"11":1,"12":2,"13":2,"14":0,"15":2,"16":2,"17":2,"18":2,"19":2,"20":2,"21":2,"22":2,"23":0,"24":0,"25":2,"26":2,"27":2,"28":0,"29":0,"30":2,"31":1},"f":{"0":3,"1":1},"b":{"0":[2,1],"1":[3,0],"2":[2,1],"3":[1,2],"4":[3,2,2],"5":[0,2],"6":[1,0]}}
,"/home/sagar-y-j/Desktop/Projects/taskflow/backend/actions/verifySignup.ts": {"path":"/home/sagar-y-j/Desktop/Projects/taskflow/backend/actions/verifySignup.ts","statementMap":{"0":{"start":{"line":25,"column":0},"end":{"line":25,"column":7}},"1":{"start":{"line":117,"column":0},"end":{"line":117,"column":7}},"2":{"start":{"line":1,"column":0},"end":{"line":1,"column":39}},"3":{"start":{"line":2,"column":0},"end":{"line":2,"column":49}},"4":{"start":{"line":3,"column":0},"end":{"line":3,"column":51}},"5":{"start":{"line":4,"column":0},"end":{"line":4,"column":48}},"6":{"start":{"line":5,"column":0},"end":{"line":5,"column":65}},"7":{"start":{"line":26,"column":16},"end":{"line":26,"column":87}},"8":{"start":{"line":27,"column":14},"end":{"line":27,"column":67}},"9":{"start":{"line":29,"column":2},"end":{"line":31,"column":3}},"10":{"start":{"line":30,"column":4},"end":{"line":30,"column":null}},"11":{"start":{"line":33,"column":17},"end":{"line":33,"column":37}},"12":{"start":{"line":35,"column":2},"end":{"line":114,"column":3}},"13":{"start":{"line":36,"column":4},"end":{"line":36,"column":null}},"14":{"start":{"line":38,"column":31},"end":{"line":55,"column":null}},"15":{"start":{"line":58,"column":25},"end":{"line":58,"column":51}},"16":{"start":{"line":59,"column":4},"end":{"line":61,"column":5}},"17":{"start":{"line":60,"column":6},"end":{"line":60,"column":null}},"18":{"start":{"line":63,"column":16},"end":{"line":63,"column":26}},"19":{"start":{"line":64,"column":22},"end":{"line":64,"column":65}},"20":{"start":{"line":66,"column":4},"end":{"line":68,"column":5}},"21":{"start":{"line":67,"column":6},"end":{"line":67,"column":null}},"22":{"start":{"line":70,"column":25},"end":{"line":70,"column":93}},"23":{"start":{"line":71,"column":4},"end":{"line":73,"column":5}},"24":{"start":{"line":72,"column":6},"end":{"line":72,"column":null}},"25":{"start":{"line":75,"column":24},"end":{"line":85,"column":null}},"26":{"start":{"line":88,"column":17},"end":{"line":88,"column":36}},"27":{"start":{"line":90,"column":4},"end":{"line":90,"column":null}},"28":{"start":{"line":91,"column":4},"end":{"line":91,"column":null}},"29":{"start":{"line":93,"column":4},"end":{"line":93,"column":null}},"30":{"start":{"line":95,"column":4},"end":{"line":99,"column":5}},"31":{"start":{"line":96,"column":6},"end":{"line":96,"column":null}},"32":{"start":{"line":98,"column":6},"end":{"line":98,"column":null}},"33":{"start":{"line":101,"column":4},"end":{"line":108,"column":null}},"34":{"start":{"line":110,"column":4},"end":{"line":110,"column":null}},"35":{"start":{"line":111,"column":4},"end":{"line":111,"column":null}},"36":{"start":{"line":113,"column":4},"end":{"line":113,"column":null}},"37":{"start":{"line":118,"column":2},"end":{"line":118,"column":null}}},"fnMap":{"0":{"name":"verifySignupAction","decl":{"start":{"line":25,"column":22},"end":{"line":25,"column":40}},"loc":{"start":{"line":25,"column":65},"end":{"line":115,"column":1}}},"1":{"name":"handler","decl":{"start":{"line":117,"column":22},"end":{"line":117,"column":29}},"loc":{"start":{"line":117,"column":73},"end":{"line":119,"column":1}}}},"branchMap":{"0":{"loc":{"start":{"line":26,"column":16},"end":{"line":26,"column":87}},"type":"cond-expr","locations":[{"start":{"line":26,"column":50},"end":{"line":26,"column":82}},{"start":{"line":26,"column":85},"end":{"line":26,"column":87}}]},"1":{"loc":{"start":{"line":27,"column":14},"end":{"line":27,"column":67}},"type":"cond-expr","locations":[{"start":{"line":27,"column":46},"end":{"line":27,"column":62}},{"start":{"line":27,"column":65},"end":{"line":27,"column":67}}]},"2":{"loc":{"start":{"line":29,"column":2},"end":{"line":31,"column":3}},"type":"if","locations":[{"start":{"line":29,"column":2},"end":{"line":31,"column":3}},{"start":{},"end":{}}]},"3":{"loc":{"start":{"line":29,"column":6},"end":{"line":29,"column":20}},"type":"binary-expr","locations":[{"start":{"line":29,"column":6},"end":{"line":29,"column":12}},{"start":{"line":29,"column":16},"end":{"line":29,"column":20}}]},"4":{"loc":{"start":{"line":59,"column":4},"end":{"line":61,"column":5}},"type":"if","locations":[{"start":{"line":59,"column":4},"end":{"line":61,"column":5}},{"start":{},"end":{}}]},"5":{"loc":{"start":{"line":66,"column":4},"end":{"line":68,"column":5}},"type":"if","locations":[{"start":{"line":66,"column":4},"end":{"line":68,"column":5}},{"start":{},"end":{}}]},"6":{"loc":{"start":{"line":66,"column":8},"end":{"line":66,"column":108}},"type":"binary-expr","locations":[{"start":{"line":66,"column":8},"end":{"line":66,"column":29}},{"start":{"line":66,"column":33},"end":{"line":66,"column":62}},{"start":{"line":66,"column":66},"end":{"line":66,"column":89}},{"start":{"line":66,"column":93},"end":{"line":66,"column":108}}]},"7":{"loc":{"start":{"line":71,"column":4},"end":{"line":73,"column":5}},"type":"if","locations":[{"start":{"line":71,"column":4},"end":{"line":73,"column":5}},{"start":{},"end":{}}]},"8":{"loc":{"start":{"line":118,"column":28},"end":{"line":118,"column":45}},"type":"binary-expr","locations":[{"start":{"line":118,"column":28},"end":{"line":118,"column":39}},{"start":{"line":118,"column":43},"end":{"line":118,"column":45}}]}},"s":{"0":1,"1":1,"2":1,"3":1,"4":1,"5":1,"6":1,"7":3,"8":3,"9":3,"10":1,"11":2,"12":2,"13":2,"14":2,"15":2,"16":2,"17":0,"18":2,"19":2,"20":2,"21":0,"22":2,"23":2,"24":0,"25":2,"26":2,"27":2,"28":2,"29":2,"30":2,"31":2,"32":0,"33":2,"34":0,"35":0,"36":2,"37":1},"f":{"0":3,"1":1},"b":{"0":[3,0],"1":[2,1],"2":[1,2],"3":[3,3],"4":[0,2],"5":[0,2],"6":[2,2,2,2],"7":[0,2],"8":[1,0]}}
,"/home/sagar-y-j/Desktop/Projects/taskflow/backend/src/app.ts": {"path":"/home/sagar-y-j/Desktop/Projects/taskflow/backend/src/app.ts","statementMap":{"0":{"start":{"line":1,"column":0},"end":{"line":1,"column":23}},"1":{"start":{"line":2,"column":0},"end":{"line":2,"column":29}},"2":{"start":{"line":3,"column":0},"end":{"line":3,"column":76}},"3":{"start":{"line":4,"column":0},"end":{"line":4,"column":73}},"4":{"start":{"line":5,"column":0},"end":{"line":5,"column":55}},"5":{"start":{"line":6,"column":0},"end":{"line":6,"column":64}},"6":{"start":{"line":8,"column":13},"end":{"line":8,"column":null}},"7":{"start":{"line":10,"column":0},"end":{"line":10,"column":null}},"8":{"start":{"line":11,"column":0},"end":{"line":11,"column":null}},"9":{"start":{"line":13,"column":0},"end":{"line":15,"column":null}},"10":{"start":{"line":14,"column":2},"end":{"line":14,"column":null}},"11":{"start":{"line":17,"column":0},"end":{"line":17,"column":null}},"12":{"start":{"line":18,"column":0},"end":{"line":18,"column":null}},"13":{"start":{"line":19,"column":0},"end":{"line":19,"column":null}},"14":{"start":{"line":20,"column":0},"end":{"line":20,"column":null}},"15":{"start":{"line":22,"column":0},"end":{"line":22,"column":null}}},"fnMap":{"0":{"name":"(anonymous_1)","decl":{"start":{"line":13,"column":23},"end":{"line":13,"column":24}},"loc":{"start":{"line":13,"column":46},"end":{"line":15,"column":1}}}},"branchMap":{},"s":{"0":1,"1":1,"2":1,"3":1,"4":1,"5":1,"6":1,"7":1,"8":1,"9":1,"10":1,"11":1,"12":1,"13":1,"14":1,"15":1},"f":{"0":1},"b":{}}
,"/home/sagar-y-j/Desktop/Projects/taskflow/backend/src/config/db.ts": {"path":"/home/sagar-y-j/Desktop/Projects/taskflow/backend/src/config/db.ts","statementMap":{"0":{"start":{"line":1,"column":0},"end":{"line":1,"column":27}},"1":{"start":{"line":2,"column":0},"end":{"line":2,"column":25}},"2":{"start":{"line":4,"column":0},"end":{"line":4,"column":null}},"3":{"start":{"line":5,"column":0},"end":{"line":5,"column":null}},"4":{"start":{"line":7,"column":13},"end":{"line":13,"column":null}}},"fnMap":{},"branchMap":{"0":{"loc":{"start":{"line":8,"column":8},"end":{"line":8,"column":41}},"type":"binary-expr","locations":[{"start":{"line":8,"column":8},"end":{"line":8,"column":27}},{"start":{"line":8,"column":31},"end":{"line":8,"column":41}}]},"1":{"loc":{"start":{"line":9,"column":12},"end":{"line":9,"column":57}},"type":"binary-expr","locations":[{"start":{"line":9,"column":12},"end":{"line":9,"column":35}},{"start":{"line":9,"column":39},"end":{"line":9,"column":57}}]},"2":{"loc":{"start":{"line":10,"column":8},"end":{"line":10,"column":42}},"type":"binary-expr","locations":[{"start":{"line":10,"column":8},"end":{"line":10,"column":27}},{"start":{"line":10,"column":31},"end":{"line":10,"column":42}}]},"3":{"loc":{"start":{"line":11,"column":15},"end":{"line":11,"column":42}},"type":"binary-expr","locations":[{"start":{"line":11,"column":15},"end":{"line":11,"column":34}},{"start":{"line":11,"column":38},"end":{"line":11,"column":42}}]},"4":{"loc":{"start":{"line":12,"column":12},"end":{"line":12,"column":45}},"type":"binary-expr","locations":[{"start":{"line":12,"column":12},"end":{"line":12,"column":31}},{"start":{"line":12,"column":35},"end":{"line":12,"column":45}}]}},"s":{"0":1,"1":1,"2":1,"3":1,"4":1},"f":{},"b":{"0":[1,0],"1":[1,0],"2":[1,0],"3":[1,0],"4":[1,0]}}
,"/home/sagar-y-j/Desktop/Projects/taskflow/backend/src/config/index.ts": {"path":"/home/sagar-y-j/Desktop/Projects/taskflow/backend/src/config/index.ts","statementMap":{"0":{"start":{"line":1,"column":0},"end":{"line":1,"column":27}},"1":{"start":{"line":3,"column":0},"end":{"line":3,"column":null}},"2":{"start":{"line":4,"column":0},"end":{"line":4,"column":null}},"3":{"start":{"line":6,"column":13},"end":{"line":8,"column":null}}},"fnMap":{},"branchMap":{"0":{"loc":{"start":{"line":7,"column":15},"end":{"line":7,"column":43}},"type":"binary-expr","locations":[{"start":{"line":7,"column":15},"end":{"line":7,"column":35}},{"start":{"line":7,"column":39},"end":{"line":7,"column":43}}]}},"s":{"0":2,"1":2,"2":2,"3":2},"f":{},"b":{"0":[2,0]}}
,"/home/sagar-y-j/Desktop/Projects/taskflow/backend/src/lib/auth.ts": {"path":"/home/sagar-y-j/Desktop/Projects/taskflow/backend/src/lib/auth.ts","statementMap":{"0":{"start":{"line":38,"column":0},"end":{"line":38,"column":16}},"1":{"start":{"line":44,"column":0},"end":{"line":44,"column":7}},"2":{"start":{"line":59,"column":0},"end":{"line":59,"column":16}},"3":{"start":{"line":83,"column":0},"end":{"line":83,"column":16}},"4":{"start":{"line":1,"column":0},"end":{"line":1,"column":27}},"5":{"start":{"line":2,"column":0},"end":{"line":2,"column":29}},"6":{"start":{"line":4,"column":21},"end":{"line":4,"column":93}},"7":{"start":{"line":5,"column":32},"end":{"line":5,"column":62}},"8":{"start":{"line":22,"column":2},"end":{"line":26,"column":null}},"9":{"start":{"line":30,"column":21},"end":{"line":33,"column":49}},"10":{"start":{"line":35,"column":2},"end":{"line":35,"column":null}},"11":{"start":{"line":39,"column":15},"end":{"line":39,"column":53}},"12":{"start":{"line":40,"column":15},"end":{"line":40,"column":68}},"13":{"start":{"line":41,"column":2},"end":{"line":41,"column":null}},"14":{"start":{"line":45,"column":2},"end":{"line":47,"column":3}},"15":{"start":{"line":46,"column":4},"end":{"line":46,"column":null}},"16":{"start":{"line":49,"column":31},"end":{"line":49,"column":52}},"17":{"start":{"line":50,"column":2},"end":{"line":50,"column":null}},"18":{"start":{"line":50,"column":30},"end":{"line":50,"column":null}},"19":{"start":{"line":52,"column":24},"end":{"line":52,"column":77}},"20":{"start":{"line":53,"column":2},"end":{"line":56,"column":null}},"21":{"start":{"line":60,"column":17},"end":{"line":60,"column":74}},"22":{"start":{"line":61,"column":14},"end":{"line":61,"column":43}},"23":{"start":{"line":62,"column":18},"end":{"line":73,"column":null}},"24":{"start":{"line":76,"column":20},"end":{"line":77,"column":null}},"25":{"start":{"line":80,"column":2},"end":{"line":80,"column":null}},"26":{"start":{"line":84,"column":39},"end":{"line":84,"column":55}},"27":{"start":{"line":85,"column":2},"end":{"line":85,"column":null}},"28":{"start":{"line":85,"column":41},"end":{"line":85,"column":null}},"29":{"start":{"line":87,"column":28},"end":{"line":88,"column":null}},"30":{"start":{"line":91,"column":2},"end":{"line":91,"column":null}},"31":{"start":{"line":91,"column":39},"end":{"line":91,"column":null}},"32":{"start":{"line":93,"column":18},"end":{"line":93,"column":67}},"33":{"start":{"line":95,"column":2},"end":{"line":97,"column":3}},"34":{"start":{"line":96,"column":4},"end":{"line":96,"column":null}},"35":{"start":{"line":99,"column":2},"end":{"line":99,"column":null}}},"fnMap":{"0":{"name":"toBase64Url","decl":{"start":{"line":21,"column":9},"end":{"line":21,"column":20}},"loc":{"start":{"line":21,"column":43},"end":{"line":27,"column":1}}},"1":{"name":"fromBase64Url","decl":{"start":{"line":29,"column":9},"end":{"line":29,"column":22}},"loc":{"start":{"line":29,"column":36},"end":{"line":36,"column":1}}},"2":{"name":"hashPassword","decl":{"start":{"line":38,"column":16},"end":{"line":38,"column":28}},"loc":{"start":{"line":38,"column":45},"end":{"line":42,"column":1}}},"3":{"name":"verifyPassword","decl":{"start":{"line":44,"column":22},"end":{"line":44,"column":36}},"loc":{"start":{"line":44,"column":73},"end":{"line":57,"column":1}}},"4":{"name":"createAuthToken","decl":{"start":{"line":59,"column":16},"end":{"line":59,"column":31}},"loc":{"start":{"line":59,"column":61},"end":{"line":81,"column":1}}},"5":{"name":"verifyAuthToken","decl":{"start":{"line":83,"column":16},"end":{"line":83,"column":31}},"loc":{"start":{"line":83,"column":45},"end":{"line":100,"column":1}}}},"branchMap":{"0":{"loc":{"start":{"line":4,"column":21},"end":{"line":4,"column":93}},"type":"binary-expr","locations":[{"start":{"line":4,"column":21},"end":{"line":4,"column":50}},{"start":{"line":4,"column":54},"end":{"line":4,"column":93}}]},"1":{"loc":{"start":{"line":45,"column":2},"end":{"line":47,"column":3}},"type":"if","locations":[{"start":{"line":45,"column":2},"end":{"line":47,"column":3}},{"start":{},"end":{}}]},"2":{"loc":{"start":{"line":45,"column":6},"end":{"line":45,"column":101}},"type":"binary-expr","locations":[{"start":{"line":45,"column":6},"end":{"line":45,"column":35}},{"start":{"line":45,"column":39},"end":{"line":45,"column":68}},{"start":{"line":45,"column":72},"end":{"line":45,"column":101}}]},"3":{"loc":{"start":{"line":50,"column":2},"end":{"line":50,"column":null}},"type":"if","locations":[{"start":{"line":50,"column":2},"end":{"line":50,"column":null}},{"start":{},"end":{}}]},"4":{"loc":{"start":{"line":50,"column":6},"end":{"line":50,"column":28}},"type":"binary-expr","locations":[{"start":{"line":50,"column":6},"end":{"line":50,"column":11}},{"start":{"line":50,"column":15},"end":{"line":50,"column":28}}]},"5":{"loc":{"start":{"line":85,"column":2},"end":{"line":85,"column":null}},"type":"if","locations":[{"start":{"line":85,"column":2},"end":{"line":85,"column":null}},{"start":{},"end":{}}]},"6":{"loc":{"start":{"line":85,"column":6},"end":{"line":85,"column":39}},"type":"binary-expr","locations":[{"start":{"line":85,"column":6},"end":{"line":85,"column":13}},{"start":{"line":85,"column":17},"end":{"line":85,"column":25}},{"start":{"line":85,"column":29},"end":{"line":85,"column":39}}]},"7":{"loc":{"start":{"line":91,"column":2},"end":{"line":91,"column":null}},"type":"if","locations":[{"start":{"line":91,"column":2},"end":{"line":91,"column":null}},{"start":{},"end":{}}]},"8":{"loc":{"start":{"line":95,"column":2},"end":{"line":97,"column":3}},"type":"if","locations":[{"start":{"line":95,"column":2},"end":{"line":97,"column":3}},{"start":{},"end":{}}]}},"s":{"0":1,"1":1,"2":1,"3":1,"4":1,"5":1,"6":1,"7":1,"8":8,"9":1,"10":1,"11":1,"12":1,"13":1,"14":2,"15":0,"16":2,"17":2,"18":0,"19":2,"20":2,"21":2,"22":2,"23":2,"24":2,"25":2,"26":2,"27":2,"28":0,"29":2,"30":2,"31":1,"32":1,"33":1,"34":0,"35":1},"f":{"0":8,"1":1,"2":1,"3":2,"4":2,"5":2},"b":{"0":[1,1],"1":[0,2],"2":[2,2,2],"3":[0,2],"4":[2,2],"5":[0,2],"6":[2,2,2],"7":[1,1],"8":[0,1]}}
,"/home/sagar-y-j/Desktop/Projects/taskflow/backend/src/lib/email.ts": {"path":"/home/sagar-y-j/Desktop/Projects/taskflow/backend/src/lib/email.ts","statementMap":{"0":{"start":{"line":55,"column":0},"end":{"line":55,"column":7}},"1":{"start":{"line":93,"column":0},"end":{"line":93,"column":7}},"2":{"start":{"line":1,"column":0},"end":{"line":1,"column":65}},"3":{"start":{"line":3,"column":15},"end":{"line":3,"column":79}},"4":{"start":{"line":4,"column":18},"end":{"line":4,"column":44}},"5":{"start":{"line":6,"column":18},"end":{"line":6,"column":43}},"6":{"start":{"line":9,"column":2},"end":{"line":11,"column":3}},"7":{"start":{"line":10,"column":4},"end":{"line":10,"column":null}},"8":{"start":{"line":13,"column":2},"end":{"line":13,"column":null}},"9":{"start":{"line":27,"column":17},"end":{"line":27,"column":31}},"10":{"start":{"line":29,"column":2},"end":{"line":52,"column":null}},"11":{"start":{"line":64,"column":18},"end":{"line":64,"column":46}},"12":{"start":{"line":65,"column":15},"end":{"line":75,"column":14}},"13":{"start":{"line":77,"column":15},"end":{"line":88,"column":null}},"14":{"start":{"line":90,"column":2},"end":{"line":90,"column":null}},"15":{"start":{"line":100,"column":18},"end":{"line":100,"column":39}},"16":{"start":{"line":101,"column":15},"end":{"line":110,"column":14}},"17":{"start":{"line":112,"column":15},"end":{"line":126,"column":null}},"18":{"start":{"line":128,"column":2},"end":{"line":128,"column":null}},"19":{"start":{"line":132,"column":2},"end":{"line":137,"column":null}}},"fnMap":{"0":{"name":"ensureSender","decl":{"start":{"line":8,"column":9},"end":{"line":8,"column":21}},"loc":{"start":{"line":8,"column":21},"end":{"line":14,"column":1}}},"1":{"name":"sendEmail","decl":{"start":{"line":16,"column":15},"end":{"line":16,"column":24}},"loc":{"start":{"line":26,"column":1},"end":{"line":53,"column":1}}},"2":{"name":"sendVerificationCodeEmail","decl":{"start":{"line":55,"column":22},"end":{"line":55,"column":47}},"loc":{"start":{"line":63,"column":1},"end":{"line":91,"column":1}}},"3":{"name":"sendWelcomeEmail","decl":{"start":{"line":93,"column":22},"end":{"line":93,"column":38}},"loc":{"start":{"line":99,"column":1},"end":{"line":129,"column":1}}},"4":{"name":"escapeHtml","decl":{"start":{"line":131,"column":9},"end":{"line":131,"column":19}},"loc":{"start":{"line":131,"column":33},"end":{"line":138,"column":1}}}},"branchMap":{"0":{"loc":{"start":{"line":3,"column":15},"end":{"line":3,"column":79}},"type":"binary-expr","locations":[{"start":{"line":3,"column":15},"end":{"line":3,"column":37}},{"start":{"line":3,"column":41},"end":{"line":3,"column":63}},{"start":{"line":3,"column":67},"end":{"line":3,"column":79}}]},"1":{"loc":{"start":{"line":9,"column":2},"end":{"line":11,"column":3}},"type":"if","locations":[{"start":{"line":9,"column":2},"end":{"line":11,"column":3}},{"start":{},"end":{}}]}},"s":{"0":2,"1":2,"2":2,"3":2,"4":2,"5":2,"6":2,"7":1,"8":1,"9":2,"10":1,"11":1,"12":1,"13":1,"14":1,"15":1,"16":1,"17":1,"18":1,"19":2},"f":{"0":2,"1":2,"2":1,"3":1,"4":2},"b":{"0":[2,2,2],"1":[1,1]}}
,"/home/sagar-y-j/Desktop/Projects/taskflow/backend/src/lib/httpError.ts": {"path":"/home/sagar-y-j/Desktop/Projects/taskflow/backend/src/lib/httpError.ts","statementMap":{"0":{"start":{"line":6,"column":4},"end":{"line":6,"column":null}},"1":{"start":{"line":3,"column":20},"end":{"line":3,"column":38}},"2":{"start":{"line":1,"column":0},"end":{"line":1,"column":13}}},"fnMap":{"0":{"name":"(anonymous_0)","decl":{"start":{"line":2,"column":2},"end":{"line":2,"column":null}},"loc":{"start":{"line":4,"column":19},"end":{"line":7,"column":3}}}},"branchMap":{},"s":{"0":8,"1":8,"2":5},"f":{"0":8},"b":{}}
,"/home/sagar-y-j/Desktop/Projects/taskflow/backend/src/lib/workflow.ts": {"path":"/home/sagar-y-j/Desktop/Projects/taskflow/backend/src/lib/workflow.ts","statementMap":{"0":{"start":{"line":3,"column":0},"end":{"line":3,"column":7}},"1":{"start":{"line":1,"column":0},"end":{"line":1,"column":35}},"2":{"start":{"line":4,"column":19},"end":{"line":8,"column":null}},"3":{"start":{"line":10,"column":2},"end":{"line":27,"column":3}},"4":{"start":{"line":11,"column":4},"end":{"line":26,"column":null}}},"fnMap":{"0":{"name":"seedDefaultWorkflowStatuses","decl":{"start":{"line":3,"column":22},"end":{"line":3,"column":49}},"loc":{"start":{"line":3,"column":64},"end":{"line":28,"column":1}}}},"branchMap":{},"s":{"0":1,"1":1,"2":1,"3":1,"4":3},"f":{"0":1},"b":{}}
,"/home/sagar-y-j/Desktop/Projects/taskflow/backend/src/middlewares/error.middleware.ts": {"path":"/home/sagar-y-j/Desktop/Projects/taskflow/backend/src/middlewares/error.middleware.ts","statementMap":{"0":{"start":{"line":7,"column":0},"end":{"line":7,"column":16}},"1":{"start":{"line":13,"column":21},"end":{"line":13,"column":44}},"2":{"start":{"line":14,"column":18},"end":{"line":14,"column":50}},"3":{"start":{"line":16,"column":2},"end":{"line":16,"column":null}}},"fnMap":{"0":{"name":"errorMiddleware","decl":{"start":{"line":7,"column":16},"end":{"line":7,"column":31}},"loc":{"start":{"line":11,"column":21},"end":{"line":17,"column":1}}}},"branchMap":{"0":{"loc":{"start":{"line":13,"column":21},"end":{"line":13,"column":44}},"type":"binary-expr","locations":[{"start":{"line":13,"column":21},"end":{"line":13,"column":37}},{"start":{"line":13,"column":41},"end":{"line":13,"column":44}}]},"1":{"loc":{"start":{"line":14,"column":18},"end":{"line":14,"column":50}},"type":"binary-expr","locations":[{"start":{"line":14,"column":18},"end":{"line":14,"column":31}},{"start":{"line":14,"column":35},"end":{"line":14,"column":50}}]}},"s":{"0":1,"1":2,"2":2,"3":2},"f":{"0":2},"b":{"0":[2,1],"1":[2,1]}}
,"/home/sagar-y-j/Desktop/Projects/taskflow/backend/src/modules/auth/auth.controller.ts": {"path":"/home/sagar-y-j/Desktop/Projects/taskflow/backend/src/modules/auth/auth.controller.ts","statementMap":{"0":{"start":{"line":14,"column":0},"end":{"line":14,"column":7}},"1":{"start":{"line":23,"column":0},"end":{"line":23,"column":7}},"2":{"start":{"line":32,"column":0},"end":{"line":32,"column":7}},"3":{"start":{"line":41,"column":0},"end":{"line":41,"column":7}},"4":{"start":{"line":50,"column":0},"end":{"line":50,"column":7}},"5":{"start":{"line":2,"column":0},"end":{"line":2,"column":64}},"6":{"start":{"line":3,"column":0},"end":{"line":3,"column":66}},"7":{"start":{"line":4,"column":0},"end":{"line":4,"column":70}},"8":{"start":{"line":7,"column":2},"end":{"line":9,"column":3}},"9":{"start":{"line":8,"column":4},"end":{"line":8,"column":null}},"10":{"start":{"line":11,"column":2},"end":{"line":11,"column":null}},"11":{"start":{"line":15,"column":2},"end":{"line":20,"column":3}},"12":{"start":{"line":16,"column":20},"end":{"line":16,"column":66}},"13":{"start":{"line":17,"column":4},"end":{"line":17,"column":null}},"14":{"start":{"line":19,"column":4},"end":{"line":19,"column":null}},"15":{"start":{"line":24,"column":2},"end":{"line":29,"column":3}},"16":{"start":{"line":25,"column":20},"end":{"line":25,"column":65}},"17":{"start":{"line":26,"column":4},"end":{"line":26,"column":null}},"18":{"start":{"line":28,"column":4},"end":{"line":28,"column":null}},"19":{"start":{"line":33,"column":2},"end":{"line":38,"column":3}},"20":{"start":{"line":34,"column":20},"end":{"line":34,"column":71}},"21":{"start":{"line":35,"column":4},"end":{"line":35,"column":null}},"22":{"start":{"line":37,"column":4},"end":{"line":37,"column":null}},"23":{"start":{"line":42,"column":2},"end":{"line":47,"column":3}},"24":{"start":{"line":43,"column":20},"end":{"line":43,"column":73}},"25":{"start":{"line":44,"column":4},"end":{"line":44,"column":null}},"26":{"start":{"line":46,"column":4},"end":{"line":46,"column":null}},"27":{"start":{"line":51,"column":2},"end":{"line":56,"column":3}},"28":{"start":{"line":52,"column":20},"end":{"line":52,"column":74}},"29":{"start":{"line":53,"column":4},"end":{"line":53,"column":null}},"30":{"start":{"line":55,"column":4},"end":{"line":55,"column":null}}},"fnMap":{"0":{"name":"getActionInput","decl":{"start":{"line":6,"column":9},"end":{"line":6,"column":23}},"loc":{"start":{"line":6,"column":37},"end":{"line":12,"column":1}}},"1":{"name":"signup","decl":{"start":{"line":14,"column":22},"end":{"line":14,"column":28}},"loc":{"start":{"line":14,"column":85},"end":{"line":21,"column":1}}},"2":{"name":"login","decl":{"start":{"line":23,"column":22},"end":{"line":23,"column":27}},"loc":{"start":{"line":23,"column":84},"end":{"line":30,"column":1}}},"3":{"name":"me","decl":{"start":{"line":32,"column":22},"end":{"line":32,"column":24}},"loc":{"start":{"line":32,"column":81},"end":{"line":39,"column":1}}},"4":{"name":"startSignup","decl":{"start":{"line":41,"column":22},"end":{"line":41,"column":33}},"loc":{"start":{"line":41,"column":90},"end":{"line":48,"column":1}}},"5":{"name":"verifySignup","decl":{"start":{"line":50,"column":22},"end":{"line":50,"column":34}},"loc":{"start":{"line":50,"column":91},"end":{"line":57,"column":1}}}},"branchMap":{"0":{"loc":{"start":{"line":7,"column":2},"end":{"line":9,"column":3}},"type":"if","locations":[{"start":{"line":7,"column":2},"end":{"line":9,"column":3}},{"start":{},"end":{}}]},"1":{"loc":{"start":{"line":7,"column":6},"end":{"line":7,"column":57}},"type":"binary-expr","locations":[{"start":{"line":7,"column":6},"end":{"line":7,"column":10}},{"start":{"line":7,"column":14},"end":{"line":7,"column":38}},{"start":{"line":7,"column":42},"end":{"line":7,"column":57}}]},"2":{"loc":{"start":{"line":8,"column":12},"end":{"line":8,"column":68}},"type":"binary-expr","locations":[{"start":{"line":8,"column":12},"end":{"line":8,"column":62}},{"start":{"line":8,"column":66},"end":{"line":8,"column":68}}]},"3":{"loc":{"start":{"line":11,"column":10},"end":{"line":11,"column":60}},"type":"binary-expr","locations":[{"start":{"line":11,"column":10},"end":{"line":11,"column":54}},{"start":{"line":11,"column":58},"end":{"line":11,"column":60}}]}},"s":{"0":1,"1":1,"2":1,"3":1,"4":1,"5":1,"6":1,"7":1,"8":4,"9":4,"10":0,"11":1,"12":1,"13":1,"14":0,"15":1,"16":1,"17":1,"18":0,"19":1,"20":1,"21":1,"22":0,"23":1,"24":1,"25":1,"26":0,"27":1,"28":1,"29":1,"30":0},"f":{"0":4,"1":1,"2":1,"3":1,"4":1,"5":1},"b":{"0":[4,0],"1":[4,4,4],"2":[4,0],"3":[0,0]}}
,"/home/sagar-y-j/Desktop/Projects/taskflow/backend/src/modules/auth/auth.routes.ts": {"path":"/home/sagar-y-j/Desktop/Projects/taskflow/backend/src/modules/auth/auth.routes.ts","statementMap":{"0":{"start":{"line":1,"column":0},"end":{"line":1,"column":32}},"1":{"start":{"line":2,"column":0},"end":{"line":2,"column":80}},"2":{"start":{"line":4,"column":22},"end":{"line":4,"column":30}},"3":{"start":{"line":16,"column":9},"end":{"line":16,"column":22}},"4":{"start":{"line":5,"column":0},"end":{"line":5,"column":null}},"5":{"start":{"line":6,"column":0},"end":{"line":6,"column":null}},"6":{"start":{"line":7,"column":0},"end":{"line":7,"column":null}},"7":{"start":{"line":9,"column":25},"end":{"line":9,"column":33}},"8":{"start":{"line":16,"column":24},"end":{"line":16,"column":40}},"9":{"start":{"line":10,"column":0},"end":{"line":10,"column":null}},"10":{"start":{"line":11,"column":0},"end":{"line":11,"column":null}},"11":{"start":{"line":12,"column":0},"end":{"line":12,"column":null}},"12":{"start":{"line":13,"column":0},"end":{"line":13,"column":null}},"13":{"start":{"line":14,"column":0},"end":{"line":14,"column":null}}},"fnMap":{},"branchMap":{},"s":{"0":1,"1":1,"2":1,"3":1,"4":1,"5":1,"6":1,"7":1,"8":1,"9":1,"10":1,"11":1,"12":1,"13":1},"f":{},"b":{}}
,"/home/sagar-y-j/Desktop/Projects/taskflow/backend/src/modules/auth/auth.service.ts": {"path":"/home/sagar-y-j/Desktop/Projects/taskflow/backend/src/modules/auth/auth.service.ts","statementMap":{"0":{"start":{"line":23,"column":0},"end":{"line":23,"column":7}},"1":{"start":{"line":54,"column":0},"end":{"line":54,"column":7}},"2":{"start":{"line":88,"column":0},"end":{"line":88,"column":7}},"3":{"start":{"line":1,"column":0},"end":{"line":1,"column":38}},"4":{"start":{"line":2,"column":0},"end":{"line":2,"column":95}},"5":{"start":{"line":3,"column":0},"end":{"line":3,"column":47}},"6":{"start":{"line":4,"column":0},"end":{"line":4,"column":64}},"7":{"start":{"line":8,"column":2},"end":{"line":12,"column":null}},"8":{"start":{"line":16,"column":2},"end":{"line":20,"column":null}},"9":{"start":{"line":24,"column":36},"end":{"line":24,"column":61}},"10":{"start":{"line":26,"column":2},"end":{"line":28,"column":3}},"11":{"start":{"line":27,"column":4},"end":{"line":27,"column":null}},"12":{"start":{"line":30,"column":23},"end":{"line":30,"column":89}},"13":{"start":{"line":31,"column":2},"end":{"line":33,"column":3}},"14":{"start":{"line":32,"column":4},"end":{"line":32,"column":null}},"15":{"start":{"line":35,"column":23},"end":{"line":35,"column":45}},"16":{"start":{"line":36,"column":22},"end":{"line":42,"column":null}},"17":{"start":{"line":45,"column":15},"end":{"line":45,"column":49}},"18":{"start":{"line":46,"column":2},"end":{"line":46,"column":null}},"19":{"start":{"line":48,"column":2},"end":{"line":51,"column":null}},"20":{"start":{"line":55,"column":30},"end":{"line":55,"column":55}},"21":{"start":{"line":57,"column":2},"end":{"line":59,"column":3}},"22":{"start":{"line":58,"column":4},"end":{"line":58,"column":null}},"23":{"start":{"line":61,"column":17},"end":{"line":72,"column":null}},"24":{"start":{"line":75,"column":15},"end":{"line":75,"column":29}},"25":{"start":{"line":76,"column":2},"end":{"line":78,"column":3}},"26":{"start":{"line":77,"column":4},"end":{"line":77,"column":null}},"27":{"start":{"line":80,"column":25},"end":{"line":80,"column":44}},"28":{"start":{"line":82,"column":2},"end":{"line":85,"column":null}},"29":{"start":{"line":89,"column":16},"end":{"line":91,"column":10}},"30":{"start":{"line":93,"column":2},"end":{"line":95,"column":3}},"31":{"start":{"line":94,"column":4},"end":{"line":94,"column":null}},"32":{"start":{"line":97,"column":18},"end":{"line":97,"column":40}},"33":{"start":{"line":98,"column":2},"end":{"line":100,"column":3}},"34":{"start":{"line":99,"column":4},"end":{"line":99,"column":null}},"35":{"start":{"line":102,"column":17},"end":{"line":108,"column":null}},"36":{"start":{"line":111,"column":15},"end":{"line":111,"column":29}},"37":{"start":{"line":112,"column":2},"end":{"line":114,"column":3}},"38":{"start":{"line":113,"column":4},"end":{"line":113,"column":null}},"39":{"start":{"line":116,"column":2},"end":{"line":116,"column":null}}},"fnMap":{"0":{"name":"normalizeAuthInput","decl":{"start":{"line":7,"column":9},"end":{"line":7,"column":27}},"loc":{"start":{"line":7,"column":44},"end":{"line":13,"column":1}}},"1":{"name":"normalizeUser","decl":{"start":{"line":15,"column":9},"end":{"line":15,"column":22}},"loc":{"start":{"line":15,"column":72},"end":{"line":21,"column":1}}},"2":{"name":"signupUser","decl":{"start":{"line":23,"column":22},"end":{"line":23,"column":32}},"loc":{"start":{"line":23,"column":49},"end":{"line":52,"column":1}}},"3":{"name":"loginUser","decl":{"start":{"line":54,"column":22},"end":{"line":54,"column":31}},"loc":{"start":{"line":54,"column":48},"end":{"line":86,"column":1}}},"4":{"name":"getCurrentUser","decl":{"start":{"line":88,"column":22},"end":{"line":88,"column":36}},"loc":{"start":{"line":88,"column":65},"end":{"line":117,"column":1}}}},"branchMap":{"0":{"loc":{"start":{"line":9,"column":10},"end":{"line":9,"column":65}},"type":"cond-expr","locations":[{"start":{"line":9,"column":43},"end":{"line":9,"column":60}},{"start":{"line":9,"column":63},"end":{"line":9,"column":65}}]},"1":{"loc":{"start":{"line":10,"column":11},"end":{"line":10,"column":82}},"type":"cond-expr","locations":[{"start":{"line":10,"column":45},"end":{"line":10,"column":77}},{"start":{"line":10,"column":80},"end":{"line":10,"column":82}}]},"2":{"loc":{"start":{"line":11,"column":14},"end":{"line":11,"column":70}},"type":"cond-expr","locations":[{"start":{"line":11,"column":51},"end":{"line":11,"column":65}},{"start":{"line":11,"column":68},"end":{"line":11,"column":70}}]},"3":{"loc":{"start":{"line":26,"column":2},"end":{"line":28,"column":3}},"type":"if","locations":[{"start":{"line":26,"column":2},"end":{"line":28,"column":3}},{"start":{},"end":{}}]},"4":{"loc":{"start":{"line":26,"column":6},"end":{"line":26,"column":34}},"type":"binary-expr","locations":[{"start":{"line":26,"column":6},"end":{"line":26,"column":11}},{"start":{"line":26,"column":15},"end":{"line":26,"column":21}},{"start":{"line":26,"column":25},"end":{"line":26,"column":34}}]},"5":{"loc":{"start":{"line":31,"column":2},"end":{"line":33,"column":3}},"type":"if","locations":[{"start":{"line":31,"column":2},"end":{"line":33,"column":3}},{"start":{},"end":{}}]},"6":{"loc":{"start":{"line":57,"column":2},"end":{"line":59,"column":3}},"type":"if","locations":[{"start":{"line":57,"column":2},"end":{"line":59,"column":3}},{"start":{},"end":{}}]},"7":{"loc":{"start":{"line":57,"column":6},"end":{"line":57,"column":25}},"type":"binary-expr","locations":[{"start":{"line":57,"column":6},"end":{"line":57,"column":12}},{"start":{"line":57,"column":16},"end":{"line":57,"column":25}}]},"8":{"loc":{"start":{"line":76,"column":2},"end":{"line":78,"column":3}},"type":"if","locations":[{"start":{"line":76,"column":2},"end":{"line":78,"column":3}},{"start":{},"end":{}}]},"9":{"loc":{"start":{"line":76,"column":6},"end":{"line":76,"column":68}},"type":"binary-expr","locations":[{"start":{"line":76,"column":6},"end":{"line":76,"column":11}},{"start":{"line":76,"column":15},"end":{"line":76,"column":68}}]},"10":{"loc":{"start":{"line":89,"column":16},"end":{"line":91,"column":10}},"type":"cond-expr","locations":[{"start":{"line":90,"column":6},"end":{"line":90,"column":49}},{"start":{"line":91,"column":6},"end":{"line":91,"column":10}}]},"11":{"loc":{"start":{"line":93,"column":2},"end":{"line":95,"column":3}},"type":"if","locations":[{"start":{"line":93,"column":2},"end":{"line":95,"column":3}},{"start":{},"end":{}}]},"12":{"loc":{"start":{"line":98,"column":2},"end":{"line":100,"column":3}},"type":"if","locations":[{"start":{"line":98,"column":2},"end":{"line":100,"column":3}},{"start":{},"end":{}}]},"13":{"loc":{"start":{"line":112,"column":2},"end":{"line":114,"column":3}},"type":"if","locations":[{"start":{"line":112,"column":2},"end":{"line":114,"column":3}},{"start":{},"end":{}}]}},"s":{"0":1,"1":1,"2":1,"3":1,"4":1,"5":1,"6":1,"7":3,"8":2,"9":2,"10":2,"11":0,"12":2,"13":2,"14":1,"15":1,"16":1,"17":1,"18":1,"19":1,"20":1,"21":1,"22":0,"23":1,"24":1,"25":1,"26":1,"27":0,"28":0,"29":2,"30":2,"31":1,"32":1,"33":1,"34":0,"35":1,"36":1,"37":1,"38":0,"39":1},"f":{"0":3,"1":2,"2":2,"3":1,"4":2},"b":{"0":[2,1],"1":[3,0],"2":[3,0],"3":[0,2],"4":[2,2,2],"5":[1,1],"6":[0,1],"7":[1,1],"8":[1,0],"9":[1,1],"10":[1,1],"11":[1,1],"12":[0,1],"13":[0,1]}}
,"/home/sagar-y-j/Desktop/Projects/taskflow/backend/src/modules/taskAction/taskAction.controller.ts": {"path":"/home/sagar-y-j/Desktop/Projects/taskflow/backend/src/modules/taskAction/taskAction.controller.ts","statementMap":{"0":{"start":{"line":12,"column":0},"end":{"line":12,"column":7}},"1":{"start":{"line":2,"column":0},"end":{"line":2,"column":62}},"2":{"start":{"line":5,"column":2},"end":{"line":7,"column":3}},"3":{"start":{"line":6,"column":4},"end":{"line":6,"column":null}},"4":{"start":{"line":9,"column":2},"end":{"line":9,"column":null}},"5":{"start":{"line":13,"column":2},"end":{"line":18,"column":3}},"6":{"start":{"line":14,"column":20},"end":{"line":14,"column":110}},"7":{"start":{"line":15,"column":4},"end":{"line":15,"column":null}},"8":{"start":{"line":17,"column":4},"end":{"line":17,"column":null}}},"fnMap":{"0":{"name":"getActionInput","decl":{"start":{"line":4,"column":9},"end":{"line":4,"column":23}},"loc":{"start":{"line":4,"column":37},"end":{"line":10,"column":1}}},"1":{"name":"moveTaskAction","decl":{"start":{"line":12,"column":22},"end":{"line":12,"column":36}},"loc":{"start":{"line":12,"column":93},"end":{"line":19,"column":1}}}},"branchMap":{"0":{"loc":{"start":{"line":5,"column":2},"end":{"line":7,"column":3}},"type":"if","locations":[{"start":{"line":5,"column":2},"end":{"line":7,"column":3}},{"start":{},"end":{}}]},"1":{"loc":{"start":{"line":5,"column":6},"end":{"line":5,"column":57}},"type":"binary-expr","locations":[{"start":{"line":5,"column":6},"end":{"line":5,"column":10}},{"start":{"line":5,"column":14},"end":{"line":5,"column":38}},{"start":{"line":5,"column":42},"end":{"line":5,"column":57}}]},"2":{"loc":{"start":{"line":6,"column":12},"end":{"line":6,"column":68}},"type":"binary-expr","locations":[{"start":{"line":6,"column":12},"end":{"line":6,"column":62}},{"start":{"line":6,"column":66},"end":{"line":6,"column":68}}]},"3":{"loc":{"start":{"line":9,"column":10},"end":{"line":9,"column":60}},"type":"binary-expr","locations":[{"start":{"line":9,"column":10},"end":{"line":9,"column":54}},{"start":{"line":9,"column":58},"end":{"line":9,"column":60}}]}},"s":{"0":1,"1":1,"2":1,"3":1,"4":0,"5":1,"6":1,"7":1,"8":0},"f":{"0":1,"1":1},"b":{"0":[1,0],"1":[1,1,1],"2":[1,0],"3":[0,0]}}
,"/home/sagar-y-j/Desktop/Projects/taskflow/backend/src/modules/taskAction/taskAction.routes.ts": {"path":"/home/sagar-y-j/Desktop/Projects/taskflow/backend/src/modules/taskAction/taskAction.routes.ts","statementMap":{"0":{"start":{"line":1,"column":0},"end":{"line":1,"column":32}},"1":{"start":{"line":2,"column":0},"end":{"line":2,"column":56}},"2":{"start":{"line":4,"column":25},"end":{"line":4,"column":33}},"3":{"start":{"line":8,"column":9},"end":{"line":8,"column":25}},"4":{"start":{"line":6,"column":0},"end":{"line":6,"column":null}}},"fnMap":{},"branchMap":{},"s":{"0":1,"1":1,"2":1,"3":1,"4":1},"f":{},"b":{}}
,"/home/sagar-y-j/Desktop/Projects/taskflow/backend/src/modules/taskAction/taskAction.service.ts": {"path":"/home/sagar-y-j/Desktop/Projects/taskflow/backend/src/modules/taskAction/taskAction.service.ts","statementMap":{"0":{"start":{"line":23,"column":0},"end":{"line":23,"column":7}},"1":{"start":{"line":1,"column":0},"end":{"line":1,"column":38}},"2":{"start":{"line":2,"column":0},"end":{"line":2,"column":48}},"3":{"start":{"line":3,"column":0},"end":{"line":3,"column":47}},"4":{"start":{"line":7,"column":16},"end":{"line":9,"column":10}},"5":{"start":{"line":11,"column":2},"end":{"line":13,"column":3}},"6":{"start":{"line":12,"column":4},"end":{"line":12,"column":null}},"7":{"start":{"line":15,"column":18},"end":{"line":15,"column":40}},"8":{"start":{"line":16,"column":2},"end":{"line":18,"column":3}},"9":{"start":{"line":17,"column":4},"end":{"line":17,"column":null}},"10":{"start":{"line":20,"column":2},"end":{"line":20,"column":null}},"11":{"start":{"line":27,"column":17},"end":{"line":27,"column":87}},"12":{"start":{"line":28,"column":25},"end":{"line":28,"column":119}},"13":{"start":{"line":29,"column":17},"end":{"line":29,"column":64}},"14":{"start":{"line":31,"column":2},"end":{"line":33,"column":3}},"15":{"start":{"line":32,"column":4},"end":{"line":32,"column":null}},"16":{"start":{"line":35,"column":17},"end":{"line":35,"column":37}},"17":{"start":{"line":37,"column":2},"end":{"line":117,"column":3}},"18":{"start":{"line":38,"column":4},"end":{"line":38,"column":null}},"19":{"start":{"line":40,"column":23},"end":{"line":52,"column":null}},"20":{"start":{"line":55,"column":17},"end":{"line":55,"column":35}},"21":{"start":{"line":56,"column":4},"end":{"line":58,"column":5}},"22":{"start":{"line":57,"column":6},"end":{"line":57,"column":null}},"23":{"start":{"line":60,"column":25},"end":{"line":66,"column":null}},"24":{"start":{"line":69,"column":25},"end":{"line":69,"column":45}},"25":{"start":{"line":70,"column":4},"end":{"line":72,"column":5}},"26":{"start":{"line":71,"column":6},"end":{"line":71,"column":null}},"27":{"start":{"line":74,"column":27},"end":{"line":80,"column":null}},"28":{"start":{"line":83,"column":25},"end":{"line":83,"column":73}},"29":{"start":{"line":85,"column":4},"end":{"line":92,"column":null}},"30":{"start":{"line":94,"column":28},"end":{"line":94,"column":81}},"31":{"start":{"line":96,"column":27},"end":{"line":102,"column":null}},"32":{"start":{"line":105,"column":4},"end":{"line":105,"column":null}},"33":{"start":{"line":107,"column":4},"end":{"line":111,"column":null}},"34":{"start":{"line":113,"column":4},"end":{"line":113,"column":null}},"35":{"start":{"line":114,"column":4},"end":{"line":114,"column":null}},"36":{"start":{"line":116,"column":4},"end":{"line":116,"column":null}}},"fnMap":{"0":{"name":"getUserIdFromAuthorization","decl":{"start":{"line":6,"column":9},"end":{"line":6,"column":35}},"loc":{"start":{"line":6,"column":64},"end":{"line":21,"column":1}}},"1":{"name":"moveTaskWithActivityLog","decl":{"start":{"line":23,"column":22},"end":{"line":23,"column":45}},"loc":{"start":{"line":25,"column":30},"end":{"line":118,"column":1}}}},"branchMap":{"0":{"loc":{"start":{"line":7,"column":16},"end":{"line":9,"column":10}},"type":"cond-expr","locations":[{"start":{"line":8,"column":6},"end":{"line":8,"column":49}},{"start":{"line":9,"column":6},"end":{"line":9,"column":10}}]},"1":{"loc":{"start":{"line":11,"column":2},"end":{"line":13,"column":3}},"type":"if","locations":[{"start":{"line":11,"column":2},"end":{"line":13,"column":3}},{"start":{},"end":{}}]},"2":{"loc":{"start":{"line":16,"column":2},"end":{"line":18,"column":3}},"type":"if","locations":[{"start":{"line":16,"column":2},"end":{"line":18,"column":3}},{"start":{},"end":{}}]},"3":{"loc":{"start":{"line":27,"column":17},"end":{"line":27,"column":87}},"type":"cond-expr","locations":[{"start":{"line":27,"column":52},"end":{"line":27,"column":64}},{"start":{"line":27,"column":67},"end":{"line":27,"column":87}}]},"4":{"loc":{"start":{"line":28,"column":25},"end":{"line":28,"column":119}},"type":"cond-expr","locations":[{"start":{"line":28,"column":68},"end":{"line":28,"column":88}},{"start":{"line":28,"column":91},"end":{"line":28,"column":119}}]},"5":{"loc":{"start":{"line":31,"column":2},"end":{"line":33,"column":3}},"type":"if","locations":[{"start":{"line":31,"column":2},"end":{"line":33,"column":3}},{"start":{},"end":{}}]},"6":{"loc":{"start":{"line":31,"column":6},"end":{"line":31,"column":66}},"type":"binary-expr","locations":[{"start":{"line":31,"column":6},"end":{"line":31,"column":30}},{"start":{"line":31,"column":34},"end":{"line":31,"column":66}}]},"7":{"loc":{"start":{"line":56,"column":4},"end":{"line":58,"column":5}},"type":"if","locations":[{"start":{"line":56,"column":4},"end":{"line":58,"column":5}},{"start":{},"end":{}}]},"8":{"loc":{"start":{"line":70,"column":4},"end":{"line":72,"column":5}},"type":"if","locations":[{"start":{"line":70,"column":4},"end":{"line":72,"column":5}},{"start":{},"end":{}}]},"9":{"loc":{"start":{"line":83,"column":26},"end":{"line":83,"column":68}},"type":"binary-expr","locations":[{"start":{"line":83,"column":26},"end":{"line":83,"column":62}},{"start":{"line":83,"column":66},"end":{"line":83,"column":68}}]}},"s":{"0":1,"1":1,"2":1,"3":1,"4":3,"5":3,"6":1,"7":2,"8":2,"9":0,"10":2,"11":3,"12":3,"13":3,"14":2,"15":1,"16":1,"17":1,"18":1,"19":1,"20":1,"21":1,"22":0,"23":1,"24":1,"25":1,"26":0,"27":1,"28":1,"29":1,"30":1,"31":1,"32":1,"33":1,"34":0,"35":0,"36":1},"f":{"0":3,"1":3},"b":{"0":[2,1],"1":[1,2],"2":[0,2],"3":[2,1],"4":[3,0],"5":[1,1],"6":[2,1],"7":[0,1],"8":[0,1],"9":[1,0]}}
,"/home/sagar-y-j/Desktop/Projects/taskflow/backend/src/modules/user/user.controller.ts": {"path":"/home/sagar-y-j/Desktop/Projects/taskflow/backend/src/modules/user/user.controller.ts","statementMap":{"0":{"start":{"line":10,"column":0},"end":{"line":10,"column":7}},"1":{"start":{"line":19,"column":0},"end":{"line":19,"column":7}},"2":{"start":{"line":2,"column":0},"end":{"line":2,"column":53}},"3":{"start":{"line":3,"column":0},"end":{"line":3,"column":46}},"4":{"start":{"line":11,"column":2},"end":{"line":16,"column":3}},"5":{"start":{"line":12,"column":18},"end":{"line":12,"column":34}},"6":{"start":{"line":13,"column":4},"end":{"line":13,"column":null}},"7":{"start":{"line":15,"column":4},"end":{"line":15,"column":null}},"8":{"start":{"line":24,"column":2},"end":{"line":37,"column":3}},"9":{"start":{"line":25,"column":28},"end":{"line":25,"column":40}},"10":{"start":{"line":27,"column":4},"end":{"line":31,"column":5}},"11":{"start":{"line":28,"column":20},"end":{"line":28,"column":95}},"12":{"start":{"line":29,"column":6},"end":{"line":29,"column":null}},"13":{"start":{"line":30,"column":6},"end":{"line":30,"column":null}},"14":{"start":{"line":33,"column":17},"end":{"line":33,"column":50}},"15":{"start":{"line":34,"column":4},"end":{"line":34,"column":null}},"16":{"start":{"line":36,"column":4},"end":{"line":36,"column":null}}},"fnMap":{"0":{"name":"listUsers","decl":{"start":{"line":10,"column":22},"end":{"line":10,"column":31}},"loc":{"start":{"line":10,"column":89},"end":{"line":17,"column":1}}},"1":{"name":"addUser","decl":{"start":{"line":19,"column":22},"end":{"line":19,"column":29}},"loc":{"start":{"line":22,"column":20},"end":{"line":38,"column":1}}}},"branchMap":{"0":{"loc":{"start":{"line":27,"column":4},"end":{"line":31,"column":5}},"type":"if","locations":[{"start":{"line":27,"column":4},"end":{"line":31,"column":5}},{"start":{},"end":{}}]},"1":{"loc":{"start":{"line":27,"column":8},"end":{"line":27,"column":94}},"type":"binary-expr","locations":[{"start":{"line":27,"column":8},"end":{"line":27,"column":32}},{"start":{"line":27,"column":36},"end":{"line":27,"column":61}},{"start":{"line":27,"column":65},"end":{"line":27,"column":77}},{"start":{"line":27,"column":81},"end":{"line":27,"column":94}}]}},"s":{"0":1,"1":1,"2":1,"3":1,"4":1,"5":1,"6":1,"7":0,"8":2,"9":2,"10":2,"11":1,"12":1,"13":1,"14":1,"15":1,"16":1},"f":{"0":1,"1":2},"b":{"0":[1,1],"1":[2,2,2,1]}}
,"/home/sagar-y-j/Desktop/Projects/taskflow/backend/src/modules/user/user.routes.ts": {"path":"/home/sagar-y-j/Desktop/Projects/taskflow/backend/src/modules/user/user.routes.ts","statementMap":{"0":{"start":{"line":1,"column":0},"end":{"line":1,"column":32}},"1":{"start":{"line":2,"column":0},"end":{"line":2,"column":54}},"2":{"start":{"line":4,"column":19},"end":{"line":4,"column":27}},"3":{"start":{"line":9,"column":9},"end":{"line":9,"column":19}},"4":{"start":{"line":6,"column":0},"end":{"line":6,"column":null}},"5":{"start":{"line":7,"column":0},"end":{"line":7,"column":null}}},"fnMap":{},"branchMap":{},"s":{"0":1,"1":1,"2":1,"3":1,"4":1,"5":1},"f":{},"b":{}}
,"/home/sagar-y-j/Desktop/Projects/taskflow/backend/src/modules/user/user.service.ts": {"path":"/home/sagar-y-j/Desktop/Projects/taskflow/backend/src/modules/user/user.service.ts","statementMap":{"0":{"start":{"line":6,"column":0},"end":{"line":6,"column":7}},"1":{"start":{"line":10,"column":0},"end":{"line":10,"column":7}},"2":{"start":{"line":1,"column":0},"end":{"line":1,"column":35}},"3":{"start":{"line":4,"column":22},"end":{"line":4,"column":24}},"4":{"start":{"line":7,"column":2},"end":{"line":7,"column":null}},"5":{"start":{"line":11,"column":21},"end":{"line":15,"column":null}},"6":{"start":{"line":17,"column":2},"end":{"line":17,"column":null}},"7":{"start":{"line":19,"column":2},"end":{"line":19,"column":null}}},"fnMap":{"0":{"name":"getUsers","decl":{"start":{"line":6,"column":22},"end":{"line":6,"column":30}},"loc":{"start":{"line":6,"column":30},"end":{"line":8,"column":1}}},"1":{"name":"createUser","decl":{"start":{"line":10,"column":22},"end":{"line":10,"column":32}},"loc":{"start":{"line":10,"column":55},"end":{"line":20,"column":1}}}},"branchMap":{},"s":{"0":1,"1":1,"2":1,"3":1,"4":1,"5":1,"6":1,"7":1},"f":{"0":1,"1":1},"b":{}}
,"/home/sagar-y-j/Desktop/Projects/taskflow/backend/src/utils/response.ts": {"path":"/home/sagar-y-j/Desktop/Projects/taskflow/backend/src/utils/response.ts","statementMap":{"0":{"start":{"line":3,"column":0},"end":{"line":3,"column":16}},"1":{"start":{"line":4,"column":2},"end":{"line":4,"column":null}}},"fnMap":{"0":{"name":"success","decl":{"start":{"line":3,"column":16},"end":{"line":3,"column":23}},"loc":{"start":{"line":3,"column":72},"end":{"line":5,"column":1}}}},"branchMap":{"0":{"loc":{"start":{"line":3,"column":56},"end":{"line":3,"column":72}},"type":"default-arg","locations":[{"start":{"line":3,"column":69},"end":{"line":3,"column":72}}]}},"s":{"0":1,"1":2},"f":{"0":2},"b":{"0":[1]}}
}
