TN:
SF:actions/startSignup.ts
FN:21,startSignupAction
FN:78,handler
FNF:2
FNH:2
FNDA:3,startSignupAction
FNDA:1,handler
DA:1,1
DA:2,1
DA:3,1
DA:4,1
DA:5,1
DA:21,1
DA:22,3
DA:23,3
DA:24,3
DA:26,3
DA:27,1
DA:30,2
DA:31,2
DA:32,0
DA:35,2
DA:36,2
DA:37,2
DA:39,2
DA:40,2
DA:42,2
DA:50,2
DA:58,2
DA:60,0
DA:61,0
DA:63,2
DA:66,2
DA:67,2
DA:69,0
DA:70,0
DA:73,2
DA:78,1
DA:79,1
LF:32
LH:27
BRDA:22,0,0,2
BRDA:22,0,1,1
BRDA:23,1,0,3
BRDA:23,1,1,0
BRDA:24,2,0,2
BRDA:24,2,1,1
BRDA:26,3,0,1
BRDA:26,3,1,2
BRDA:26,4,0,3
BRDA:26,4,1,2
BRDA:26,4,2,2
BRDA:31,5,0,0
BRDA:31,5,1,2
BRDA:79,6,0,1
BRDA:79,6,1,0
BRF:15
BRH:12
end_of_record
TN:
SF:actions/verifySignup.ts
FN:25,verifySignupAction
FN:117,handler
FNF:2
FNH:2
FNDA:3,verifySignupAction
FNDA:1,handler
DA:1,1
DA:2,1
DA:3,1
DA:4,1
DA:5,1
DA:25,1
DA:26,3
DA:27,3
DA:29,3
DA:30,1
DA:33,2
DA:35,2
DA:36,2
DA:38,2
DA:58,2
DA:59,2
DA:60,0
DA:63,2
DA:64,2
DA:66,2
DA:67,0
DA:70,2
DA:71,2
DA:72,0
DA:75,2
DA:88,2
DA:90,2
DA:91,2
DA:93,2
DA:95,2
DA:96,2
DA:98,0
DA:101,2
DA:110,0
DA:111,0
DA:113,2
DA:117,1
DA:118,1
LF:38
LH:32
BRDA:26,0,0,3
BRDA:26,0,1,0
BRDA:27,1,0,2
BRDA:27,1,1,1
BRDA:29,2,0,1
BRDA:29,2,1,2
BRDA:29,3,0,3
BRDA:29,3,1,3
BRDA:59,4,0,0
BRDA:59,4,1,2
BRDA:66,5,0,0
BRDA:66,5,1,2
BRDA:66,6,0,2
BRDA:66,6,1,2
BRDA:66,6,2,2
BRDA:66,6,3,2
BRDA:71,7,0,0
BRDA:71,7,1,2
BRDA:118,8,0,1
BRDA:118,8,1,0
BRF:20
BRH:15
end_of_record
TN:
SF:src/app.ts
FN:13,(anonymous_1)
FNF:1
FNH:1
FNDA:1,(anonymous_1)
DA:1,1
DA:2,1
DA:3,1
DA:4,1
DA:5,1
DA:6,1
DA:8,1
DA:10,1
DA:11,1
DA:13,1
DA:14,1
DA:17,1
DA:18,1
DA:19,1
DA:20,1
DA:22,1
LF:16
LH:16
BRF:0
BRH:0
end_of_record
TN:
SF:src/config/db.ts
FNF:0
FNH:0
DA:1,1
DA:2,1
DA:4,1
DA:5,1
DA:7,1
LF:5
LH:5
BRDA:8,0,0,1
BRDA:8,0,1,0
BRDA:9,1,0,1
BRDA:9,1,1,0
BRDA:10,2,0,1
BRDA:10,2,1,0
BRDA:11,3,0,1
BRDA:11,3,1,0
BRDA:12,4,0,1
BRDA:12,4,1,0
BRF:10
BRH:5
end_of_record
TN:
SF:src/config/index.ts
FNF:0
FNH:0
DA:1,2
DA:3,2
DA:4,2
DA:6,2
LF:4
LH:4
BRDA:7,0,0,2
BRDA:7,0,1,0
BRF:2
BRH:1
end_of_record
TN:
SF:src/lib/auth.ts
FN:21,toBase64Url
FN:29,fromBase64Url
FN:38,hashPassword
FN:44,verifyPassword
FN:59,createAuthToken
FN:83,verifyAuthToken
FNF:6
FNH:6
FNDA:8,toBase64Url
FNDA:1,fromBase64Url
FNDA:1,hashPassword
FNDA:2,verifyPassword
FNDA:2,createAuthToken
FNDA:2,verifyAuthToken
DA:1,1
DA:2,1
DA:4,1
DA:5,1
DA:22,8
DA:30,1
DA:35,1
DA:38,1
DA:39,1
DA:40,1
DA:41,1
DA:44,1
DA:45,2
DA:46,0
DA:49,2
DA:50,2
DA:52,2
DA:53,2
DA:59,1
DA:60,2
DA:61,2
DA:62,2
DA:76,2
DA:80,2
DA:83,1
DA:84,2
DA:85,2
DA:87,2
DA:91,2
DA:93,1
DA:95,1
DA:96,0
DA:99,1
LF:33
LH:31
BRDA:4,0,0,1
BRDA:4,0,1,1
BRDA:45,1,0,0
BRDA:45,1,1,2
BRDA:45,2,0,2
BRDA:45,2,1,2
BRDA:45,2,2,2
BRDA:50,3,0,0
BRDA:50,3,1,2
BRDA:50,4,0,2
BRDA:50,4,1,2
BRDA:85,5,0,0
BRDA:85,5,1,2
BRDA:85,6,0,2
BRDA:85,6,1,2
BRDA:85,6,2,2
BRDA:91,7,0,1
BRDA:91,7,1,1
BRDA:95,8,0,0
BRDA:95,8,1,1
BRF:20
BRH:16
end_of_record
TN:
SF:src/lib/email.ts
FN:8,ensureSender
FN:16,sendEmail
FN:55,sendVerificationCodeEmail
FN:93,sendWelcomeEmail
FN:131,escapeHtml
FNF:5
FNH:5
FNDA:2,ensureSender
FNDA:2,sendEmail
FNDA:1,sendVerificationCodeEmail
FNDA:1,sendWelcomeEmail
FNDA:2,escapeHtml
DA:1,2
DA:3,2
DA:4,2
DA:6,2
DA:9,2
DA:10,1
DA:13,1
DA:27,2
DA:29,1
DA:55,2
DA:64,1
DA:65,1
DA:77,1
DA:90,1
DA:93,2
DA:100,1
DA:101,1
DA:112,1
DA:128,1
DA:132,2
LF:20
LH:20
BRDA:3,0,0,2
BRDA:3,0,1,2
BRDA:3,0,2,2
BRDA:9,1,0,1
BRDA:9,1,1,1
BRF:5
BRH:5
end_of_record
TN:
SF:src/lib/httpError.ts
FN:2,(anonymous_0)
FNF:1
FNH:1
FNDA:8,(anonymous_0)
DA:1,5
DA:3,8
DA:6,8
LF:3
LH:3
BRF:0
BRH:0
end_of_record
TN:
SF:src/lib/workflow.ts
FN:3,seedDefaultWorkflowStatuses
FNF:1
FNH:1
FNDA:1,seedDefaultWorkflowStatuses
DA:1,1
DA:3,1
DA:4,1
DA:10,1
DA:11,3
LF:5
LH:5
BRF:0
BRH:0
end_of_record
TN:
SF:src/middlewares/error.middleware.ts
FN:7,errorMiddleware
FNF:1
FNH:1
FNDA:2,errorMiddleware
DA:7,1
DA:13,2
DA:14,2
DA:16,2
LF:4
LH:4
BRDA:13,0,0,2
BRDA:13,0,1,1
BRDA:14,1,0,2
BRDA:14,1,1,1
BRF:4
BRH:4
end_of_record
TN:
SF:src/modules/auth/auth.controller.ts
FN:6,getActionInput
FN:14,signup
FN:23,login
FN:32,me
FN:41,startSignup
FN:50,verifySignup
FNF:6
FNH:6
FNDA:4,getActionInput
FNDA:1,signup
FNDA:1,login
FNDA:1,me
FNDA:1,startSignup
FNDA:1,verifySignup
DA:2,1
DA:3,1
DA:4,1
DA:7,4
DA:8,4
DA:11,0
DA:14,1
DA:15,1
DA:16,1
DA:17,1
DA:19,0
DA:23,1
DA:24,1
DA:25,1
DA:26,1
DA:28,0
DA:32,1
DA:33,1
DA:34,1
DA:35,1
DA:37,0
DA:41,1
DA:42,1
DA:43,1
DA:44,1
DA:46,0
DA:50,1
DA:51,1
DA:52,1
DA:53,1
DA:55,0
LF:31
LH:25
BRDA:7,0,0,4
BRDA:7,0,1,0
BRDA:7,1,0,4
BRDA:7,1,1,4
BRDA:7,1,2,4
BRDA:8,2,0,4
BRDA:8,2,1,0
BRDA:11,3,0,0
BRDA:11,3,1,0
BRF:9
BRH:5
end_of_record
TN:
SF:src/modules/auth/auth.routes.ts
FNF:0
FNH:0
DA:1,1
DA:2,1
DA:4,1
DA:5,1
DA:6,1
DA:7,1
DA:9,1
DA:10,1
DA:11,1
DA:12,1
DA:13,1
DA:14,1
DA:16,1
LF:13
LH:13
BRF:0
BRH:0
end_of_record
TN:
SF:src/modules/auth/auth.service.ts
FN:7,normalizeAuthInput
FN:15,normalizeUser
FN:23,signupUser
FN:54,loginUser
FN:88,getCurrentUser
FNF:5
FNH:5
FNDA:3,normalizeAuthInput
FNDA:2,normalizeUser
FNDA:2,signupUser
FNDA:1,loginUser
FNDA:2,getCurrentUser
DA:1,1
DA:2,1
DA:3,1
DA:4,1
DA:8,3
DA:16,2
DA:23,1
DA:24,2
DA:26,2
DA:27,0
DA:30,2
DA:31,2
DA:32,1
DA:35,1
DA:36,1
DA:45,1
DA:46,1
DA:48,1
DA:54,1
DA:55,1
DA:57,1
DA:58,0
DA:61,1
DA:75,1
DA:76,1
DA:77,1
DA:80,0
DA:82,0
DA:88,1
DA:89,2
DA:93,2
DA:94,1
DA:97,1
DA:98,1
DA:99,0
DA:102,1
DA:111,1
DA:112,1
DA:113,0
DA:116,1
LF:40
LH:34
BRDA:9,0,0,2
BRDA:9,0,1,1
BRDA:10,1,0,3
BRDA:10,1,1,0
BRDA:11,2,0,3
BRDA:11,2,1,0
BRDA:26,3,0,0
BRDA:26,3,1,2
BRDA:26,4,0,2
BRDA:26,4,1,2
BRDA:26,4,2,2
BRDA:31,5,0,1
BRDA:31,5,1,1
BRDA:57,6,0,0
BRDA:57,6,1,1
BRDA:57,7,0,1
BRDA:57,7,1,1
BRDA:76,8,0,1
BRDA:76,8,1,0
BRDA:76,9,0,1
BRDA:76,9,1,1
BRDA:89,10,0,1
BRDA:89,10,1,1
BRDA:93,11,0,1
BRDA:93,11,1,1
BRDA:98,12,0,0
BRDA:98,12,1,1
BRDA:112,13,0,0
BRDA:112,13,1,1
BRF:29
BRH:22
end_of_record
TN:
SF:src/modules/taskAction/taskAction.controller.ts
FN:4,getActionInput
FN:12,moveTaskAction
FNF:2
FNH:2
FNDA:1,getActionInput
FNDA:1,moveTaskAction
DA:2,1
DA:5,1
DA:6,1
DA:9,0
DA:12,1
DA:13,1
DA:14,1
DA:15,1
DA:17,0
LF:9
LH:7
BRDA:5,0,0,1
BRDA:5,0,1,0
BRDA:5,1,0,1
BRDA:5,1,1,1
BRDA:5,1,2,1
BRDA:6,2,0,1
BRDA:6,2,1,0
BRDA:9,3,0,0
BRDA:9,3,1,0
BRF:9
BRH:5
end_of_record
TN:
SF:src/modules/taskAction/taskAction.routes.ts
FNF:0
FNH:0
DA:1,1
DA:2,1
DA:4,1
DA:6,1
DA:8,1
LF:5
LH:5
BRF:0
BRH:0
end_of_record
TN:
SF:src/modules/taskAction/taskAction.service.ts
FN:6,getUserIdFromAuthorization
FN:23,moveTaskWithActivityLog
FNF:2
FNH:2
FNDA:3,getUserIdFromAuthorization
FNDA:3,moveTaskWithActivityLog
DA:1,1
DA:2,1
DA:3,1
DA:7,3
DA:11,3
DA:12,1
DA:15,2
DA:16,2
DA:17,0
DA:20,2
DA:23,1
DA:27,3
DA:28,3
DA:29,3
DA:31,2
DA:32,1
DA:35,1
DA:37,1
DA:38,1
DA:40,1
DA:55,1
DA:56,1
DA:57,0
DA:60,1
DA:69,1
DA:70,1
DA:71,0
DA:74,1
DA:83,1
DA:85,1
DA:94,1
DA:96,1
DA:105,1
DA:107,1
DA:113,0
DA:114,0
DA:116,1
LF:37
LH:32
BRDA:7,0,0,2
BRDA:7,0,1,1
BRDA:11,1,0,1
BRDA:11,1,1,2
BRDA:16,2,0,0
BRDA:16,2,1,2
BRDA:27,3,0,2
BRDA:27,3,1,1
BRDA:28,4,0,3
BRDA:28,4,1,0
BRDA:31,5,0,1
BRDA:31,5,1,1
BRDA:31,6,0,2
BRDA:31,6,1,1
BRDA:56,7,0,0
BRDA:56,7,1,1
BRDA:70,8,0,0
BRDA:70,8,1,1
BRDA:83,9,0,1
BRDA:83,9,1,0
BRF:20
BRH:15
end_of_record
TN:
SF:src/modules/user/user.controller.ts
FN:10,listUsers
FN:19,addUser
FNF:2
FNH:2
FNDA:1,listUsers
FNDA:2,addUser
DA:2,1
DA:3,1
DA:10,1
DA:11,1
DA:12,1
DA:13,1
DA:15,0
DA:19,1
DA:24,2
DA:25,2
DA:27,2
DA:28,1
DA:29,1
DA:30,1
DA:33,1
DA:34,1
DA:36,1
LF:17
LH:16
BRDA:27,0,0,1
BRDA:27,0,1,1
BRDA:27,1,0,2
BRDA:27,1,1,2
BRDA:27,1,2,2
BRDA:27,1,3,1
BRF:6
BRH:6
end_of_record
TN:
SF:src/modules/user/user.routes.ts
FNF:0
FNH:0
DA:1,1
DA:2,1
DA:4,1
DA:6,1
DA:7,1
DA:9,1
LF:6
LH:6
BRF:0
BRH:0
end_of_record
TN:
SF:src/modules/user/user.service.ts
FN:6,getUsers
FN:10,createUser
FNF:2
FNH:2
FNDA:1,getUsers
FNDA:1,createUser
DA:1,1
DA:4,1
DA:6,1
DA:7,1
DA:10,1
DA:11,1
DA:17,1
DA:19,1
LF:8
LH:8
BRF:0
BRH:0
end_of_record
TN:
SF:src/utils/response.ts
FN:3,success
FNF:1
FNH:1
FNDA:2,success
DA:3,1
DA:4,2
LF:2
LH:2
BRDA:3,0,0,1
BRF:1
BRH:1
end_of_record
