{
  "stats": {
    "suites": 1,
    "tests": 1,
    "passes": 1,
    "pending": 0,
    "failures": 0,
    "start": "2026-04-07T06:36:54.637Z",
    "end": "2026-04-07T06:36:57.429Z",
    "duration": 2792,
    "testsRegistered": 1,
    "passPercent": 100,
    "pendingPercent": 0,
    "other": 0,
    "hasOther": false,
    "skipped": 0,
    "hasSkipped": false
  },
  "results": [
    {
      "uuid": "142d2053-28d3-4344-a624-2027674c7b9b",
      "title": "",
      "fullFile": "cypress/e2e/features/settings.cy.ts",
      "file": "cypress/e2e/features/settings.cy.ts",
      "beforeHooks": [],
      "afterHooks": [],
      "tests": [],
      "suites": [
        {
          "uuid": "4ab5486f-afae-438b-8eba-731f279fa2dd",
          "title": "Settings feature",
          "fullFile": "",
          "file": "",
          "beforeHooks": [],
          "afterHooks": [],
          "tests": [
            {
              "title": "renders the settings page",
              "fullTitle": "Settings feature renders the settings page",
              "timedOut": null,
              "duration": 2283,
              "state": "passed",
              "speed": "fast",
              "pass": true,
              "fail": false,
              "pending": false,
              "context": null,
              "code": "cy.contains(/settings/i).should('be.visible');",
              "err": {},
              "uuid": "7089c22d-5b2e-4b80-84b8-8f7811944689",
              "parentUUID": "4ab5486f-afae-438b-8eba-731f279fa2dd",
              "isHook": false,
              "skipped": false
            }
          ],
          "suites": [],
          "passes": [
            "7089c22d-5b2e-4b80-84b8-8f7811944689"
          ],
          "failures": [],
          "pending": [],
          "skipped": [],
          "duration": 2283,
          "root": false,
          "rootEmpty": false,
          "_timeout": 2000
        }
      ],
      "passes": [],
      "failures": [],
      "pending": [],
      "skipped": [],
      "duration": 0,
      "root": true,
      "rootEmpty": true,
      "_timeout": 2000
    }
  ],
  "meta": {
    "mocha": {
      "version": "7.2.0"
    },
    "mochawesome": {
      "options": {
        "quiet": false,
        "reportFilename": "mochawesome",
        "saveHtml": false,
        "saveJson": true,
        "consoleReporter": "spec",
        "useInlineDiffs": false,
        "code": true
      },
      "version": "7.1.4"
    },
    "marge": {
      "options": {
        "reportDir": "cypress/reports",
        "overwrite": false,
        "html": false,
        "json": true
      },
      "version": "6.3.2"
    }
  }
}