{
  "stats": {
    "suites": 1,
    "tests": 1,
    "passes": 1,
    "pending": 0,
    "failures": 0,
    "start": "2026-04-07T06:45:15.869Z",
    "end": "2026-04-07T06:45:18.244Z",
    "duration": 2375,
    "testsRegistered": 1,
    "passPercent": 100,
    "pendingPercent": 0,
    "other": 0,
    "hasOther": false,
    "skipped": 0,
    "hasSkipped": false
  },
  "results": [
    {
      "uuid": "3db118f3-8e80-4231-a5cf-f3b3319605d3",
      "title": "",
      "fullFile": "cypress/e2e/features/settings.cy.ts",
      "file": "cypress/e2e/features/settings.cy.ts",
      "beforeHooks": [],
      "afterHooks": [],
      "tests": [],
      "suites": [
        {
          "uuid": "a4ff2a51-6a04-4d03-9b46-e4cffc826805",
          "title": "Settings feature",
          "fullFile": "",
          "file": "",
          "beforeHooks": [],
          "afterHooks": [],
          "tests": [
            {
              "title": "renders the settings page",
              "fullTitle": "Settings feature renders the settings page",
              "timedOut": null,
              "duration": 2070,
              "state": "passed",
              "speed": "fast",
              "pass": true,
              "fail": false,
              "pending": false,
              "context": null,
              "code": "cy.contains(/settings/i).should('be.visible');",
              "err": {},
              "uuid": "48ec7670-b3b9-4b9c-9ed5-a374b864b6f9",
              "parentUUID": "a4ff2a51-6a04-4d03-9b46-e4cffc826805",
              "isHook": false,
              "skipped": false
            }
          ],
          "suites": [],
          "passes": [
            "48ec7670-b3b9-4b9c-9ed5-a374b864b6f9"
          ],
          "failures": [],
          "pending": [],
          "skipped": [],
          "duration": 2070,
          "root": false,
          "rootEmpty": false,
          "_timeout": 2000
        }
      ],
      "passes": [],
      "failures": [],
      "pending": [],
      "skipped": [],
      "duration": 0,
      "root": true,
      "rootEmpty": true,
      "_timeout": 2000
    }
  ],
  "meta": {
    "mocha": {
      "version": "7.2.0"
    },
    "mochawesome": {
      "options": {
        "quiet": false,
        "reportFilename": "mochawesome",
        "saveHtml": false,
        "saveJson": true,
        "consoleReporter": "spec",
        "useInlineDiffs": false,
        "code": true
      },
      "version": "7.1.4"
    },
    "marge": {
      "options": {
        "reportDir": "cypress/reports",
        "overwrite": false,
        "html": false,
        "json": true
      },
      "version": "6.3.2"
    }
  }
}