{
  "stats": {
    "suites": 1,
    "tests": 1,
    "passes": 1,
    "pending": 0,
    "failures": 0,
    "start": "2026-04-07T06:32:31.411Z",
    "end": "2026-04-07T06:32:33.905Z",
    "duration": 2494,
    "testsRegistered": 1,
    "passPercent": 100,
    "pendingPercent": 0,
    "other": 0,
    "hasOther": false,
    "skipped": 0,
    "hasSkipped": false
  },
  "results": [
    {
      "uuid": "287307fc-83e9-42fa-8530-654570839b07",
      "title": "",
      "fullFile": "cypress/e2e/features/projects.cy.ts",
      "file": "cypress/e2e/features/projects.cy.ts",
      "beforeHooks": [],
      "afterHooks": [],
      "tests": [],
      "suites": [
        {
          "uuid": "1a7a35e8-3b86-4455-842e-3d75fea13725",
          "title": "Projects feature",
          "fullFile": "",
          "file": "",
          "beforeHooks": [],
          "afterHooks": [],
          "tests": [
            {
              "title": "renders the projects page",
              "fullTitle": "Projects feature renders the projects page",
              "timedOut": null,
              "duration": 2357,
              "state": "passed",
              "speed": "fast",
              "pass": true,
              "fail": false,
              "pending": false,
              "context": null,
              "code": "cy.contains(/projects/i).should('be.visible');",
              "err": {},
              "uuid": "6a7ae0c1-fff8-429b-abc8-9a0b335fefaa",
              "parentUUID": "1a7a35e8-3b86-4455-842e-3d75fea13725",
              "isHook": false,
              "skipped": false
            }
          ],
          "suites": [],
          "passes": [
            "6a7ae0c1-fff8-429b-abc8-9a0b335fefaa"
          ],
          "failures": [],
          "pending": [],
          "skipped": [],
          "duration": 2357,
          "root": false,
          "rootEmpty": false,
          "_timeout": 2000
        }
      ],
      "passes": [],
      "failures": [],
      "pending": [],
      "skipped": [],
      "duration": 0,
      "root": true,
      "rootEmpty": true,
      "_timeout": 2000
    }
  ],
  "meta": {
    "mocha": {
      "version": "7.2.0"
    },
    "mochawesome": {
      "options": {
        "quiet": false,
        "reportFilename": "mochawesome",
        "saveHtml": false,
        "saveJson": true,
        "consoleReporter": "spec",
        "useInlineDiffs": false,
        "code": true
      },
      "version": "7.1.4"
    },
    "marge": {
      "options": {
        "reportDir": "cypress/reports",
        "overwrite": false,
        "html": false,
        "json": true
      },
      "version": "6.3.2"
    }
  }
}