{
  "stats": {
    "suites": 1,
    "tests": 2,
    "passes": 2,
    "pending": 0,
    "failures": 0,
    "start": "2026-04-08T04:09:24.398Z",
    "end": "2026-04-08T04:09:28.116Z",
    "duration": 3718,
    "testsRegistered": 2,
    "passPercent": 100,
    "pendingPercent": 0,
    "other": 0,
    "hasOther": false,
    "skipped": 0,
    "hasSkipped": false
  },
  "results": [
    {
      "uuid": "8fe87a98-8b94-416b-b8c2-df2b70c7f4eb",
      "title": "",
      "fullFile": "cypress/e2e/auth/login.cy.ts",
      "file": "cypress/e2e/auth/login.cy.ts",
      "beforeHooks": [],
      "afterHooks": [],
      "tests": [],
      "suites": [
        {
          "uuid": "557b8605-a9b6-4bd2-8bdb-a85186c42fc6",
          "title": "Login",
          "fullFile": "",
          "file": "",
          "beforeHooks": [],
          "afterHooks": [],
          "tests": [
            {
              "title": "shows the login page for unauthenticated users",
              "fullTitle": "Login shows the login page for unauthenticated users",
              "timedOut": null,
              "duration": 1975,
              "state": "passed",
              "speed": "fast",
              "pass": true,
              "fail": false,
              "pending": false,
              "context": null,
              "code": "cy.contains(/log in/i).should('be.visible');",
              "err": {},
              "uuid": "0c3c9f2d-5597-49c4-ba6e-30719118d233",
              "parentUUID": "557b8605-a9b6-4bd2-8bdb-a85186c42fc6",
              "isHook": false,
              "skipped": false
            },
            {
              "title": "allows mocked login without calling the backend",
              "fullTitle": "Login allows mocked login without calling the backend",
              "timedOut": null,
              "duration": 1550,
              "state": "passed",
              "speed": "fast",
              "pass": true,
              "fail": false,
              "pending": false,
              "context": null,
              "code": "cy.mockLogin();\ncy.visit('/dashboard');\ncy.url().should('include', '/dashboard');",
              "err": {},
              "uuid": "0fb4ccdc-a3a8-448d-b9e3-dfd565ba60f8",
              "parentUUID": "557b8605-a9b6-4bd2-8bdb-a85186c42fc6",
              "isHook": false,
              "skipped": false
            }
          ],
          "suites": [],
          "passes": [
            "0c3c9f2d-5597-49c4-ba6e-30719118d233",
            "0fb4ccdc-a3a8-448d-b9e3-dfd565ba60f8"
          ],
          "failures": [],
          "pending": [],
          "skipped": [],
          "duration": 3525,
          "root": false,
          "rootEmpty": false,
          "_timeout": 2000
        }
      ],
      "passes": [],
      "failures": [],
      "pending": [],
      "skipped": [],
      "duration": 0,
      "root": true,
      "rootEmpty": true,
      "_timeout": 2000
    }
  ],
  "meta": {
    "mocha": {
      "version": "7.2.0"
    },
    "mochawesome": {
      "options": {
        "quiet": false,
        "reportFilename": "mochawesome",
        "saveHtml": false,
        "saveJson": true,
        "consoleReporter": "spec",
        "useInlineDiffs": false,
        "code": true
      },
      "version": "7.1.4"
    },
    "marge": {
      "options": {
        "reportDir": "cypress/reports",
        "overwrite": false,
        "html": false,
        "json": true
      },
      "version": "6.3.2"
    }
  }
}