{
  "stats": {
    "suites": 2,
    "tests": 3,
    "passes": 3,
    "pending": 0,
    "failures": 0,
    "start": "2026-04-08T05:21:54.437Z",
    "end": "2026-04-08T05:21:58.361Z",
    "duration": 3924,
    "testsRegistered": 3,
    "passPercent": 100,
    "pendingPercent": 0,
    "other": 0,
    "hasOther": false,
    "skipped": 0,
    "hasSkipped": false
  },
  "results": [
    {
      "uuid": "fbe83dde-8f38-4c4a-8105-c71e268098c5",
      "title": "",
      "fullFile": "cypress/e2e/auth/protected.cy.ts",
      "file": "cypress/e2e/auth/protected.cy.ts",
      "beforeHooks": [],
      "afterHooks": [],
      "tests": [],
      "suites": [
        {
          "uuid": "08668d47-1f16-4b74-9936-754144568e1f",
          "title": "Protected routes",
          "fullFile": "",
          "file": "",
          "beforeHooks": [],
          "afterHooks": [],
          "tests": [
            {
              "title": "redirects dashboard access to login when no session exists",
              "fullTitle": "Protected routes redirects dashboard access to login when no session exists",
              "timedOut": null,
              "duration": 1937,
              "state": "passed",
              "speed": "fast",
              "pass": true,
              "fail": false,
              "pending": false,
              "context": null,
              "code": "cy.visit('/dashboard');\ncy.url().should('include', '/login');",
              "err": {},
              "uuid": "92f748df-4b08-44ed-9c5f-aa38b842c808",
              "parentUUID": "08668d47-1f16-4b74-9936-754144568e1f",
              "isHook": false,
              "skipped": false
            },
            {
              "title": "opens a protected page when a mocked session exists",
              "fullTitle": "Protected routes opens a protected page when a mocked session exists",
              "timedOut": null,
              "duration": 1061,
              "state": "passed",
              "speed": "fast",
              "pass": true,
              "fail": false,
              "pending": false,
              "context": null,
              "code": "cy.mockLoginAndVisit('/settings');\ncy.url().should('include', '/settings');",
              "err": {},
              "uuid": "581e29b6-96a9-4805-975c-1ff443e5b303",
              "parentUUID": "08668d47-1f16-4b74-9936-754144568e1f",
              "isHook": false,
              "skipped": false
            }
          ],
          "suites": [],
          "passes": [
            "92f748df-4b08-44ed-9c5f-aa38b842c808",
            "581e29b6-96a9-4805-975c-1ff443e5b303"
          ],
          "failures": [],
          "pending": [],
          "skipped": [],
          "duration": 2998,
          "root": false,
          "rootEmpty": false,
          "_timeout": 2000
        },
        {
          "uuid": "9c19bf52-4dd9-4ba4-9609-a6be5f94cb47",
          "title": "Protected routes",
          "fullFile": "",
          "file": "",
          "beforeHooks": [],
          "afterHooks": [],
          "tests": [
            {
              "title": "redirects dashboard access to login when no session exists",
              "fullTitle": "Protected routes redirects dashboard access to login when no session exists",
              "timedOut": null,
              "duration": 644,
              "state": "passed",
              "speed": "fast",
              "pass": true,
              "fail": false,
              "pending": false,
              "context": null,
              "code": "cy.visit('/dashboard');\ncy.url().should('include', '/login');",
              "err": {},
              "uuid": "e28973fd-221b-438f-85db-3003ce4313b3",
              "parentUUID": "9c19bf52-4dd9-4ba4-9609-a6be5f94cb47",
              "isHook": false,
              "skipped": false
            }
          ],
          "suites": [],
          "passes": [
            "e28973fd-221b-438f-85db-3003ce4313b3"
          ],
          "failures": [],
          "pending": [],
          "skipped": [],
          "duration": 644,
          "root": false,
          "rootEmpty": false,
          "_timeout": 2000
        }
      ],
      "passes": [],
      "failures": [],
      "pending": [],
      "skipped": [],
      "duration": 0,
      "root": true,
      "rootEmpty": true,
      "_timeout": 2000
    }
  ],
  "meta": {
    "mocha": {
      "version": "7.2.0"
    },
    "mochawesome": {
      "options": {
        "quiet": false,
        "reportFilename": "mochawesome",
        "saveHtml": false,
        "saveJson": true,
        "consoleReporter": "spec",
        "useInlineDiffs": false,
        "code": true
      },
      "version": "7.1.4"
    },
    "marge": {
      "options": {
        "reportDir": "cypress/reports",
        "overwrite": false,
        "html": false,
        "json": true
      },
      "version": "6.3.2"
    }
  }
}