{
  "stats": {
    "suites": 1,
    "tests": 1,
    "passes": 0,
    "pending": 0,
    "failures": 1,
    "start": "2026-04-07T06:44:48.780Z",
    "end": "2026-04-07T06:45:04.815Z",
    "duration": 16035,
    "testsRegistered": 1,
    "passPercent": 0,
    "pendingPercent": 0,
    "other": 0,
    "hasOther": false,
    "skipped": 0,
    "hasSkipped": false
  },
  "results": [
    {
      "uuid": "f2829abb-74d4-4646-85db-87f526aed6d9",
      "title": "",
      "fullFile": "cypress/e2e/features/dashboard.cy.ts",
      "file": "cypress/e2e/features/dashboard.cy.ts",
      "beforeHooks": [],
      "afterHooks": [],
      "tests": [],
      "suites": [
        {
          "uuid": "77321f9d-bc3b-4ea9-9361-cad325cb070f",
          "title": "Dashboard feature",
          "fullFile": "",
          "file": "",
          "beforeHooks": [],
          "afterHooks": [],
          "tests": [
            {
              "title": "renders the dashboard page for an authenticated user",
              "fullTitle": "Dashboard feature renders the dashboard page for an authenticated user",
              "timedOut": null,
              "duration": 4940,
              "state": "failed",
              "speed": null,
              "pass": false,
              "fail": true,
              "pending": false,
              "context": null,
              "code": "cy.contains(/dashboard/i).should('not.be.visible');\ncy.screenshot('dashboard-page');",
              "err": {
                "message": "AssertionError: Timed out retrying after 4000ms: expected '<a..flex.items-center.gap-3.px-3.py-2.rounded-xl.transition-all.duration-200.bg-neutral-800.text-white.>' not to be 'visible'",
                "estack": "AssertionError: Timed out retrying after 4000ms: expected '<a..flex.items-center.gap-3.px-3.py-2.rounded-xl.transition-all.duration-200.bg-neutral-800.text-white.>' not to be 'visible'\n    at Context.eval (webpack://taskflow/./cypress/e2e/features/dashboard.cy.ts:7:30)",
                "diff": null
              },
              "uuid": "ebb279f4-bc8c-48df-ae0e-689bde7c2cc9",
              "parentUUID": "77321f9d-bc3b-4ea9-9361-cad325cb070f",
              "isHook": false,
              "skipped": false
            }
          ],
          "suites": [],
          "passes": [],
          "failures": [
            "ebb279f4-bc8c-48df-ae0e-689bde7c2cc9"
          ],
          "pending": [],
          "skipped": [],
          "duration": 4940,
          "root": false,
          "rootEmpty": false,
          "_timeout": 2000
        }
      ],
      "passes": [],
      "failures": [],
      "pending": [],
      "skipped": [],
      "duration": 0,
      "root": true,
      "rootEmpty": true,
      "_timeout": 2000
    }
  ],
  "meta": {
    "mocha": {
      "version": "7.2.0"
    },
    "mochawesome": {
      "options": {
        "quiet": false,
        "reportFilename": "mochawesome",
        "saveHtml": false,
        "saveJson": true,
        "consoleReporter": "spec",
        "useInlineDiffs": false,
        "code": true
      },
      "version": "7.1.4"
    },
    "marge": {
      "options": {
        "reportDir": "cypress/reports",
        "overwrite": false,
        "html": false,
        "json": true
      },
      "version": "6.3.2"
    }
  }
}