{
  "stats": {
    "suites": 1,
    "tests": 1,
    "passes": 1,
    "pending": 0,
    "failures": 0,
    "start": "2026-04-08T05:22:31.544Z",
    "end": "2026-04-08T05:22:33.775Z",
    "duration": 2231,
    "testsRegistered": 1,
    "passPercent": 100,
    "pendingPercent": 0,
    "other": 0,
    "hasOther": false,
    "skipped": 0,
    "hasSkipped": false
  },
  "results": [
    {
      "uuid": "2d93062f-cbd9-4778-8b3e-34c6cf843b69",
      "title": "",
      "fullFile": "cypress/e2e/features/settings.cy.ts",
      "file": "cypress/e2e/features/settings.cy.ts",
      "beforeHooks": [],
      "afterHooks": [],
      "tests": [],
      "suites": [
        {
          "uuid": "d8a07004-de69-440a-8e3d-fcc81c56d327",
          "title": "Settings feature",
          "fullFile": "",
          "file": "",
          "beforeHooks": [],
          "afterHooks": [],
          "tests": [
            {
              "title": "renders the settings page",
              "fullTitle": "Settings feature renders the settings page",
              "timedOut": null,
              "duration": 1973,
              "state": "passed",
              "speed": "fast",
              "pass": true,
              "fail": false,
              "pending": false,
              "context": null,
              "code": "cy.contains(/settings/i).should('be.visible');",
              "err": {},
              "uuid": "acdd9e1c-79b2-4830-ab70-6eef9901698d",
              "parentUUID": "d8a07004-de69-440a-8e3d-fcc81c56d327",
              "isHook": false,
              "skipped": false
            }
          ],
          "suites": [],
          "passes": [
            "acdd9e1c-79b2-4830-ab70-6eef9901698d"
          ],
          "failures": [],
          "pending": [],
          "skipped": [],
          "duration": 1973,
          "root": false,
          "rootEmpty": false,
          "_timeout": 2000
        }
      ],
      "passes": [],
      "failures": [],
      "pending": [],
      "skipped": [],
      "duration": 0,
      "root": true,
      "rootEmpty": true,
      "_timeout": 2000
    }
  ],
  "meta": {
    "mocha": {
      "version": "7.2.0"
    },
    "mochawesome": {
      "options": {
        "quiet": false,
        "reportFilename": "mochawesome",
        "saveHtml": false,
        "saveJson": true,
        "consoleReporter": "spec",
        "useInlineDiffs": false,
        "code": true
      },
      "version": "7.1.4"
    },
    "marge": {
      "options": {
        "reportDir": "cypress/reports",
        "overwrite": false,
        "html": false,
        "json": true
      },
      "version": "6.3.2"
    }
  }
}