{
  "stats": {
    "suites": 1,
    "tests": 1,
    "passes": 1,
    "pending": 0,
    "failures": 0,
    "start": "2026-04-07T06:36:38.941Z",
    "end": "2026-04-07T06:36:43.114Z",
    "duration": 4173,
    "testsRegistered": 1,
    "passPercent": 100,
    "pendingPercent": 0,
    "other": 0,
    "hasOther": false,
    "skipped": 0,
    "hasSkipped": false
  },
  "results": [
    {
      "uuid": "c17ae692-2757-41e0-aa02-a61b5961deb7",
      "title": "",
      "fullFile": "cypress/e2e/features/dashboard.cy.ts",
      "file": "cypress/e2e/features/dashboard.cy.ts",
      "beforeHooks": [],
      "afterHooks": [],
      "tests": [],
      "suites": [
        {
          "uuid": "372865fe-ad10-4814-ba48-25041f30cf42",
          "title": "Dashboard feature",
          "fullFile": "",
          "file": "",
          "beforeHooks": [],
          "afterHooks": [],
          "tests": [
            {
              "title": "renders the dashboard page for an authenticated user",
              "fullTitle": "Dashboard feature renders the dashboard page for an authenticated user",
              "timedOut": null,
              "duration": 3877,
              "state": "passed",
              "speed": "fast",
              "pass": true,
              "fail": false,
              "pending": false,
              "context": null,
              "code": "cy.contains(/dashboard/i).should('be.visible');\ncy.screenshot('dashboard-page');",
              "err": {},
              "uuid": "a5d70d19-580e-4175-87c3-dea82d440b2f",
              "parentUUID": "372865fe-ad10-4814-ba48-25041f30cf42",
              "isHook": false,
              "skipped": false
            }
          ],
          "suites": [],
          "passes": [
            "a5d70d19-580e-4175-87c3-dea82d440b2f"
          ],
          "failures": [],
          "pending": [],
          "skipped": [],
          "duration": 3877,
          "root": false,
          "rootEmpty": false,
          "_timeout": 2000
        }
      ],
      "passes": [],
      "failures": [],
      "pending": [],
      "skipped": [],
      "duration": 0,
      "root": true,
      "rootEmpty": true,
      "_timeout": 2000
    }
  ],
  "meta": {
    "mocha": {
      "version": "7.2.0"
    },
    "mochawesome": {
      "options": {
        "quiet": false,
        "reportFilename": "mochawesome",
        "saveHtml": false,
        "saveJson": true,
        "consoleReporter": "spec",
        "useInlineDiffs": false,
        "code": true
      },
      "version": "7.1.4"
    },
    "marge": {
      "options": {
        "reportDir": "cypress/reports",
        "overwrite": false,
        "html": false,
        "json": true
      },
      "version": "6.3.2"
    }
  }
}