{
  "stats": {
    "suites": 1,
    "tests": 1,
    "passes": 1,
    "pending": 0,
    "failures": 0,
    "start": "2026-04-08T05:22:24.378Z",
    "end": "2026-04-08T05:22:26.494Z",
    "duration": 2116,
    "testsRegistered": 1,
    "passPercent": 100,
    "pendingPercent": 0,
    "other": 0,
    "hasOther": false,
    "skipped": 0,
    "hasSkipped": false
  },
  "results": [
    {
      "uuid": "fb452212-bef4-4a17-949a-0000a45bd983",
      "title": "",
      "fullFile": "cypress/e2e/features/projects.cy.ts",
      "file": "cypress/e2e/features/projects.cy.ts",
      "beforeHooks": [],
      "afterHooks": [],
      "tests": [],
      "suites": [
        {
          "uuid": "b39be33e-dbce-4ed4-b03e-dc3b0bf4edc4",
          "title": "Projects feature",
          "fullFile": "",
          "file": "",
          "beforeHooks": [],
          "afterHooks": [],
          "tests": [
            {
              "title": "renders the projects page",
              "fullTitle": "Projects feature renders the projects page",
              "timedOut": null,
              "duration": 1978,
              "state": "passed",
              "speed": "fast",
              "pass": true,
              "fail": false,
              "pending": false,
              "context": null,
              "code": "cy.contains(/projects/i).should('be.visible');",
              "err": {},
              "uuid": "6eb6af6f-19fb-4f7d-9b32-4d02015acc15",
              "parentUUID": "b39be33e-dbce-4ed4-b03e-dc3b0bf4edc4",
              "isHook": false,
              "skipped": false
            }
          ],
          "suites": [],
          "passes": [
            "6eb6af6f-19fb-4f7d-9b32-4d02015acc15"
          ],
          "failures": [],
          "pending": [],
          "skipped": [],
          "duration": 1978,
          "root": false,
          "rootEmpty": false,
          "_timeout": 2000
        }
      ],
      "passes": [],
      "failures": [],
      "pending": [],
      "skipped": [],
      "duration": 0,
      "root": true,
      "rootEmpty": true,
      "_timeout": 2000
    }
  ],
  "meta": {
    "mocha": {
      "version": "7.2.0"
    },
    "mochawesome": {
      "options": {
        "quiet": false,
        "reportFilename": "mochawesome",
        "saveHtml": false,
        "saveJson": true,
        "consoleReporter": "spec",
        "useInlineDiffs": false,
        "code": true
      },
      "version": "7.1.4"
    },
    "marge": {
      "options": {
        "reportDir": "cypress/reports",
        "overwrite": false,
        "html": false,
        "json": true
      },
      "version": "6.3.2"
    }
  }
}