{
  "stats": {
    "suites": 2,
    "tests": 3,
    "passes": 3,
    "pending": 0,
    "failures": 0,
    "start": "2026-04-07T06:24:59.785Z",
    "end": "2026-04-07T06:25:04.046Z",
    "duration": 4261,
    "testsRegistered": 3,
    "passPercent": 100,
    "pendingPercent": 0,
    "other": 0,
    "hasOther": false,
    "skipped": 0,
    "hasSkipped": false
  },
  "results": [
    {
      "uuid": "e5d52398-487a-46e3-aa23-5e6d5dc4a896",
      "title": "",
      "fullFile": "cypress/e2e/auth/protected.cy.ts",
      "file": "cypress/e2e/auth/protected.cy.ts",
      "beforeHooks": [],
      "afterHooks": [],
      "tests": [],
      "suites": [
        {
          "uuid": "1e8cd842-1051-4309-94a6-883e239ebfa8",
          "title": "Protected routes",
          "fullFile": "",
          "file": "",
          "beforeHooks": [],
          "afterHooks": [],
          "tests": [
            {
              "title": "redirects dashboard access to login when no session exists",
              "fullTitle": "Protected routes redirects dashboard access to login when no session exists",
              "timedOut": null,
              "duration": 2044,
              "state": "passed",
              "speed": "fast",
              "pass": true,
              "fail": false,
              "pending": false,
              "context": null,
              "code": "cy.visit('/dashboard');\ncy.url().should('include', '/login');",
              "err": {},
              "uuid": "83d48927-8720-4c04-921a-791cf1eaa3af",
              "parentUUID": "1e8cd842-1051-4309-94a6-883e239ebfa8",
              "isHook": false,
              "skipped": false
            },
            {
              "title": "opens a protected page when a mocked session exists",
              "fullTitle": "Protected routes opens a protected page when a mocked session exists",
              "timedOut": null,
              "duration": 1147,
              "state": "passed",
              "speed": "fast",
              "pass": true,
              "fail": false,
              "pending": false,
              "context": null,
              "code": "cy.mockLoginAndVisit('/settings');\ncy.url().should('include', '/settings');",
              "err": {},
              "uuid": "7bec0c2a-c1e1-428a-a26c-2ce5e12104d1",
              "parentUUID": "1e8cd842-1051-4309-94a6-883e239ebfa8",
              "isHook": false,
              "skipped": false
            }
          ],
          "suites": [],
          "passes": [
            "83d48927-8720-4c04-921a-791cf1eaa3af",
            "7bec0c2a-c1e1-428a-a26c-2ce5e12104d1"
          ],
          "failures": [],
          "pending": [],
          "skipped": [],
          "duration": 3191,
          "root": false,
          "rootEmpty": false,
          "_timeout": 2000
        },
        {
          "uuid": "cc7f1e33-6fb3-4d4d-84e7-fd21d8d76626",
          "title": "Protected routes",
          "fullFile": "",
          "file": "",
          "beforeHooks": [],
          "afterHooks": [],
          "tests": [
            {
              "title": "redirects dashboard access to login when no session exists",
              "fullTitle": "Protected routes redirects dashboard access to login when no session exists",
              "timedOut": null,
              "duration": 660,
              "state": "passed",
              "speed": "fast",
              "pass": true,
              "fail": false,
              "pending": false,
              "context": null,
              "code": "cy.visit('/dashboard');\ncy.url().should('include', '/login');",
              "err": {},
              "uuid": "1f54d384-180e-477b-b294-61b95524609f",
              "parentUUID": "cc7f1e33-6fb3-4d4d-84e7-fd21d8d76626",
              "isHook": false,
              "skipped": false
            }
          ],
          "suites": [],
          "passes": [
            "1f54d384-180e-477b-b294-61b95524609f"
          ],
          "failures": [],
          "pending": [],
          "skipped": [],
          "duration": 660,
          "root": false,
          "rootEmpty": false,
          "_timeout": 2000
        }
      ],
      "passes": [],
      "failures": [],
      "pending": [],
      "skipped": [],
      "duration": 0,
      "root": true,
      "rootEmpty": true,
      "_timeout": 2000
    }
  ],
  "meta": {
    "mocha": {
      "version": "7.2.0"
    },
    "mochawesome": {
      "options": {
        "quiet": false,
        "reportFilename": "mochawesome",
        "saveHtml": false,
        "saveJson": true,
        "consoleReporter": "spec",
        "useInlineDiffs": false,
        "code": true
      },
      "version": "7.1.4"
    },
    "marge": {
      "options": {
        "reportDir": "cypress/reports",
        "overwrite": false,
        "html": false,
        "json": true
      },
      "version": "6.3.2"
    }
  }
}