{
  "stats": {
    "suites": 1,
    "tests": 1,
    "passes": 0,
    "pending": 0,
    "failures": 1,
    "start": "2026-04-08T05:22:03.463Z",
    "end": "2026-04-08T05:22:19.832Z",
    "duration": 16369,
    "testsRegistered": 1,
    "passPercent": 0,
    "pendingPercent": 0,
    "other": 0,
    "hasOther": false,
    "skipped": 0,
    "hasSkipped": false
  },
  "results": [
    {
      "uuid": "9d2d8864-88cc-434f-85ff-920027c66db2",
      "title": "",
      "fullFile": "cypress/e2e/features/dashboard.cy.ts",
      "file": "cypress/e2e/features/dashboard.cy.ts",
      "beforeHooks": [],
      "afterHooks": [],
      "tests": [],
      "suites": [
        {
          "uuid": "271fe516-cc0e-46f0-afce-ee8a2635d047",
          "title": "Dashboard feature",
          "fullFile": "",
          "file": "",
          "beforeHooks": [],
          "afterHooks": [],
          "tests": [
            {
              "title": "renders the dashboard page for an authenticated user",
              "fullTitle": "Dashboard feature renders the dashboard page for an authenticated user",
              "timedOut": null,
              "duration": 4950,
              "state": "failed",
              "speed": null,
              "pass": false,
              "fail": true,
              "pending": false,
              "context": null,
              "code": "cy.contains(/dashboard/i).should('not.be.visible');\ncy.screenshot('dashboard-page');",
              "err": {
                "message": "AssertionError: Timed out retrying after 4000ms: expected '<a..flex.items-center.gap-3.px-3.py-2.rounded-xl.transition-all.duration-200.bg-neutral-800.text-white.>' not to be 'visible'",
                "estack": "AssertionError: Timed out retrying after 4000ms: expected '<a..flex.items-center.gap-3.px-3.py-2.rounded-xl.transition-all.duration-200.bg-neutral-800.text-white.>' not to be 'visible'\n    at Context.eval (webpack://taskflow/./cypress/e2e/features/dashboard.cy.ts:7:30)",
                "diff": null
              },
              "uuid": "10805544-f55d-4bfa-a6ad-d97cd88fb658",
              "parentUUID": "271fe516-cc0e-46f0-afce-ee8a2635d047",
              "isHook": false,
              "skipped": false
            }
          ],
          "suites": [],
          "passes": [],
          "failures": [
            "10805544-f55d-4bfa-a6ad-d97cd88fb658"
          ],
          "pending": [],
          "skipped": [],
          "duration": 4950,
          "root": false,
          "rootEmpty": false,
          "_timeout": 2000
        }
      ],
      "passes": [],
      "failures": [],
      "pending": [],
      "skipped": [],
      "duration": 0,
      "root": true,
      "rootEmpty": true,
      "_timeout": 2000
    }
  ],
  "meta": {
    "mocha": {
      "version": "7.2.0"
    },
    "mochawesome": {
      "options": {
        "quiet": false,
        "reportFilename": "mochawesome",
        "saveHtml": false,
        "saveJson": true,
        "consoleReporter": "spec",
        "useInlineDiffs": false,
        "code": true
      },
      "version": "7.1.4"
    },
    "marge": {
      "options": {
        "reportDir": "cypress/reports",
        "overwrite": false,
        "html": false,
        "json": true
      },
      "version": "6.3.2"
    }
  }
}