{
  "stats": {
    "suites": 1,
    "tests": 1,
    "passes": 1,
    "pending": 0,
    "failures": 0,
    "start": "2026-04-07T06:36:47.741Z",
    "end": "2026-04-07T06:36:50.088Z",
    "duration": 2347,
    "testsRegistered": 1,
    "passPercent": 100,
    "pendingPercent": 0,
    "other": 0,
    "hasOther": false,
    "skipped": 0,
    "hasSkipped": false
  },
  "results": [
    {
      "uuid": "49213bbc-e8f0-47d5-b586-7469b4ac865d",
      "title": "",
      "fullFile": "cypress/e2e/features/projects.cy.ts",
      "file": "cypress/e2e/features/projects.cy.ts",
      "beforeHooks": [],
      "afterHooks": [],
      "tests": [],
      "suites": [
        {
          "uuid": "57963fcb-d759-4ea4-a970-68c9d0dd0d62",
          "title": "Projects feature",
          "fullFile": "",
          "file": "",
          "beforeHooks": [],
          "afterHooks": [],
          "tests": [
            {
              "title": "renders the projects page",
              "fullTitle": "Projects feature renders the projects page",
              "timedOut": null,
              "duration": 2109,
              "state": "passed",
              "speed": "fast",
              "pass": true,
              "fail": false,
              "pending": false,
              "context": null,
              "code": "cy.contains(/projects/i).should('be.visible');",
              "err": {},
              "uuid": "d668de62-0f00-4de7-a769-254e9c08828e",
              "parentUUID": "57963fcb-d759-4ea4-a970-68c9d0dd0d62",
              "isHook": false,
              "skipped": false
            }
          ],
          "suites": [],
          "passes": [
            "d668de62-0f00-4de7-a769-254e9c08828e"
          ],
          "failures": [],
          "pending": [],
          "skipped": [],
          "duration": 2109,
          "root": false,
          "rootEmpty": false,
          "_timeout": 2000
        }
      ],
      "passes": [],
      "failures": [],
      "pending": [],
      "skipped": [],
      "duration": 0,
      "root": true,
      "rootEmpty": true,
      "_timeout": 2000
    }
  ],
  "meta": {
    "mocha": {
      "version": "7.2.0"
    },
    "mochawesome": {
      "options": {
        "quiet": false,
        "reportFilename": "mochawesome",
        "saveHtml": false,
        "saveJson": true,
        "consoleReporter": "spec",
        "useInlineDiffs": false,
        "code": true
      },
      "version": "7.1.4"
    },
    "marge": {
      "options": {
        "reportDir": "cypress/reports",
        "overwrite": false,
        "html": false,
        "json": true
      },
      "version": "6.3.2"
    }
  }
}