{
  "stats": {
    "suites": 1,
    "tests": 3,
    "passes": 3,
    "pending": 0,
    "failures": 0,
    "start": "2026-04-07T06:39:46.327Z",
    "end": "2026-04-07T06:39:51.826Z",
    "duration": 5499,
    "testsRegistered": 3,
    "passPercent": 100,
    "pendingPercent": 0,
    "other": 0,
    "hasOther": false,
    "skipped": 0,
    "hasSkipped": false
  },
  "results": [
    {
      "uuid": "8d15893c-fec9-4512-8e09-ef130962c618",
      "title": "",
      "fullFile": "cypress/e2e/features/tasks.cy.ts",
      "file": "cypress/e2e/features/tasks.cy.ts",
      "beforeHooks": [],
      "afterHooks": [],
      "tests": [],
      "suites": [
        {
          "uuid": "c51c20e3-5700-44ac-8e56-049fcbc574c1",
          "title": "Tasks feature",
          "fullFile": "",
          "file": "",
          "beforeHooks": [],
          "afterHooks": [],
          "tests": [
            {
              "title": "lists tasks returned by the mocked GraphQL API",
              "fullTitle": "Tasks feature lists tasks returned by the mocked GraphQL API",
              "timedOut": null,
              "duration": 2376,
              "state": "passed",
              "speed": "fast",
              "pass": true,
              "fail": false,
              "pending": false,
              "context": null,
              "code": "cy.contains('h1', 'Projects').should('be.visible');\ncy.contains('Design login experience').should('be.visible');\ncy.contains('Ship kanban filters').should('be.visible');",
              "err": {},
              "uuid": "f2e3204a-425d-4963-b672-555f1dcdc727",
              "parentUUID": "c51c20e3-5700-44ac-8e56-049fcbc574c1",
              "isHook": false,
              "skipped": false
            },
            {
              "title": "creates a new task from the board modal",
              "fullTitle": "Tasks feature creates a new task from the board modal",
              "timedOut": null,
              "duration": 1944,
              "state": "passed",
              "speed": "fast",
              "pass": true,
              "fail": false,
              "pending": false,
              "context": null,
              "code": "cy.openCreateTaskModal();\ncy.createBoardTask('Write Cypress coverage');\ncy.wait('@createTask').its('request.body.variables').should(function (variables) {\n    expect(variables.title).to.equal('Write Cypress coverage');\n    expect(variables.workflowStatusId).to.equal(101);\n    expect(variables.priority).to.equal('medium');\n});\ncy.wait('@createActivity').its('request.body.variables.message').should('contain', 'Write Cypress coverage');",
              "err": {},
              "uuid": "5e05951e-2d9a-44d2-baf0-98294ba1df87",
              "parentUUID": "c51c20e3-5700-44ac-8e56-049fcbc574c1",
              "isHook": false,
              "skipped": false
            },
            {
              "title": "deletes an existing task from the board",
              "fullTitle": "Tasks feature deletes an existing task from the board",
              "timedOut": null,
              "duration": 973,
              "state": "passed",
              "speed": "fast",
              "pass": true,
              "fail": false,
              "pending": false,
              "context": null,
              "code": "cy.deleteBoardTask('Design login experience');\ncy.wait('@deleteTask').its('request.body.variables.id').should('eq', 201);",
              "err": {},
              "uuid": "7d8d8e4e-afaa-4b14-ae5a-3f82eaa310c7",
              "parentUUID": "c51c20e3-5700-44ac-8e56-049fcbc574c1",
              "isHook": false,
              "skipped": false
            }
          ],
          "suites": [],
          "passes": [
            "f2e3204a-425d-4963-b672-555f1dcdc727",
            "5e05951e-2d9a-44d2-baf0-98294ba1df87",
            "7d8d8e4e-afaa-4b14-ae5a-3f82eaa310c7"
          ],
          "failures": [],
          "pending": [],
          "skipped": [],
          "duration": 5293,
          "root": false,
          "rootEmpty": false,
          "_timeout": 2000
        }
      ],
      "passes": [],
      "failures": [],
      "pending": [],
      "skipped": [],
      "duration": 0,
      "root": true,
      "rootEmpty": true,
      "_timeout": 2000
    }
  ],
  "meta": {
    "mocha": {
      "version": "7.2.0"
    },
    "mochawesome": {
      "options": {
        "quiet": false,
        "reportFilename": "mochawesome",
        "saveHtml": false,
        "saveJson": true,
        "consoleReporter": "spec",
        "useInlineDiffs": false,
        "code": true
      },
      "version": "7.1.4"
    },
    "marge": {
      "options": {
        "reportDir": "cypress/reports",
        "overwrite": false,
        "html": false,
        "json": true
      },
      "version": "6.3.2"
    }
  }
}