{
  "stats": {
    "suites": 1,
    "tests": 2,
    "passes": 2,
    "pending": 0,
    "failures": 0,
    "start": "2026-04-07T06:38:52.432Z",
    "end": "2026-04-07T06:38:56.809Z",
    "duration": 4377,
    "testsRegistered": 2,
    "passPercent": 100,
    "pendingPercent": 0,
    "other": 0,
    "hasOther": false,
    "skipped": 0,
    "hasSkipped": false
  },
  "results": [
    {
      "uuid": "6375ebcd-e1ec-4b44-a392-c190fc2bafeb",
      "title": "",
      "fullFile": "cypress/e2e/auth/login.cy.ts",
      "file": "cypress/e2e/auth/login.cy.ts",
      "beforeHooks": [],
      "afterHooks": [],
      "tests": [],
      "suites": [
        {
          "uuid": "260bf096-619c-4a9b-ba6e-3be99435c5f9",
          "title": "Login",
          "fullFile": "",
          "file": "",
          "beforeHooks": [],
          "afterHooks": [],
          "tests": [
            {
              "title": "shows the login page for unauthenticated users",
              "fullTitle": "Login shows the login page for unauthenticated users",
              "timedOut": null,
              "duration": 2459,
              "state": "passed",
              "speed": "fast",
              "pass": true,
              "fail": false,
              "pending": false,
              "context": null,
              "code": "cy.contains(/log in/i).should('be.visible');",
              "err": {},
              "uuid": "217b13cc-76ab-4b3c-affc-3e65d6706b25",
              "parentUUID": "260bf096-619c-4a9b-ba6e-3be99435c5f9",
              "isHook": false,
              "skipped": false
            },
            {
              "title": "allows mocked login without calling the backend",
              "fullTitle": "Login allows mocked login without calling the backend",
              "timedOut": null,
              "duration": 1724,
              "state": "passed",
              "speed": "fast",
              "pass": true,
              "fail": false,
              "pending": false,
              "context": null,
              "code": "cy.mockLogin();\ncy.visit('/dashboard');\ncy.url().should('include', '/dashboard');",
              "err": {},
              "uuid": "b4f5c4fe-c1f1-48de-b3eb-44c782e6f073",
              "parentUUID": "260bf096-619c-4a9b-ba6e-3be99435c5f9",
              "isHook": false,
              "skipped": false
            }
          ],
          "suites": [],
          "passes": [
            "217b13cc-76ab-4b3c-affc-3e65d6706b25",
            "b4f5c4fe-c1f1-48de-b3eb-44c782e6f073"
          ],
          "failures": [],
          "pending": [],
          "skipped": [],
          "duration": 4183,
          "root": false,
          "rootEmpty": false,
          "_timeout": 2000
        }
      ],
      "passes": [],
      "failures": [],
      "pending": [],
      "skipped": [],
      "duration": 0,
      "root": true,
      "rootEmpty": true,
      "_timeout": 2000
    }
  ],
  "meta": {
    "mocha": {
      "version": "7.2.0"
    },
    "mochawesome": {
      "options": {
        "quiet": false,
        "reportFilename": "mochawesome",
        "saveHtml": false,
        "saveJson": true,
        "consoleReporter": "spec",
        "useInlineDiffs": false,
        "code": true
      },
      "version": "7.1.4"
    },
    "marge": {
      "options": {
        "reportDir": "cypress/reports",
        "overwrite": false,
        "html": false,
        "json": true
      },
      "version": "6.3.2"
    }
  }
}