{
  "stats": {
    "suites": 1,
    "tests": 1,
    "passes": 1,
    "pending": 0,
    "failures": 0,
    "start": "2026-04-07T06:23:09.633Z",
    "end": "2026-04-07T06:23:12.132Z",
    "duration": 2499,
    "testsRegistered": 1,
    "passPercent": 100,
    "pendingPercent": 0,
    "other": 0,
    "hasOther": false,
    "skipped": 0,
    "hasSkipped": false
  },
  "results": [
    {
      "uuid": "dd633589-ed15-43a3-9100-c4d0bd6661f5",
      "title": "",
      "fullFile": "cypress/e2e/features/projects.cy.ts",
      "file": "cypress/e2e/features/projects.cy.ts",
      "beforeHooks": [],
      "afterHooks": [],
      "tests": [],
      "suites": [
        {
          "uuid": "bb2dc10d-bbc8-42e6-a606-8e4ce5151a3f",
          "title": "Projects feature",
          "fullFile": "",
          "file": "",
          "beforeHooks": [],
          "afterHooks": [],
          "tests": [
            {
              "title": "renders the projects page",
              "fullTitle": "Projects feature renders the projects page",
              "timedOut": null,
              "duration": 2272,
              "state": "passed",
              "speed": "fast",
              "pass": true,
              "fail": false,
              "pending": false,
              "context": null,
              "code": "cy.contains(/projects/i).should('be.visible');",
              "err": {},
              "uuid": "977bae70-96ac-4cef-97ab-11c15f80d4c6",
              "parentUUID": "bb2dc10d-bbc8-42e6-a606-8e4ce5151a3f",
              "isHook": false,
              "skipped": false
            }
          ],
          "suites": [],
          "passes": [
            "977bae70-96ac-4cef-97ab-11c15f80d4c6"
          ],
          "failures": [],
          "pending": [],
          "skipped": [],
          "duration": 2272,
          "root": false,
          "rootEmpty": false,
          "_timeout": 2000
        }
      ],
      "passes": [],
      "failures": [],
      "pending": [],
      "skipped": [],
      "duration": 0,
      "root": true,
      "rootEmpty": true,
      "_timeout": 2000
    }
  ],
  "meta": {
    "mocha": {
      "version": "7.2.0"
    },
    "mochawesome": {
      "options": {
        "quiet": false,
        "reportFilename": "mochawesome",
        "saveHtml": false,
        "saveJson": true,
        "consoleReporter": "spec",
        "useInlineDiffs": false,
        "code": true
      },
      "version": "7.1.4"
    },
    "marge": {
      "options": {
        "reportDir": "cypress/reports",
        "overwrite": false,
        "html": false,
        "json": true
      },
      "version": "6.3.2"
    }
  }
}