{
  "stats": {
    "suites": 1,
    "tests": 1,
    "passes": 1,
    "pending": 0,
    "failures": 0,
    "start": "2026-04-07T06:32:38.497Z",
    "end": "2026-04-07T06:32:41.195Z",
    "duration": 2698,
    "testsRegistered": 1,
    "passPercent": 100,
    "pendingPercent": 0,
    "other": 0,
    "hasOther": false,
    "skipped": 0,
    "hasSkipped": false
  },
  "results": [
    {
      "uuid": "3b31776b-0ebc-4e4e-9d73-43796e6b1e62",
      "title": "",
      "fullFile": "cypress/e2e/features/settings.cy.ts",
      "file": "cypress/e2e/features/settings.cy.ts",
      "beforeHooks": [],
      "afterHooks": [],
      "tests": [],
      "suites": [
        {
          "uuid": "7bb19086-c24e-4235-bbca-f5e7eb80df23",
          "title": "Settings feature",
          "fullFile": "",
          "file": "",
          "beforeHooks": [],
          "afterHooks": [],
          "tests": [
            {
              "title": "renders the settings page",
              "fullTitle": "Settings feature renders the settings page",
              "timedOut": null,
              "duration": 2418,
              "state": "passed",
              "speed": "fast",
              "pass": true,
              "fail": false,
              "pending": false,
              "context": null,
              "code": "cy.contains(/settings/i).should('be.visible');",
              "err": {},
              "uuid": "93b2de00-040a-410c-acda-7685830a9fba",
              "parentUUID": "7bb19086-c24e-4235-bbca-f5e7eb80df23",
              "isHook": false,
              "skipped": false
            }
          ],
          "suites": [],
          "passes": [
            "93b2de00-040a-410c-acda-7685830a9fba"
          ],
          "failures": [],
          "pending": [],
          "skipped": [],
          "duration": 2418,
          "root": false,
          "rootEmpty": false,
          "_timeout": 2000
        }
      ],
      "passes": [],
      "failures": [],
      "pending": [],
      "skipped": [],
      "duration": 0,
      "root": true,
      "rootEmpty": true,
      "_timeout": 2000
    }
  ],
  "meta": {
    "mocha": {
      "version": "7.2.0"
    },
    "mochawesome": {
      "options": {
        "quiet": false,
        "reportFilename": "mochawesome",
        "saveHtml": false,
        "saveJson": true,
        "consoleReporter": "spec",
        "useInlineDiffs": false,
        "code": true
      },
      "version": "7.1.4"
    },
    "marge": {
      "options": {
        "reportDir": "cypress/reports",
        "overwrite": false,
        "html": false,
        "json": true
      },
      "version": "6.3.2"
    }
  }
}