{"/home/sagar-y-j/Desktop/Projects/taskflow/src/app/router.tsx": {"path":"/home/sagar-y-j/Desktop/Projects/taskflow/src/app/router.tsx","statementMap":{"0":{"start":{"line":1,"column":0},"end":{"line":1,"column":54}},"1":{"start":{"line":2,"column":0},"end":{"line":2,"column":38}},"2":{"start":{"line":3,"column":0},"end":{"line":3,"column":44}},"3":{"start":{"line":4,"column":0},"end":{"line":4,"column":34}},"4":{"start":{"line":5,"column":0},"end":{"line":5,"column":38}},"5":{"start":{"line":7,"column":0},"end":{"line":7,"column":42}},"6":{"start":{"line":8,"column":0},"end":{"line":8,"column":40}},"7":{"start":{"line":9,"column":0},"end":{"line":9,"column":40}},"8":{"start":{"line":10,"column":0},"end":{"line":10,"column":42}},"9":{"start":{"line":11,"column":0},"end":{"line":11,"column":40}},"10":{"start":{"line":13,"column":13},"end":{"line":33,"column":null}}},"fnMap":{},"branchMap":{},"s":{"0":0,"1":0,"2":0,"3":0,"4":0,"5":0,"6":0,"7":0,"8":0,"9":0,"10":0},"f":{},"b":{}}
,"/home/sagar-y-j/Desktop/Projects/taskflow/src/components/ActivityFeed.tsx": {"path":"/home/sagar-y-j/Desktop/Projects/taskflow/src/components/ActivityFeed.tsx","statementMap":{"0":{"start":{"line":7,"column":0},"end":{"line":7,"column":24}},"1":{"start":{"line":9,"column":2},"end":{"line":37,"column":null}},"2":{"start":{"line":15,"column":8},"end":{"line":16,"column":null}}},"fnMap":{"0":{"name":"ActivityFeed","decl":{"start":{"line":7,"column":24},"end":{"line":7,"column":36}},"loc":{"start":{"line":7,"column":56},"end":{"line":38,"column":1}}},"1":{"name":"(anonymous_1)","decl":{"start":{"line":13,"column":31},"end":{"line":13,"column":35}},"loc":{"start":{"line":15,"column":8},"end":{"line":16,"column":null}}}},"branchMap":{},"s":{"0":0,"1":0,"2":0},"f":{"0":0,"1":0},"b":{}}
,"/home/sagar-y-j/Desktop/Projects/taskflow/src/components/CommandPalette.tsx": {"path":"/home/sagar-y-j/Desktop/Projects/taskflow/src/components/CommandPalette.tsx","statementMap":{"0":{"start":{"line":15,"column":0},"end":{"line":15,"column":24}},"1":{"start":{"line":1,"column":0},"end":{"line":1,"column":52}},"2":{"start":{"line":2,"column":0},"end":{"line":2,"column":46}},"3":{"start":{"line":3,"column":0},"end":{"line":3,"column":56}},"4":{"start":{"line":17,"column":19},"end":{"line":17,"column":32}},"5":{"start":{"line":18,"column":20},"end":{"line":18,"column":31}},"6":{"start":{"line":20,"column":28},"end":{"line":20,"column":40}},"7":{"start":{"line":24,"column":2},"end":{"line":36,"column":null}},"8":{"start":{"line":27,"column":6},"end":{"line":27,"column":null}},"9":{"start":{"line":27,"column":30},"end":{"line":27,"column":null}},"10":{"start":{"line":30,"column":4},"end":{"line":30,"column":null}},"11":{"start":{"line":32,"column":4},"end":{"line":34,"column":null}},"12":{"start":{"line":33,"column":6},"end":{"line":33,"column":null}},"13":{"start":{"line":40,"column":18},"end":{"line":64,"column":30}},"14":{"start":{"line":42,"column":36},"end":{"line":56,"column":null}},"15":{"start":{"line":44,"column":48},"end":{"line":44,"column":70}},"16":{"start":{"line":45,"column":47},"end":{"line":45,"column":68}},"17":{"start":{"line":46,"column":47},"end":{"line":46,"column":68}},"18":{"start":{"line":47,"column":48},"end":{"line":47,"column":70}},"19":{"start":{"line":48,"column":47},"end":{"line":48,"column":68}},"20":{"start":{"line":49,"column":46},"end":{"line":49,"column":66}},"21":{"start":{"line":51,"column":28},"end":{"line":54,"column":8}},"22":{"start":{"line":53,"column":22},"end":{"line":53,"column":43}},"23":{"start":{"line":58,"column":4},"end":{"line":58,"column":null}},"24":{"start":{"line":58,"column":16},"end":{"line":58,"column":null}},"25":{"start":{"line":60,"column":4},"end":{"line":62,"column":null}},"26":{"start":{"line":61,"column":6},"end":{"line":61,"column":59}},"27":{"start":{"line":66,"column":2},"end":{"line":66,"column":null}},"28":{"start":{"line":66,"column":13},"end":{"line":66,"column":null}},"29":{"start":{"line":68,"column":2},"end":{"line":135,"column":null}},"30":{"start":{"line":79,"column":25},"end":{"line":79,"column":49}},"31":{"start":{"line":99,"column":12},"end":{"line":100,"column":null}},"32":{"start":{"line":102,"column":16},"end":{"line":102,"column":null}},"33":{"start":{"line":103,"column":16},"end":{"line":103,"column":null}},"34":{"start":{"line":104,"column":16},"end":{"line":104,"column":null}}},"fnMap":{"0":{"name":"CommandPalette","decl":{"start":{"line":15,"column":24},"end":{"line":15,"column":38}},"loc":{"start":{"line":15,"column":63},"end":{"line":136,"column":1}}},"1":{"name":"(anonymous_1)","decl":{"start":{"line":24,"column":12},"end":{"line":24,"column":15}},"loc":{"start":{"line":24,"column":17},"end":{"line":36,"column":3}}},"2":{"name":"handleEsc","decl":{"start":{"line":26,"column":13},"end":{"line":26,"column":22}},"loc":{"start":{"line":26,"column":39},"end":{"line":28,"column":5}}},"3":{"name":"(anonymous_3)","decl":{"start":{"line":32,"column":11},"end":{"line":32,"column":14}},"loc":{"start":{"line":32,"column":16},"end":{"line":34,"column":5}}},"4":{"name":"(anonymous_4)","decl":{"start":{"line":40,"column":26},"end":{"line":40,"column":29}},"loc":{"start":{"line":40,"column":31},"end":{"line":64,"column":3}}},"5":{"name":"(anonymous_5)","decl":{"start":{"line":44,"column":42},"end":{"line":44,"column":45}},"loc":{"start":{"line":44,"column":48},"end":{"line":44,"column":70}}},"6":{"name":"(anonymous_6)","decl":{"start":{"line":45,"column":41},"end":{"line":45,"column":44}},"loc":{"start":{"line":45,"column":47},"end":{"line":45,"column":68}}},"7":{"name":"(anonymous_7)","decl":{"start":{"line":46,"column":41},"end":{"line":46,"column":44}},"loc":{"start":{"line":46,"column":47},"end":{"line":46,"column":68}}},"8":{"name":"(anonymous_8)","decl":{"start":{"line":47,"column":42},"end":{"line":47,"column":45}},"loc":{"start":{"line":47,"column":48},"end":{"line":47,"column":70}}},"9":{"name":"(anonymous_9)","decl":{"start":{"line":48,"column":41},"end":{"line":48,"column":44}},"loc":{"start":{"line":48,"column":47},"end":{"line":48,"column":68}}},"10":{"name":"(anonymous_10)","decl":{"start":{"line":49,"column":40},"end":{"line":49,"column":43}},"loc":{"start":{"line":49,"column":46},"end":{"line":49,"column":66}}},"11":{"name":"(anonymous_11)","decl":{"start":{"line":51,"column":19},"end":{"line":51,"column":23}},"loc":{"start":{"line":51,"column":28},"end":{"line":54,"column":8}}},"12":{"name":"(anonymous_12)","decl":{"start":{"line":53,"column":16},"end":{"line":53,"column":19}},"loc":{"start":{"line":53,"column":22},"end":{"line":53,"column":43}}},"13":{"name":"(anonymous_13)","decl":{"start":{"line":60,"column":27},"end":{"line":60,"column":30}},"loc":{"start":{"line":61,"column":6},"end":{"line":61,"column":59}}},"14":{"name":"(anonymous_14)","decl":{"start":{"line":79,"column":20},"end":{"line":79,"column":21}},"loc":{"start":{"line":79,"column":25},"end":{"line":79,"column":49}}},"15":{"name":"(anonymous_15)","decl":{"start":{"line":97,"column":23},"end":{"line":97,"column":24}},"loc":{"start":{"line":99,"column":12},"end":{"line":100,"column":null}}},"16":{"name":"(anonymous_16)","decl":{"start":{"line":101,"column":23},"end":{"line":101,"column":25}},"loc":{"start":{"line":101,"column":27},"end":{"line":105,"column":15}}}},"branchMap":{"0":{"loc":{"start":{"line":27,"column":6},"end":{"line":27,"column":null}},"type":"if","locations":[{"start":{"line":27,"column":6},"end":{"line":27,"column":null}},{"start":{},"end":{}}]},"1":{"loc":{"start":{"line":58,"column":4},"end":{"line":58,"column":null}},"type":"if","locations":[{"start":{"line":58,"column":4},"end":{"line":58,"column":null}},{"start":{},"end":{}}]},"2":{"loc":{"start":{"line":66,"column":2},"end":{"line":66,"column":null}},"type":"if","locations":[{"start":{"line":66,"column":2},"end":{"line":66,"column":null}},{"start":{},"end":{}}]},"3":{"loc":{"start":{"line":121,"column":11},"end":{"line":125,"column":null}},"type":"binary-expr","locations":[{"start":{"line":121,"column":11},"end":{"line":121,"column":31}},{"start":{"line":123,"column":12},"end":{"line":123,"column":null}}]}},"s":{"0":0,"1":0,"2":0,"3":0,"4":0,"5":0,"6":0,"7":0,"8":0,"9":0,"10":0,"11":0,"12":0,"13":0,"14":0,"15":0,"16":0,"17":0,"18":0,"19":0,"20":0,"21":0,"22":0,"23":0,"24":0,"25":0,"26":0,"27":0,"28":0,"29":0,"30":0,"31":0,"32":0,"33":0,"34":0},"f":{"0":0,"1":0,"2":0,"3":0,"4":0,"5":0,"6":0,"7":0,"8":0,"9":0,"10":0,"11":0,"12":0,"13":0,"14":0,"15":0,"16":0},"b":{"0":[0,0],"1":[0,0],"2":[0,0],"3":[0,0]}}
,"/home/sagar-y-j/Desktop/Projects/taskflow/src/components/ToastProvider.tsx": {"path":"/home/sagar-y-j/Desktop/Projects/taskflow/src/components/ToastProvider.tsx","statementMap":{"0":{"start":{"line":17,"column":0},"end":{"line":17,"column":16}},"1":{"start":{"line":1,"column":0},"end":{"line":1,"column":null}},"2":{"start":{"line":7,"column":0},"end":{"line":7,"column":55}},"3":{"start":{"line":8,"column":0},"end":{"line":8,"column":61}},"4":{"start":{"line":9,"column":0},"end":{"line":9,"column":65}},"5":{"start":{"line":18,"column":30},"end":{"line":18,"column":51}},"6":{"start":{"line":20,"column":23},"end":{"line":22,"column":8}},"7":{"start":{"line":21,"column":4},"end":{"line":21,"column":null}},"8":{"start":{"line":21,"column":24},"end":{"line":21,"column":63}},"9":{"start":{"line":21,"column":47},"end":{"line":21,"column":62}},"10":{"start":{"line":24,"column":20},"end":{"line":34,"column":null}},"11":{"start":{"line":26,"column":17},"end":{"line":26,"column":36}},"12":{"start":{"line":28,"column":6},"end":{"line":28,"column":null}},"13":{"start":{"line":28,"column":26},"end":{"line":28,"column":61}},"14":{"start":{"line":30,"column":6},"end":{"line":32,"column":null}},"15":{"start":{"line":31,"column":8},"end":{"line":31,"column":null}},"16":{"start":{"line":37,"column":16},"end":{"line":37,"column":59}},"17":{"start":{"line":37,"column":31},"end":{"line":37,"column":44}},"18":{"start":{"line":39,"column":2},"end":{"line":55,"column":null}},"19":{"start":{"line":46,"column":12},"end":{"line":47,"column":null}},"20":{"start":{"line":49,"column":31},"end":{"line":49,"column":53}},"21":{"start":{"line":65,"column":54},"end":{"line":70,"column":null}},"22":{"start":{"line":72,"column":53},"end":{"line":75,"column":null}},"23":{"start":{"line":78,"column":4},"end":{"line":81,"column":null}},"24":{"start":{"line":84,"column":2},"end":{"line":104,"column":null}}},"fnMap":{"0":{"name":"ToastProvider","decl":{"start":{"line":17,"column":16},"end":{"line":17,"column":29}},"loc":{"start":{"line":17,"column":67},"end":{"line":56,"column":1}}},"1":{"name":"(anonymous_1)","decl":{"start":{"line":20,"column":35},"end":{"line":20,"column":36}},"loc":{"start":{"line":20,"column":50},"end":{"line":22,"column":3}}},"2":{"name":"(anonymous_2)","decl":{"start":{"line":21,"column":14},"end":{"line":21,"column":15}},"loc":{"start":{"line":21,"column":24},"end":{"line":21,"column":63}}},"3":{"name":"(anonymous_3)","decl":{"start":{"line":21,"column":36},"end":{"line":21,"column":37}},"loc":{"start":{"line":21,"column":47},"end":{"line":21,"column":62}}},"4":{"name":"(anonymous_4)","decl":{"start":{"line":25,"column":4},"end":{"line":25,"column":5}},"loc":{"start":{"line":25,"column":59},"end":{"line":33,"column":5}}},"5":{"name":"(anonymous_5)","decl":{"start":{"line":28,"column":16},"end":{"line":28,"column":17}},"loc":{"start":{"line":28,"column":26},"end":{"line":28,"column":61}}},"6":{"name":"(anonymous_6)","decl":{"start":{"line":30,"column":24},"end":{"line":30,"column":27}},"loc":{"start":{"line":30,"column":29},"end":{"line":32,"column":7}}},"7":{"name":"(anonymous_7)","decl":{"start":{"line":37,"column":24},"end":{"line":37,"column":27}},"loc":{"start":{"line":37,"column":31},"end":{"line":37,"column":44}}},"8":{"name":"(anonymous_8)","decl":{"start":{"line":45,"column":22},"end":{"line":45,"column":23}},"loc":{"start":{"line":46,"column":12},"end":{"line":47,"column":null}}},"9":{"name":"(anonymous_9)","decl":{"start":{"line":49,"column":25},"end":{"line":49,"column":28}},"loc":{"start":{"line":49,"column":31},"end":{"line":49,"column":53}}},"10":{"name":"ToastItem","decl":{"start":{"line":58,"column":9},"end":{"line":58,"column":18}},"loc":{"start":{"line":64,"column":1},"end":{"line":105,"column":1}}}},"branchMap":{"0":{"loc":{"start":{"line":25,"column":22},"end":{"line":25,"column":55}},"type":"default-arg","locations":[{"start":{"line":25,"column":46},"end":{"line":25,"column":55}}]},"1":{"loc":{"start":{"line":78,"column":4},"end":{"line":81,"column":null}},"type":"cond-expr","locations":[{"start":{"line":79,"column":6},"end":{"line":79,"column":61}},{"start":{"line":81,"column":6},"end":{"line":81,"column":60}}]}},"s":{"0":0,"1":0,"2":0,"3":0,"4":0,"5":0,"6":0,"7":0,"8":0,"9":0,"10":0,"11":0,"12":0,"13":0,"14":0,"15":0,"16":0,"17":0,"18":0,"19":0,"20":0,"21":0,"22":0,"23":0,"24":0},"f":{"0":0,"1":0,"2":0,"3":0,"4":0,"5":0,"6":0,"7":0,"8":0,"9":0,"10":0},"b":{"0":[0],"1":[0,0]}}
,"/home/sagar-y-j/Desktop/Projects/taskflow/src/components/toast-context.ts": {"path":"/home/sagar-y-j/Desktop/Projects/taskflow/src/components/toast-context.ts","statementMap":{"0":{"start":{"line":11,"column":0},"end":{"line":11,"column":16}},"1":{"start":{"line":1,"column":0},"end":{"line":1,"column":49}},"2":{"start":{"line":9,"column":13},"end":{"line":9,"column":null}},"3":{"start":{"line":12,"column":18},"end":{"line":12,"column":42}},"4":{"start":{"line":14,"column":2},"end":{"line":16,"column":3}},"5":{"start":{"line":15,"column":4},"end":{"line":15,"column":null}},"6":{"start":{"line":18,"column":2},"end":{"line":18,"column":null}}},"fnMap":{"0":{"name":"useToast","decl":{"start":{"line":11,"column":16},"end":{"line":11,"column":24}},"loc":{"start":{"line":11,"column":24},"end":{"line":19,"column":1}}}},"branchMap":{"0":{"loc":{"start":{"line":14,"column":2},"end":{"line":16,"column":3}},"type":"if","locations":[{"start":{"line":14,"column":2},"end":{"line":16,"column":3}},{"start":{},"end":{}}]}},"s":{"0":0,"1":0,"2":0,"3":0,"4":0,"5":0,"6":0},"f":{"0":0},"b":{"0":[0,0]}}
,"/home/sagar-y-j/Desktop/Projects/taskflow/src/components/charts/AgingChart.tsx": {"path":"/home/sagar-y-j/Desktop/Projects/taskflow/src/components/charts/AgingChart.tsx","statementMap":{"0":{"start":{"line":12,"column":0},"end":{"line":12,"column":24}},"1":{"start":{"line":1,"column":0},"end":{"line":1,"column":41}},"2":{"start":{"line":2,"column":0},"end":{"line":2,"column":24}},"3":{"start":{"line":5,"column":0},"end":{"line":5,"column":76}},"4":{"start":{"line":14,"column":14},"end":{"line":14,"column":48}},"5":{"start":{"line":16,"column":2},"end":{"line":89,"column":null}},"6":{"start":{"line":18,"column":16},"end":{"line":18,"column":38}},"7":{"start":{"line":19,"column":4},"end":{"line":19,"column":null}},"8":{"start":{"line":21,"column":16},"end":{"line":21,"column":26}},"9":{"start":{"line":22,"column":31},"end":{"line":22,"column":62}},"10":{"start":{"line":24,"column":18},"end":{"line":28,"column":null}},"11":{"start":{"line":30,"column":4},"end":{"line":42,"column":null}},"12":{"start":{"line":32,"column":6},"end":{"line":32,"column":70}},"13":{"start":{"line":32,"column":64},"end":{"line":32,"column":70}},"14":{"start":{"line":35,"column":8},"end":{"line":36,"column":23}},"15":{"start":{"line":38,"column":6},"end":{"line":40,"column":null}},"16":{"start":{"line":38,"column":21},"end":{"line":38,"column":null}},"17":{"start":{"line":39,"column":11},"end":{"line":40,"column":null}},"18":{"start":{"line":39,"column":26},"end":{"line":39,"column":null}},"19":{"start":{"line":40,"column":11},"end":{"line":40,"column":null}},"20":{"start":{"line":44,"column":17},"end":{"line":47,"column":7}},"21":{"start":{"line":44,"column":63},"end":{"line":47,"column":6}},"22":{"start":{"line":49,"column":19},"end":{"line":49,"column":63}},"23":{"start":{"line":50,"column":18},"end":{"line":50,"column":50}},"24":{"start":{"line":51,"column":19},"end":{"line":51,"column":51}},"25":{"start":{"line":53,"column":18},"end":{"line":57,"column":67}},"26":{"start":{"line":59,"column":14},"end":{"line":62,"column":19}},"27":{"start":{"line":60,"column":26},"end":{"line":60,"column":33}},"28":{"start":{"line":64,"column":14},"end":{"line":66,"column":24}},"29":{"start":{"line":65,"column":32},"end":{"line":65,"column":39}},"30":{"start":{"line":68,"column":4},"end":{"line":70,"column":null}},"31":{"start":{"line":72,"column":4},"end":{"line":73,"column":null}},"32":{"start":{"line":75,"column":4},"end":{"line":87,"column":null}},"33":{"start":{"line":79,"column":19},"end":{"line":79,"column":30}},"34":{"start":{"line":86,"column":19},"end":{"line":86,"column":29}},"35":{"start":{"line":87,"column":24},"end":{"line":87,"column":41}},"36":{"start":{"line":91,"column":2},"end":{"line":91,"column":null}}},"fnMap":{"0":{"name":"AgingChart","decl":{"start":{"line":12,"column":24},"end":{"line":12,"column":34}},"loc":{"start":{"line":12,"column":61},"end":{"line":92,"column":1}}},"1":{"name":"(anonymous_10)","decl":{"start":{"line":16,"column":12},"end":{"line":16,"column":15}},"loc":{"start":{"line":16,"column":17},"end":{"line":89,"column":3}}},"2":{"name":"(anonymous_11)","decl":{"start":{"line":30,"column":18},"end":{"line":30,"column":22}},"loc":{"start":{"line":30,"column":25},"end":{"line":42,"column":5}}},"3":{"name":"(anonymous_12)","decl":{"start":{"line":44,"column":43},"end":{"line":44,"column":44}},"loc":{"start":{"line":44,"column":63},"end":{"line":47,"column":6}}},"4":{"name":"(anonymous_13)","decl":{"start":{"line":60,"column":23},"end":{"line":60,"column":24}},"loc":{"start":{"line":60,"column":26},"end":{"line":60,"column":33}}},"5":{"name":"(anonymous_14)","decl":{"start":{"line":65,"column":29},"end":{"line":65,"column":30}},"loc":{"start":{"line":65,"column":32},"end":{"line":65,"column":39}}},"6":{"name":"(anonymous_15)","decl":{"start":{"line":79,"column":16},"end":{"line":79,"column":17}},"loc":{"start":{"line":79,"column":19},"end":{"line":79,"column":30}}},"7":{"name":"(anonymous_16)","decl":{"start":{"line":86,"column":16},"end":{"line":86,"column":17}},"loc":{"start":{"line":86,"column":19},"end":{"line":86,"column":29}}},"8":{"name":"(anonymous_17)","decl":{"start":{"line":87,"column":21},"end":{"line":87,"column":22}},"loc":{"start":{"line":87,"column":24},"end":{"line":87,"column":41}}}},"branchMap":{"0":{"loc":{"start":{"line":32,"column":6},"end":{"line":32,"column":70}},"type":"if","locations":[{"start":{"line":32,"column":6},"end":{"line":32,"column":70}},{"start":{},"end":{}}]},"1":{"loc":{"start":{"line":32,"column":10},"end":{"line":32,"column":62}},"type":"binary-expr","locations":[{"start":{"line":32,"column":10},"end":{"line":32,"column":23}},{"start":{"line":32,"column":27},"end":{"line":32,"column":62}}]},"2":{"loc":{"start":{"line":38,"column":6},"end":{"line":40,"column":null}},"type":"if","locations":[{"start":{"line":38,"column":6},"end":{"line":40,"column":null}},{"start":{"line":39,"column":11},"end":{"line":40,"column":null}}]},"3":{"loc":{"start":{"line":39,"column":11},"end":{"line":40,"column":null}},"type":"if","locations":[{"start":{"line":39,"column":11},"end":{"line":40,"column":null}},{"start":{"line":40,"column":11},"end":{"line":40,"column":null}}]},"4":{"loc":{"start":{"line":65,"column":17},"end":{"line":65,"column":45}},"type":"binary-expr","locations":[{"start":{"line":65,"column":17},"end":{"line":65,"column":40}},{"start":{"line":65,"column":44},"end":{"line":65,"column":45}}]}},"s":{"0":0,"1":0,"2":0,"3":0,"4":0,"5":0,"6":0,"7":0,"8":0,"9":0,"10":0,"11":0,"12":0,"13":0,"14":0,"15":0,"16":0,"17":0,"18":0,"19":0,"20":0,"21":0,"22":0,"23":0,"24":0,"25":0,"26":0,"27":0,"28":0,"29":0,"30":0,"31":0,"32":0,"33":0,"34":0,"35":0,"36":0},"f":{"0":0,"1":0,"2":0,"3":0,"4":0,"5":0,"6":0,"7":0,"8":0},"b":{"0":[0,0],"1":[0,0],"2":[0,0],"3":[0,0],"4":[0,0]}}
,"/home/sagar-y-j/Desktop/Projects/taskflow/src/components/charts/CompletionRing.tsx": {"path":"/home/sagar-y-j/Desktop/Projects/taskflow/src/components/charts/CompletionRing.tsx","statementMap":{"0":{"start":{"line":10,"column":0},"end":{"line":10,"column":24}},"1":{"start":{"line":3,"column":0},"end":{"line":3,"column":76}},"2":{"start":{"line":11,"column":29},"end":{"line":11,"column":60}},"3":{"start":{"line":13,"column":16},"end":{"line":13,"column":28}},"4":{"start":{"line":14,"column":20},"end":{"line":14,"column":86}},"5":{"start":{"line":14,"column":43},"end":{"line":14,"column":78}},"6":{"start":{"line":16,"column":18},"end":{"line":16,"column":73}},"7":{"start":{"line":18,"column":17},"end":{"line":18,"column":19}},"8":{"start":{"line":19,"column":17},"end":{"line":19,"column":19}},"9":{"start":{"line":20,"column":27},"end":{"line":20,"column":48}},"10":{"start":{"line":21,"column":24},"end":{"line":21,"column":54}},"11":{"start":{"line":24,"column":4},"end":{"line":24,"column":51}},"12":{"start":{"line":26,"column":2},"end":{"line":76,"column":null}}},"fnMap":{"0":{"name":"CompletionRing","decl":{"start":{"line":10,"column":24},"end":{"line":10,"column":38}},"loc":{"start":{"line":10,"column":65},"end":{"line":77,"column":1}}},"1":{"name":"(anonymous_1)","decl":{"start":{"line":14,"column":33},"end":{"line":14,"column":34}},"loc":{"start":{"line":14,"column":43},"end":{"line":14,"column":78}}}},"branchMap":{"0":{"loc":{"start":{"line":16,"column":18},"end":{"line":16,"column":73}},"type":"cond-expr","locations":[{"start":{"line":16,"column":32},"end":{"line":16,"column":33}},{"start":{"line":16,"column":36},"end":{"line":16,"column":73}}]}},"s":{"0":0,"1":0,"2":0,"3":0,"4":0,"5":0,"6":0,"7":0,"8":0,"9":0,"10":0,"11":0,"12":0},"f":{"0":0,"1":0},"b":{"0":[0,0]}}
,"/home/sagar-y-j/Desktop/Projects/taskflow/src/components/charts/PriorityChart.tsx": {"path":"/home/sagar-y-j/Desktop/Projects/taskflow/src/components/charts/PriorityChart.tsx","statementMap":{"0":{"start":{"line":9,"column":0},"end":{"line":9,"column":24}},"1":{"start":{"line":1,"column":0},"end":{"line":1,"column":41}},"2":{"start":{"line":2,"column":0},"end":{"line":2,"column":24}},"3":{"start":{"line":11,"column":14},"end":{"line":11,"column":48}},"4":{"start":{"line":13,"column":2},"end":{"line":76,"column":null}},"5":{"start":{"line":15,"column":16},"end":{"line":15,"column":38}},"6":{"start":{"line":16,"column":4},"end":{"line":16,"column":null}},"7":{"start":{"line":18,"column":17},"end":{"line":22,"column":null}},"8":{"start":{"line":19,"column":47},"end":{"line":19,"column":67}},"9":{"start":{"line":20,"column":50},"end":{"line":20,"column":73}},"10":{"start":{"line":21,"column":48},"end":{"line":21,"column":69}},"11":{"start":{"line":24,"column":18},"end":{"line":24,"column":21}},"12":{"start":{"line":25,"column":19},"end":{"line":25,"column":22}},"13":{"start":{"line":26,"column":19},"end":{"line":26,"column":46}},"14":{"start":{"line":28,"column":14},"end":{"line":32,"column":66}},"15":{"start":{"line":34,"column":18},"end":{"line":35,"column":47}},"16":{"start":{"line":37,"column":16},"end":{"line":38,"column":26}},"17":{"start":{"line":38,"column":18},"end":{"line":38,"column":25}},"18":{"start":{"line":40,"column":16},"end":{"line":42,"column":26}},"19":{"start":{"line":44,"column":17},"end":{"line":47,"column":18}},"20":{"start":{"line":50,"column":4},"end":{"line":65,"column":null}},"21":{"start":{"line":51,"column":30},"end":{"line":51,"column":46}},"22":{"start":{"line":56,"column":28},"end":{"line":58,"column":null}},"23":{"start":{"line":61,"column":8},"end":{"line":63,"column":null}},"24":{"start":{"line":62,"column":10},"end":{"line":62,"column":null}},"25":{"start":{"line":68,"column":4},"end":{"line":74,"column":null}},"26":{"start":{"line":69,"column":30},"end":{"line":69,"column":61}},"27":{"start":{"line":74,"column":17},"end":{"line":74,"column":29}},"28":{"start":{"line":78,"column":2},"end":{"line":78,"column":null}}},"fnMap":{"0":{"name":"PriorityChart","decl":{"start":{"line":9,"column":24},"end":{"line":9,"column":37}},"loc":{"start":{"line":9,"column":54},"end":{"line":79,"column":1}}},"1":{"name":"(anonymous_10)","decl":{"start":{"line":13,"column":12},"end":{"line":13,"column":15}},"loc":{"start":{"line":13,"column":17},"end":{"line":76,"column":3}}},"2":{"name":"(anonymous_11)","decl":{"start":{"line":19,"column":42},"end":{"line":19,"column":43}},"loc":{"start":{"line":19,"column":47},"end":{"line":19,"column":67}}},"3":{"name":"(anonymous_12)","decl":{"start":{"line":20,"column":45},"end":{"line":20,"column":46}},"loc":{"start":{"line":20,"column":50},"end":{"line":20,"column":73}}},"4":{"name":"(anonymous_13)","decl":{"start":{"line":21,"column":43},"end":{"line":21,"column":44}},"loc":{"start":{"line":21,"column":48},"end":{"line":21,"column":69}}},"5":{"name":"(anonymous_14)","decl":{"start":{"line":38,"column":13},"end":{"line":38,"column":14}},"loc":{"start":{"line":38,"column":18},"end":{"line":38,"column":25}}},"6":{"name":"(anonymous_15)","decl":{"start":{"line":51,"column":20},"end":{"line":51,"column":21}},"loc":{"start":{"line":51,"column":30},"end":{"line":51,"column":46}}},"7":{"name":"(anonymous_16)","decl":{"start":{"line":54,"column":22},"end":{"line":54,"column":32}},"loc":{"start":{"line":54,"column":33},"end":{"line":65,"column":7}}},"8":{"name":"(anonymous_17)","decl":{"start":{"line":61,"column":15},"end":{"line":61,"column":25}},"loc":{"start":{"line":61,"column":26},"end":{"line":63,"column":9}}},"9":{"name":"(anonymous_18)","decl":{"start":{"line":69,"column":25},"end":{"line":69,"column":26}},"loc":{"start":{"line":69,"column":30},"end":{"line":69,"column":61}}},"10":{"name":"(anonymous_19)","decl":{"start":{"line":74,"column":12},"end":{"line":74,"column":13}},"loc":{"start":{"line":74,"column":17},"end":{"line":74,"column":29}}}},"branchMap":{},"s":{"0":0,"1":0,"2":0,"3":0,"4":0,"5":0,"6":0,"7":0,"8":0,"9":0,"10":0,"11":0,"12":0,"13":0,"14":0,"15":0,"16":0,"17":0,"18":0,"19":0,"20":0,"21":0,"22":0,"23":0,"24":0,"25":0,"26":0,"27":0,"28":0},"f":{"0":0,"1":0,"2":0,"3":0,"4":0,"5":0,"6":0,"7":0,"8":0,"9":0,"10":0},"b":{}}
,"/home/sagar-y-j/Desktop/Projects/taskflow/src/components/charts/StatusChart.tsx": {"path":"/home/sagar-y-j/Desktop/Projects/taskflow/src/components/charts/StatusChart.tsx","statementMap":{"0":{"start":{"line":19,"column":0},"end":{"line":19,"column":24}},"1":{"start":{"line":1,"column":0},"end":{"line":1,"column":41}},"2":{"start":{"line":2,"column":0},"end":{"line":2,"column":42}},"3":{"start":{"line":3,"column":0},"end":{"line":3,"column":47}},"4":{"start":{"line":4,"column":0},"end":{"line":4,"column":68}},"5":{"start":{"line":21,"column":19},"end":{"line":21,"column":47}},"6":{"start":{"line":23,"column":2},"end":{"line":125,"column":null}},"7":{"start":{"line":25,"column":4},"end":{"line":25,"column":33}},"8":{"start":{"line":25,"column":27},"end":{"line":25,"column":33}},"9":{"start":{"line":27,"column":17},"end":{"line":27,"column":47}},"10":{"start":{"line":29,"column":4},"end":{"line":29,"column":null}},"11":{"start":{"line":31,"column":18},"end":{"line":32,"column":null}},"12":{"start":{"line":35,"column":19},"end":{"line":35,"column":70}},"13":{"start":{"line":36,"column":22},"end":{"line":36,"column":50}},"14":{"start":{"line":38,"column":17},"end":{"line":42,"column":7}},"15":{"start":{"line":38,"column":43},"end":{"line":42,"column":6}},"16":{"start":{"line":40,"column":31},"end":{"line":40,"column":53}},"17":{"start":{"line":46,"column":22},"end":{"line":46,"column":54}},"18":{"start":{"line":48,"column":4},"end":{"line":50,"column":null}},"19":{"start":{"line":52,"column":4},"end":{"line":55,"column":null}},"20":{"start":{"line":57,"column":18},"end":{"line":61,"column":null}},"21":{"start":{"line":64,"column":4},"end":{"line":64,"column":null}},"22":{"start":{"line":68,"column":22},"end":{"line":68,"column":54}},"23":{"start":{"line":70,"column":4},"end":{"line":72,"column":null}},"24":{"start":{"line":74,"column":4},"end":{"line":77,"column":null}},"25":{"start":{"line":79,"column":18},"end":{"line":82,"column":null}},"26":{"start":{"line":87,"column":19},"end":{"line":93,"column":null}},"27":{"start":{"line":96,"column":4},"end":{"line":96,"column":null}},"28":{"start":{"line":100,"column":3},"end":{"line":108,"column":null}},"29":{"start":{"line":102,"column":15},"end":{"line":102,"column":30}},"30":{"start":{"line":103,"column":2},"end":{"line":103,"column":null}},"31":{"start":{"line":103,"column":13},"end":{"line":103,"column":null}},"32":{"start":{"line":105,"column":18},"end":{"line":105,"column":47}},"33":{"start":{"line":107,"column":2},"end":{"line":107,"column":null}},"34":{"start":{"line":110,"column":0},"end":{"line":118,"column":null}},"35":{"start":{"line":112,"column":15},"end":{"line":112,"column":30}},"36":{"start":{"line":113,"column":2},"end":{"line":113,"column":null}},"37":{"start":{"line":113,"column":13},"end":{"line":113,"column":null}},"38":{"start":{"line":115,"column":18},"end":{"line":115,"column":47}},"39":{"start":{"line":117,"column":2},"end":{"line":117,"column":null}},"40":{"start":{"line":120,"column":4},"end":{"line":120,"column":null}},"41":{"start":{"line":121,"column":4},"end":{"line":121,"column":null}},"42":{"start":{"line":123,"column":4},"end":{"line":123,"column":null}},"43":{"start":{"line":123,"column":17},"end":{"line":123,"column":31}},"44":{"start":{"line":127,"column":2},"end":{"line":127,"column":null}}},"fnMap":{"0":{"name":"StatusChart","decl":{"start":{"line":19,"column":24},"end":{"line":19,"column":35}},"loc":{"start":{"line":19,"column":62},"end":{"line":129,"column":1}}},"1":{"name":"(anonymous_11)","decl":{"start":{"line":23,"column":12},"end":{"line":23,"column":15}},"loc":{"start":{"line":23,"column":17},"end":{"line":125,"column":3}}},"2":{"name":"(anonymous_12)","decl":{"start":{"line":38,"column":30},"end":{"line":38,"column":31}},"loc":{"start":{"line":38,"column":43},"end":{"line":42,"column":6}}},"3":{"name":"(anonymous_13)","decl":{"start":{"line":40,"column":26},"end":{"line":40,"column":27}},"loc":{"start":{"line":40,"column":31},"end":{"line":40,"column":53}}},"4":{"name":"(anonymous_14)","decl":{"start":{"line":100,"column":48},"end":{"line":100,"column":49}},"loc":{"start":{"line":100,"column":65},"end":{"line":108,"column":1}}},"5":{"name":"(anonymous_15)","decl":{"start":{"line":110,"column":47},"end":{"line":110,"column":48}},"loc":{"start":{"line":110,"column":66},"end":{"line":118,"column":1}}},"6":{"name":"(anonymous_16)","decl":{"start":{"line":123,"column":11},"end":{"line":123,"column":14}},"loc":{"start":{"line":123,"column":17},"end":{"line":123,"column":31}}}},"branchMap":{"0":{"loc":{"start":{"line":25,"column":4},"end":{"line":25,"column":33}},"type":"if","locations":[{"start":{"line":25,"column":4},"end":{"line":25,"column":33}},{"start":{},"end":{}}]},"1":{"loc":{"start":{"line":36,"column":22},"end":{"line":36,"column":50}},"type":"cond-expr","locations":[{"start":{"line":36,"column":31},"end":{"line":36,"column":39}},{"start":{"line":36,"column":42},"end":{"line":36,"column":50}}]},"2":{"loc":{"start":{"line":103,"column":2},"end":{"line":103,"column":null}},"type":"if","locations":[{"start":{"line":103,"column":2},"end":{"line":103,"column":null}},{"start":{},"end":{}}]},"3":{"loc":{"start":{"line":107,"column":9},"end":{"line":107,"column":30}},"type":"binary-expr","locations":[{"start":{"line":107,"column":9},"end":{"line":107,"column":22}},{"start":{"line":107,"column":26},"end":{"line":107,"column":30}}]},"4":{"loc":{"start":{"line":113,"column":2},"end":{"line":113,"column":null}},"type":"if","locations":[{"start":{"line":113,"column":2},"end":{"line":113,"column":null}},{"start":{},"end":{}}]},"5":{"loc":{"start":{"line":117,"column":9},"end":{"line":117,"column":32}},"type":"binary-expr","locations":[{"start":{"line":117,"column":9},"end":{"line":117,"column":22}},{"start":{"line":117,"column":26},"end":{"line":117,"column":32}}]}},"s":{"0":0,"1":0,"2":0,"3":0,"4":0,"5":0,"6":0,"7":0,"8":0,"9":0,"10":0,"11":0,"12":0,"13":0,"14":0,"15":0,"16":0,"17":0,"18":0,"19":0,"20":0,"21":0,"22":0,"23":0,"24":0,"25":0,"26":0,"27":0,"28":0,"29":0,"30":0,"31":0,"32":0,"33":0,"34":0,"35":0,"36":0,"37":0,"38":0,"39":0,"40":0,"41":0,"42":0,"43":0,"44":0},"f":{"0":0,"1":0,"2":0,"3":0,"4":0,"5":0,"6":0},"b":{"0":[0,0],"1":[0,0],"2":[0,0],"3":[0,0],"4":[0,0],"5":[0,0]}}
,"/home/sagar-y-j/Desktop/Projects/taskflow/src/components/charts/TagChart.tsx": {"path":"/home/sagar-y-j/Desktop/Projects/taskflow/src/components/charts/TagChart.tsx","statementMap":{"0":{"start":{"line":9,"column":0},"end":{"line":9,"column":24}},"1":{"start":{"line":1,"column":0},"end":{"line":1,"column":41}},"2":{"start":{"line":2,"column":0},"end":{"line":2,"column":24}},"3":{"start":{"line":11,"column":14},"end":{"line":11,"column":48}},"4":{"start":{"line":13,"column":2},"end":{"line":71,"column":null}},"5":{"start":{"line":15,"column":16},"end":{"line":15,"column":38}},"6":{"start":{"line":16,"column":4},"end":{"line":16,"column":null}},"7":{"start":{"line":18,"column":46},"end":{"line":18,"column":48}},"8":{"start":{"line":20,"column":4},"end":{"line":24,"column":null}},"9":{"start":{"line":21,"column":6},"end":{"line":23,"column":null}},"10":{"start":{"line":22,"column":8},"end":{"line":22,"column":null}},"11":{"start":{"line":26,"column":17},"end":{"line":29,"column":7}},"12":{"start":{"line":26,"column":65},"end":{"line":29,"column":6}},"13":{"start":{"line":31,"column":19},"end":{"line":31,"column":63}},"14":{"start":{"line":32,"column":18},"end":{"line":32,"column":50}},"15":{"start":{"line":33,"column":19},"end":{"line":33,"column":51}},"16":{"start":{"line":35,"column":18},"end":{"line":39,"column":67}},"17":{"start":{"line":41,"column":14},"end":{"line":44,"column":19}},"18":{"start":{"line":42,"column":28},"end":{"line":42,"column":33}},"19":{"start":{"line":46,"column":14},"end":{"line":48,"column":24}},"20":{"start":{"line":47,"column":33},"end":{"line":47,"column":40}},"21":{"start":{"line":50,"column":4},"end":{"line":52,"column":null}},"22":{"start":{"line":54,"column":4},"end":{"line":55,"column":null}},"23":{"start":{"line":57,"column":4},"end":{"line":69,"column":null}},"24":{"start":{"line":61,"column":19},"end":{"line":61,"column":28}},"25":{"start":{"line":68,"column":19},"end":{"line":68,"column":29}},"26":{"start":{"line":69,"column":24},"end":{"line":69,"column":41}},"27":{"start":{"line":73,"column":2},"end":{"line":73,"column":null}}},"fnMap":{"0":{"name":"TagChart","decl":{"start":{"line":9,"column":24},"end":{"line":9,"column":32}},"loc":{"start":{"line":9,"column":49},"end":{"line":74,"column":1}}},"1":{"name":"(anonymous_10)","decl":{"start":{"line":13,"column":12},"end":{"line":13,"column":15}},"loc":{"start":{"line":13,"column":17},"end":{"line":71,"column":3}}},"2":{"name":"(anonymous_11)","decl":{"start":{"line":20,"column":18},"end":{"line":20,"column":22}},"loc":{"start":{"line":20,"column":25},"end":{"line":24,"column":5}}},"3":{"name":"(anonymous_12)","decl":{"start":{"line":21,"column":25},"end":{"line":21,"column":28}},"loc":{"start":{"line":21,"column":31},"end":{"line":23,"column":7}}},"4":{"name":"(anonymous_13)","decl":{"start":{"line":26,"column":47},"end":{"line":26,"column":48}},"loc":{"start":{"line":26,"column":65},"end":{"line":29,"column":6}}},"5":{"name":"(anonymous_14)","decl":{"start":{"line":42,"column":23},"end":{"line":42,"column":24}},"loc":{"start":{"line":42,"column":28},"end":{"line":42,"column":33}}},"6":{"name":"(anonymous_15)","decl":{"start":{"line":47,"column":30},"end":{"line":47,"column":31}},"loc":{"start":{"line":47,"column":33},"end":{"line":47,"column":40}}},"7":{"name":"(anonymous_16)","decl":{"start":{"line":61,"column":16},"end":{"line":61,"column":17}},"loc":{"start":{"line":61,"column":19},"end":{"line":61,"column":28}}},"8":{"name":"(anonymous_17)","decl":{"start":{"line":68,"column":16},"end":{"line":68,"column":17}},"loc":{"start":{"line":68,"column":19},"end":{"line":68,"column":29}}},"9":{"name":"(anonymous_18)","decl":{"start":{"line":69,"column":21},"end":{"line":69,"column":22}},"loc":{"start":{"line":69,"column":24},"end":{"line":69,"column":41}}}},"branchMap":{"0":{"loc":{"start":{"line":22,"column":26},"end":{"line":22,"column":45}},"type":"binary-expr","locations":[{"start":{"line":22,"column":26},"end":{"line":22,"column":40}},{"start":{"line":22,"column":44},"end":{"line":22,"column":45}}]},"1":{"loc":{"start":{"line":47,"column":18},"end":{"line":47,"column":46}},"type":"binary-expr","locations":[{"start":{"line":47,"column":18},"end":{"line":47,"column":41}},{"start":{"line":47,"column":45},"end":{"line":47,"column":46}}]}},"s":{"0":0,"1":0,"2":0,"3":0,"4":0,"5":0,"6":0,"7":0,"8":0,"9":0,"10":0,"11":0,"12":0,"13":0,"14":0,"15":0,"16":0,"17":0,"18":0,"19":0,"20":0,"21":0,"22":0,"23":0,"24":0,"25":0,"26":0,"27":0},"f":{"0":0,"1":0,"2":0,"3":0,"4":0,"5":0,"6":0,"7":0,"8":0,"9":0},"b":{"0":[0,0],"1":[0,0]}}
,"/home/sagar-y-j/Desktop/Projects/taskflow/src/components/charts/WeeklyChart.tsx": {"path":"/home/sagar-y-j/Desktop/Projects/taskflow/src/components/charts/WeeklyChart.tsx","statementMap":{"0":{"start":{"line":12,"column":0},"end":{"line":12,"column":24}},"1":{"start":{"line":1,"column":0},"end":{"line":1,"column":41}},"2":{"start":{"line":2,"column":0},"end":{"line":2,"column":24}},"3":{"start":{"line":5,"column":0},"end":{"line":5,"column":76}},"4":{"start":{"line":14,"column":14},"end":{"line":14,"column":48}},"5":{"start":{"line":16,"column":2},"end":{"line":86,"column":null}},"6":{"start":{"line":18,"column":16},"end":{"line":18,"column":38}},"7":{"start":{"line":19,"column":4},"end":{"line":19,"column":null}},"8":{"start":{"line":21,"column":18},"end":{"line":21,"column":21}},"9":{"start":{"line":22,"column":19},"end":{"line":22,"column":22}},"10":{"start":{"line":23,"column":19},"end":{"line":23,"column":63}},"11":{"start":{"line":25,"column":17},"end":{"line":25,"column":32}},"12":{"start":{"line":26,"column":31},"end":{"line":26,"column":62}},"13":{"start":{"line":28,"column":4},"end":{"line":33,"column":null}},"14":{"start":{"line":29,"column":6},"end":{"line":32,"column":7}},"15":{"start":{"line":30,"column":20},"end":{"line":30,"column":39}},"16":{"start":{"line":31,"column":8},"end":{"line":31,"column":null}},"17":{"start":{"line":35,"column":17},"end":{"line":35,"column":60}},"18":{"start":{"line":37,"column":14},"end":{"line":40,"column":19}},"19":{"start":{"line":42,"column":14},"end":{"line":44,"column":50}},"20":{"start":{"line":46,"column":4},"end":{"line":46,"column":null}},"21":{"start":{"line":49,"column":14},"end":{"line":51,"column":25}},"22":{"start":{"line":53,"column":0},"end":{"line":54,"column":null}},"23":{"start":{"line":56,"column":0},"end":{"line":57,"column":null}},"24":{"start":{"line":61,"column":14},"end":{"line":63,"column":23}},"25":{"start":{"line":65,"column":0},"end":{"line":66,"column":null}},"26":{"start":{"line":68,"column":0},"end":{"line":69,"column":null}},"27":{"start":{"line":72,"column":4},"end":{"line":84,"column":null}},"28":{"start":{"line":76,"column":27},"end":{"line":76,"column":38}},"29":{"start":{"line":83,"column":22},"end":{"line":83,"column":26}},"30":{"start":{"line":84,"column":27},"end":{"line":84,"column":56}},"31":{"start":{"line":88,"column":2},"end":{"line":88,"column":null}}},"fnMap":{"0":{"name":"WeeklyChart","decl":{"start":{"line":12,"column":24},"end":{"line":12,"column":35}},"loc":{"start":{"line":12,"column":62},"end":{"line":89,"column":1}}},"1":{"name":"(anonymous_10)","decl":{"start":{"line":16,"column":12},"end":{"line":16,"column":15}},"loc":{"start":{"line":16,"column":17},"end":{"line":86,"column":3}}},"2":{"name":"(anonymous_11)","decl":{"start":{"line":28,"column":18},"end":{"line":28,"column":22}},"loc":{"start":{"line":28,"column":25},"end":{"line":33,"column":5}}},"3":{"name":"(anonymous_12)","decl":{"start":{"line":76,"column":17},"end":{"line":76,"column":18}},"loc":{"start":{"line":76,"column":27},"end":{"line":76,"column":38}}},"4":{"name":"(anonymous_13)","decl":{"start":{"line":83,"column":17},"end":{"line":83,"column":18}},"loc":{"start":{"line":83,"column":22},"end":{"line":83,"column":26}}},"5":{"name":"(anonymous_14)","decl":{"start":{"line":84,"column":22},"end":{"line":84,"column":23}},"loc":{"start":{"line":84,"column":27},"end":{"line":84,"column":56}}}},"branchMap":{"0":{"loc":{"start":{"line":29,"column":6},"end":{"line":32,"column":7}},"type":"if","locations":[{"start":{"line":29,"column":6},"end":{"line":32,"column":7}},{"start":{},"end":{}}]},"1":{"loc":{"start":{"line":43,"column":18},"end":{"line":43,"column":36}},"type":"binary-expr","locations":[{"start":{"line":43,"column":18},"end":{"line":43,"column":31}},{"start":{"line":43,"column":35},"end":{"line":43,"column":36}}]}},"s":{"0":0,"1":0,"2":0,"3":0,"4":0,"5":0,"6":0,"7":0,"8":0,"9":0,"10":0,"11":0,"12":0,"13":0,"14":0,"15":0,"16":0,"17":0,"18":0,"19":0,"20":0,"21":0,"22":0,"23":0,"24":0,"25":0,"26":0,"27":0,"28":0,"29":0,"30":0,"31":0},"f":{"0":0,"1":0,"2":0,"3":0,"4":0,"5":0},"b":{"0":[0,0],"1":[0,0]}}
,"/home/sagar-y-j/Desktop/Projects/taskflow/src/features/auth/graphql/mutations.ts": {"path":"/home/sagar-y-j/Desktop/Projects/taskflow/src/features/auth/graphql/mutations.ts","statementMap":{"0":{"start":{"line":1,"column":0},"end":{"line":1,"column":36}},"1":{"start":{"line":3,"column":13},"end":{"line":14,"column":null}},"2":{"start":{"line":16,"column":13},"end":{"line":27,"column":null}},"3":{"start":{"line":29,"column":13},"end":{"line":35,"column":null}},"4":{"start":{"line":37,"column":13},"end":{"line":48,"column":null}},"5":{"start":{"line":50,"column":13},"end":{"line":66,"column":null}}},"fnMap":{},"branchMap":{},"s":{"0":0,"1":0,"2":0,"3":0,"4":0,"5":0},"f":{},"b":{}}
,"/home/sagar-y-j/Desktop/Projects/taskflow/src/features/auth/graphql/queries.ts": {"path":"/home/sagar-y-j/Desktop/Projects/taskflow/src/features/auth/graphql/queries.ts","statementMap":{"0":{"start":{"line":1,"column":0},"end":{"line":1,"column":36}},"1":{"start":{"line":3,"column":13},"end":{"line":17,"column":null}},"2":{"start":{"line":19,"column":13},"end":{"line":29,"column":null}}},"fnMap":{},"branchMap":{},"s":{"0":0,"1":0,"2":0},"f":{},"b":{}}
,"/home/sagar-y-j/Desktop/Projects/taskflow/src/features/kanban/KanbanBoard.tsx": {"path":"/home/sagar-y-j/Desktop/Projects/taskflow/src/features/kanban/KanbanBoard.tsx","statementMap":{"0":{"start":{"line":12,"column":0},"end":{"line":12,"column":24}},"1":{"start":{"line":1,"column":0},"end":{"line":1,"column":32}},"2":{"start":{"line":3,"column":0},"end":{"line":3,"column":39}},"3":{"start":{"line":4,"column":0},"end":{"line":4,"column":43}},"4":{"start":{"line":5,"column":0},"end":{"line":5,"column":53}},"5":{"start":{"line":6,"column":0},"end":{"line":6,"column":41}},"6":{"start":{"line":7,"column":0},"end":{"line":7,"column":35}},"7":{"start":{"line":9,"column":0},"end":{"line":9,"column":49}},"8":{"start":{"line":16,"column":6},"end":{"line":16,"column":17}},"9":{"start":{"line":17,"column":23},"end":{"line":17,"column":36}},"10":{"start":{"line":18,"column":41},"end":{"line":18,"column":68}},"11":{"start":{"line":19,"column":36},"end":{"line":19,"column":51}},"12":{"start":{"line":21,"column":4},"end":{"line":21,"column":54}},"13":{"start":{"line":22,"column":30},"end":{"line":22,"column":42}},"14":{"start":{"line":23,"column":30},"end":{"line":25,"column":10}},"15":{"start":{"line":26,"column":16},"end":{"line":26,"column":54}},"16":{"start":{"line":28,"column":24},"end":{"line":49,"column":4}},"17":{"start":{"line":29,"column":4},"end":{"line":37,"column":5}},"18":{"start":{"line":30,"column":26},"end":{"line":30,"column":46}},"19":{"start":{"line":31,"column":25},"end":{"line":31,"column":71}},"20":{"start":{"line":32,"column":24},"end":{"line":33,"column":null}},"21":{"start":{"line":33,"column":8},"end":{"line":33,"column":47}},"22":{"start":{"line":36,"column":6},"end":{"line":36,"column":null}},"23":{"start":{"line":36,"column":37},"end":{"line":36,"column":null}},"24":{"start":{"line":39,"column":4},"end":{"line":39,"column":null}},"25":{"start":{"line":39,"column":26},"end":{"line":39,"column":null}},"26":{"start":{"line":41,"column":4},"end":{"line":43,"column":5}},"27":{"start":{"line":42,"column":6},"end":{"line":42,"column":null}},"28":{"start":{"line":45,"column":4},"end":{"line":45,"column":null}},"29":{"start":{"line":45,"column":28},"end":{"line":45,"column":null}},"30":{"start":{"line":46,"column":4},"end":{"line":46,"column":null}},"31":{"start":{"line":46,"column":30},"end":{"line":46,"column":null}},"32":{"start":{"line":48,"column":4},"end":{"line":48,"column":null}},"33":{"start":{"line":51,"column":26},"end":{"line":51,"column":54}},"34":{"start":{"line":53,"column":2},"end":{"line":140,"column":null}},"35":{"start":{"line":61,"column":25},"end":{"line":61,"column":50}},"36":{"start":{"line":68,"column":10},"end":{"line":68,"column":52}},"37":{"start":{"line":85,"column":10},"end":{"line":85,"column":null}},"38":{"start":{"line":86,"column":10},"end":{"line":86,"column":null}},"39":{"start":{"line":97,"column":8},"end":{"line":98,"column":null}},"40":{"start":{"line":102,"column":48},"end":{"line":102,"column":73}},"41":{"start":{"line":105,"column":12},"end":{"line":105,"column":null}},"42":{"start":{"line":106,"column":12},"end":{"line":106,"column":null}},"43":{"start":{"line":127,"column":23},"end":{"line":127,"column":44}},"44":{"start":{"line":135,"column":23},"end":{"line":135,"column":42}}},"fnMap":{"0":{"name":"KanbanBoard","decl":{"start":{"line":12,"column":24},"end":{"line":12,"column":35}},"loc":{"start":{"line":12,"column":35},"end":{"line":141,"column":1}}},"1":{"name":"(anonymous_2)","decl":{"start":{"line":28,"column":37},"end":{"line":28,"column":38}},"loc":{"start":{"line":28,"column":46},"end":{"line":49,"column":3}}},"2":{"name":"(anonymous_3)","decl":{"start":{"line":32,"column":40},"end":{"line":32,"column":41}},"loc":{"start":{"line":33,"column":8},"end":{"line":33,"column":47}}},"3":{"name":"(anonymous_4)","decl":{"start":{"line":61,"column":18},"end":{"line":61,"column":19}},"loc":{"start":{"line":61,"column":25},"end":{"line":61,"column":50}}},"4":{"name":"(anonymous_5)","decl":{"start":{"line":67,"column":18},"end":{"line":67,"column":19}},"loc":{"start":{"line":68,"column":10},"end":{"line":68,"column":52}}},"5":{"name":"(anonymous_6)","decl":{"start":{"line":84,"column":17},"end":{"line":84,"column":20}},"loc":{"start":{"line":84,"column":22},"end":{"line":87,"column":9}}},"6":{"name":"(anonymous_7)","decl":{"start":{"line":96,"column":20},"end":{"line":96,"column":21}},"loc":{"start":{"line":97,"column":8},"end":{"line":98,"column":null}}},"7":{"name":"(anonymous_8)","decl":{"start":{"line":102,"column":38},"end":{"line":102,"column":39}},"loc":{"start":{"line":102,"column":48},"end":{"line":102,"column":73}}},"8":{"name":"(anonymous_9)","decl":{"start":{"line":104,"column":21},"end":{"line":104,"column":22}},"loc":{"start":{"line":104,"column":36},"end":{"line":107,"column":11}}},"9":{"name":"(anonymous_10)","decl":{"start":{"line":127,"column":17},"end":{"line":127,"column":20}},"loc":{"start":{"line":127,"column":23},"end":{"line":127,"column":44}}},"10":{"name":"(anonymous_11)","decl":{"start":{"line":135,"column":17},"end":{"line":135,"column":20}},"loc":{"start":{"line":135,"column":23},"end":{"line":135,"column":42}}}},"branchMap":{"0":{"loc":{"start":{"line":29,"column":4},"end":{"line":37,"column":5}},"type":"if","locations":[{"start":{"line":29,"column":4},"end":{"line":37,"column":5}},{"start":{},"end":{}}]},"1":{"loc":{"start":{"line":36,"column":6},"end":{"line":36,"column":null}},"type":"if","locations":[{"start":{"line":36,"column":6},"end":{"line":36,"column":null}},{"start":{},"end":{}}]},"2":{"loc":{"start":{"line":36,"column":10},"end":{"line":36,"column":35}},"type":"binary-expr","locations":[{"start":{"line":36,"column":10},"end":{"line":36,"column":21}},{"start":{"line":36,"column":25},"end":{"line":36,"column":35}}]},"3":{"loc":{"start":{"line":39,"column":4},"end":{"line":39,"column":null}},"type":"if","locations":[{"start":{"line":39,"column":4},"end":{"line":39,"column":null}},{"start":{},"end":{}}]},"4":{"loc":{"start":{"line":41,"column":4},"end":{"line":43,"column":5}},"type":"if","locations":[{"start":{"line":41,"column":4},"end":{"line":43,"column":5}},{"start":{},"end":{}}]},"5":{"loc":{"start":{"line":41,"column":8},"end":{"line":41,"column":68}},"type":"binary-expr","locations":[{"start":{"line":41,"column":8},"end":{"line":41,"column":24}},{"start":{"line":41,"column":28},"end":{"line":41,"column":47}},{"start":{"line":41,"column":51},"end":{"line":41,"column":68}}]},"6":{"loc":{"start":{"line":45,"column":4},"end":{"line":45,"column":null}},"type":"if","locations":[{"start":{"line":45,"column":4},"end":{"line":45,"column":null}},{"start":{},"end":{}}]},"7":{"loc":{"start":{"line":46,"column":4},"end":{"line":46,"column":null}},"type":"if","locations":[{"start":{"line":46,"column":4},"end":{"line":46,"column":null}},{"start":{},"end":{}}]},"8":{"loc":{"start":{"line":46,"column":45},"end":{"line":46,"column":81}},"type":"binary-expr","locations":[{"start":{"line":46,"column":45},"end":{"line":46,"column":57}},{"start":{"line":46,"column":61},"end":{"line":46,"column":81}}]},"9":{"loc":{"start":{"line":118,"column":5},"end":{"line":129,"column":null}},"type":"binary-expr","locations":[{"start":{"line":118,"column":5},"end":{"line":118,"column":17}},{"start":{"line":119,"column":6},"end":{"line":128,"column":null}}]},"10":{"loc":{"start":{"line":132,"column":5},"end":{"line":137,"column":null}},"type":"binary-expr","locations":[{"start":{"line":132,"column":5},"end":{"line":132,"column":14}},{"start":{"line":133,"column":6},"end":{"line":136,"column":null}}]}},"s":{"0":0,"1":0,"2":0,"3":0,"4":0,"5":0,"6":0,"7":0,"8":0,"9":0,"10":0,"11":0,"12":0,"13":0,"14":0,"15":0,"16":0,"17":0,"18":0,"19":0,"20":0,"21":0,"22":0,"23":0,"24":0,"25":0,"26":0,"27":0,"28":0,"29":0,"30":0,"31":0,"32":0,"33":0,"34":0,"35":0,"36":0,"37":0,"38":0,"39":0,"40":0,"41":0,"42":0,"43":0,"44":0},"f":{"0":0,"1":0,"2":0,"3":0,"4":0,"5":0,"6":0,"7":0,"8":0,"9":0,"10":0},"b":{"0":[0,0],"1":[0,0],"2":[0,0],"3":[0,0],"4":[0,0],"5":[0,0,0],"6":[0,0],"7":[0,0],"8":[0,0],"9":[0,0],"10":[0,0]}}
,"/home/sagar-y-j/Desktop/Projects/taskflow/src/features/kanban/KanbanCard.tsx": {"path":"/home/sagar-y-j/Desktop/Projects/taskflow/src/features/kanban/KanbanCard.tsx","statementMap":{"0":{"start":{"line":14,"column":0},"end":{"line":14,"column":24}},"1":{"start":{"line":1,"column":0},"end":{"line":1,"column":38}},"2":{"start":{"line":3,"column":0},"end":{"line":3,"column":32}},"3":{"start":{"line":4,"column":0},"end":{"line":4,"column":57}},"4":{"start":{"line":21,"column":24},"end":{"line":21,"column":34}},"5":{"start":{"line":23,"column":4},"end":{"line":24,"column":64}},"6":{"start":{"line":26,"column":50},"end":{"line":30,"column":null}},"7":{"start":{"line":32,"column":51},"end":{"line":36,"column":null}},"8":{"start":{"line":38,"column":32},"end":{"line":38,"column":47}},"9":{"start":{"line":39,"column":28},"end":{"line":39,"column":48}},"10":{"start":{"line":41,"column":2},"end":{"line":146,"column":null}},"11":{"start":{"line":45,"column":23},"end":{"line":45,"column":44}},"12":{"start":{"line":47,"column":10},"end":{"line":47,"column":null}},"13":{"start":{"line":48,"column":10},"end":{"line":48,"column":null}},"14":{"start":{"line":77,"column":6},"end":{"line":78,"column":null}},"15":{"start":{"line":97,"column":31},"end":{"line":97,"column":55}},"16":{"start":{"line":99,"column":16},"end":{"line":99,"column":null}},"17":{"start":{"line":100,"column":16},"end":{"line":100,"column":null}},"18":{"start":{"line":103,"column":16},"end":{"line":106,"column":17}},"19":{"start":{"line":104,"column":18},"end":{"line":104,"column":null}},"20":{"start":{"line":105,"column":18},"end":{"line":105,"column":null}},"21":{"start":{"line":116,"column":16},"end":{"line":116,"column":null}},"22":{"start":{"line":117,"column":16},"end":{"line":117,"column":null}},"23":{"start":{"line":128,"column":14},"end":{"line":128,"column":null}},"24":{"start":{"line":129,"column":14},"end":{"line":132,"column":15}},"25":{"start":{"line":130,"column":16},"end":{"line":130,"column":null}},"26":{"start":{"line":131,"column":16},"end":{"line":131,"column":22}},"27":{"start":{"line":134,"column":14},"end":{"line":134,"column":null}},"28":{"start":{"line":135,"column":14},"end":{"line":135,"column":null}}},"fnMap":{"0":{"name":"KanbanCard","decl":{"start":{"line":14,"column":24},"end":{"line":14,"column":34}},"loc":{"start":{"line":20,"column":8},"end":{"line":147,"column":1}}},"1":{"name":"(anonymous_1)","decl":{"start":{"line":45,"column":17},"end":{"line":45,"column":20}},"loc":{"start":{"line":45,"column":23},"end":{"line":45,"column":44}}},"2":{"name":"(anonymous_2)","decl":{"start":{"line":46,"column":21},"end":{"line":46,"column":22}},"loc":{"start":{"line":46,"column":60},"end":{"line":49,"column":9}}},"3":{"name":"(anonymous_3)","decl":{"start":{"line":76,"column":19},"end":{"line":76,"column":22}},"loc":{"start":{"line":77,"column":6},"end":{"line":78,"column":null}}},"4":{"name":"(anonymous_4)","decl":{"start":{"line":97,"column":24},"end":{"line":97,"column":25}},"loc":{"start":{"line":97,"column":31},"end":{"line":97,"column":55}}},"5":{"name":"(anonymous_5)","decl":{"start":{"line":98,"column":22},"end":{"line":98,"column":25}},"loc":{"start":{"line":98,"column":27},"end":{"line":101,"column":15}}},"6":{"name":"(anonymous_6)","decl":{"start":{"line":102,"column":25},"end":{"line":102,"column":26}},"loc":{"start":{"line":102,"column":31},"end":{"line":107,"column":15}}},"7":{"name":"(anonymous_7)","decl":{"start":{"line":115,"column":29},"end":{"line":115,"column":30}},"loc":{"start":{"line":115,"column":35},"end":{"line":118,"column":15}}},"8":{"name":"(anonymous_8)","decl":{"start":{"line":127,"column":21},"end":{"line":127,"column":22}},"loc":{"start":{"line":127,"column":27},"end":{"line":136,"column":13}}}},"branchMap":{"0":{"loc":{"start":{"line":23,"column":4},"end":{"line":24,"column":64}},"type":"binary-expr","locations":[{"start":{"line":23,"column":4},"end":{"line":23,"column":16}},{"start":{"line":24,"column":4},"end":{"line":24,"column":64}}]},"1":{"loc":{"start":{"line":58,"column":9},"end":{"line":64,"column":null}},"type":"binary-expr","locations":[{"start":{"line":58,"column":9},"end":{"line":58,"column":21}},{"start":{"line":59,"column":2},"end":{"line":63,"column":null}}]},"2":{"loc":{"start":{"line":61,"column":2},"end":{"line":61,"column":49}},"type":"cond-expr","locations":[{"start":{"line":61,"column":14},"end":{"line":61,"column":28}},{"start":{"line":61,"column":31},"end":{"line":61,"column":49}}]},"3":{"loc":{"start":{"line":63,"column":5},"end":{"line":63,"column":30}},"type":"binary-expr","locations":[{"start":{"line":63,"column":5},"end":{"line":63,"column":14}},{"start":{"line":63,"column":18},"end":{"line":63,"column":30}}]},"4":{"loc":{"start":{"line":74,"column":9},"end":{"line":88,"column":null}},"type":"binary-expr","locations":[{"start":{"line":74,"column":9},"end":{"line":74,"column":18}},{"start":{"line":74,"column":22},"end":{"line":74,"column":42}},{"start":{"line":75,"column":2},"end":{"line":87,"column":null}}]},"5":{"loc":{"start":{"line":93,"column":11},"end":{"line":122,"column":null}},"type":"cond-expr","locations":[{"start":{"line":94,"column":12},"end":{"line":111,"column":null}},{"start":{"line":114,"column":12},"end":{"line":121,"column":null}}]},"6":{"loc":{"start":{"line":103,"column":16},"end":{"line":106,"column":17}},"type":"if","locations":[{"start":{"line":103,"column":16},"end":{"line":106,"column":17}},{"start":{},"end":{}}]},"7":{"loc":{"start":{"line":129,"column":14},"end":{"line":132,"column":15}},"type":"if","locations":[{"start":{"line":129,"column":14},"end":{"line":132,"column":15}},{"start":{},"end":{}}]}},"s":{"0":0,"1":0,"2":0,"3":0,"4":0,"5":0,"6":0,"7":0,"8":0,"9":0,"10":0,"11":0,"12":0,"13":0,"14":0,"15":0,"16":0,"17":0,"18":0,"19":0,"20":0,"21":0,"22":0,"23":0,"24":0,"25":0,"26":0,"27":0,"28":0},"f":{"0":0,"1":0,"2":0,"3":0,"4":0,"5":0,"6":0,"7":0,"8":0},"b":{"0":[0,0],"1":[0,0],"2":[0,0],"3":[0,0],"4":[0,0,0],"5":[0,0],"6":[0,0],"7":[0,0]}}
,"/home/sagar-y-j/Desktop/Projects/taskflow/src/features/kanban/KanbanColumn.tsx": {"path":"/home/sagar-y-j/Desktop/Projects/taskflow/src/features/kanban/KanbanColumn.tsx","statementMap":{"0":{"start":{"line":21,"column":0},"end":{"line":21,"column":24}},"1":{"start":{"line":1,"column":0},"end":{"line":1,"column":38}},"2":{"start":{"line":3,"column":0},"end":{"line":3,"column":37}},"3":{"start":{"line":4,"column":0},"end":{"line":4,"column":32}},"4":{"start":{"line":35,"column":20},"end":{"line":35,"column":21}},"5":{"start":{"line":36,"column":26},"end":{"line":36,"column":37}},"6":{"start":{"line":38,"column":21},"end":{"line":38,"column":69}},"7":{"start":{"line":40,"column":19},"end":{"line":40,"column":45}},"8":{"start":{"line":42,"column":16},"end":{"line":42,"column":42}},"9":{"start":{"line":43,"column":25},"end":{"line":43,"column":62}},"10":{"start":{"line":45,"column":2},"end":{"line":151,"column":null}},"11":{"start":{"line":47,"column":25},"end":{"line":47,"column":43}},"12":{"start":{"line":49,"column":22},"end":{"line":49,"column":58}},"13":{"start":{"line":50,"column":23},"end":{"line":50,"column":59}},"14":{"start":{"line":51,"column":8},"end":{"line":51,"column":null}},"15":{"start":{"line":78,"column":25},"end":{"line":78,"column":42}},"16":{"start":{"line":91,"column":10},"end":{"line":92,"column":null}},"17":{"start":{"line":94,"column":14},"end":{"line":94,"column":null}},"18":{"start":{"line":96,"column":29},"end":{"line":96,"column":61}},"19":{"start":{"line":98,"column":14},"end":{"line":100,"column":15}},"20":{"start":{"line":99,"column":16},"end":{"line":99,"column":null}},"21":{"start":{"line":121,"column":27},"end":{"line":121,"column":61}},"22":{"start":{"line":121,"column":42},"end":{"line":121,"column":60}},"23":{"start":{"line":137,"column":27},"end":{"line":137,"column":70}},"24":{"start":{"line":137,"column":42},"end":{"line":137,"column":69}}},"fnMap":{"0":{"name":"KanbanColumn","decl":{"start":{"line":21,"column":24},"end":{"line":21,"column":36}},"loc":{"start":{"line":33,"column":8},"end":{"line":152,"column":1}}},"1":{"name":"(anonymous_2)","decl":{"start":{"line":47,"column":18},"end":{"line":47,"column":19}},"loc":{"start":{"line":47,"column":25},"end":{"line":47,"column":43}}},"2":{"name":"(anonymous_3)","decl":{"start":{"line":48,"column":14},"end":{"line":48,"column":15}},"loc":{"start":{"line":48,"column":20},"end":{"line":52,"column":7}}},"3":{"name":"(anonymous_4)","decl":{"start":{"line":78,"column":19},"end":{"line":78,"column":22}},"loc":{"start":{"line":78,"column":25},"end":{"line":78,"column":42}}},"4":{"name":"(anonymous_5)","decl":{"start":{"line":90,"column":28},"end":{"line":90,"column":29}},"loc":{"start":{"line":91,"column":10},"end":{"line":92,"column":null}}},"5":{"name":"(anonymous_6)","decl":{"start":{"line":93,"column":24},"end":{"line":93,"column":25}},"loc":{"start":{"line":93,"column":30},"end":{"line":101,"column":13}}},"6":{"name":"(anonymous_7)","decl":{"start":{"line":121,"column":21},"end":{"line":121,"column":24}},"loc":{"start":{"line":121,"column":27},"end":{"line":121,"column":61}}},"7":{"name":"(anonymous_8)","decl":{"start":{"line":121,"column":35},"end":{"line":121,"column":36}},"loc":{"start":{"line":121,"column":42},"end":{"line":121,"column":60}}},"8":{"name":"(anonymous_9)","decl":{"start":{"line":137,"column":21},"end":{"line":137,"column":24}},"loc":{"start":{"line":137,"column":27},"end":{"line":137,"column":70}}},"9":{"name":"(anonymous_10)","decl":{"start":{"line":137,"column":35},"end":{"line":137,"column":36}},"loc":{"start":{"line":137,"column":42},"end":{"line":137,"column":69}}}},"branchMap":{"0":{"loc":{"start":{"line":98,"column":14},"end":{"line":100,"column":15}},"type":"if","locations":[{"start":{"line":98,"column":14},"end":{"line":100,"column":15}},{"start":{},"end":{}}]},"1":{"loc":{"start":{"line":98,"column":18},"end":{"line":98,"column":46}},"type":"binary-expr","locations":[{"start":{"line":98,"column":18},"end":{"line":98,"column":24}},{"start":{"line":98,"column":28},"end":{"line":98,"column":46}}]},"2":{"loc":{"start":{"line":116,"column":7},"end":{"line":147,"column":null}},"type":"binary-expr","locations":[{"start":{"line":116,"column":7},"end":{"line":116,"column":21}},{"start":{"line":117,"column":8},"end":{"line":145,"column":null}}]}},"s":{"0":0,"1":0,"2":0,"3":0,"4":0,"5":0,"6":0,"7":0,"8":0,"9":0,"10":0,"11":0,"12":0,"13":0,"14":0,"15":0,"16":0,"17":0,"18":0,"19":0,"20":0,"21":0,"22":0,"23":0,"24":0},"f":{"0":0,"1":0,"2":0,"3":0,"4":0,"5":0,"6":0,"7":0,"8":0,"9":0},"b":{"0":[0,0],"1":[0,0],"2":[0,0]}}
,"/home/sagar-y-j/Desktop/Projects/taskflow/src/features/kanban/TaskDetailsModal.tsx": {"path":"/home/sagar-y-j/Desktop/Projects/taskflow/src/features/kanban/TaskDetailsModal.tsx","statementMap":{"0":{"start":{"line":17,"column":0},"end":{"line":17,"column":24}},"1":{"start":{"line":1,"column":0},"end":{"line":1,"column":32}},"2":{"start":{"line":28,"column":40},"end":{"line":28,"column":72}},"3":{"start":{"line":29,"column":32},"end":{"line":29,"column":60}},"4":{"start":{"line":30,"column":28},"end":{"line":30,"column":48}},"5":{"start":{"line":31,"column":30},"end":{"line":31,"column":51}},"6":{"start":{"line":32,"column":34},"end":{"line":32,"column":67}},"7":{"start":{"line":33,"column":26},"end":{"line":33,"column":63}},"8":{"start":{"line":34,"column":19},"end":{"line":51,"column":1}},"9":{"start":{"line":36,"column":2},"end":{"line":36,"column":null}},"10":{"start":{"line":37,"column":2},"end":{"line":37,"column":null}},"11":{"start":{"line":38,"column":2},"end":{"line":38,"column":null}},"12":{"start":{"line":40,"column":2},"end":{"line":40,"column":null}},"13":{"start":{"line":42,"column":20},"end":{"line":45,"column":20}},"14":{"start":{"line":44,"column":14},"end":{"line":44,"column":22}},"15":{"start":{"line":47,"column":2},"end":{"line":47,"column":null}},"16":{"start":{"line":48,"column":2},"end":{"line":48,"column":null}},"17":{"start":{"line":50,"column":2},"end":{"line":50,"column":null}},"18":{"start":{"line":53,"column":2},"end":{"line":165,"column":null}},"19":{"start":{"line":59,"column":24},"end":{"line":59,"column":43}},"20":{"start":{"line":70,"column":27},"end":{"line":70,"column":51}},"21":{"start":{"line":78,"column":27},"end":{"line":78,"column":52}},"22":{"start":{"line":82,"column":12},"end":{"line":82,"column":44}},"23":{"start":{"line":92,"column":27},"end":{"line":92,"column":66}},"24":{"start":{"line":104,"column":19},"end":{"line":104,"column":42}},"25":{"start":{"line":112,"column":19},"end":{"line":112,"column":45}},"26":{"start":{"line":121,"column":19},"end":{"line":121,"column":49}}},"fnMap":{"0":{"name":"TaskDetailsModal","decl":{"start":{"line":17,"column":24},"end":{"line":17,"column":40}},"loc":{"start":{"line":27,"column":8},"end":{"line":166,"column":1}}},"1":{"name":"(anonymous_1)","decl":{"start":{"line":34,"column":19},"end":{"line":34,"column":22}},"loc":{"start":{"line":34,"column":24},"end":{"line":51,"column":1}}},"2":{"name":"(anonymous_2)","decl":{"start":{"line":44,"column":9},"end":{"line":44,"column":10}},"loc":{"start":{"line":44,"column":14},"end":{"line":44,"column":22}}},"3":{"name":"(anonymous_3)","decl":{"start":{"line":59,"column":17},"end":{"line":59,"column":18}},"loc":{"start":{"line":59,"column":24},"end":{"line":59,"column":43}}},"4":{"name":"(anonymous_4)","decl":{"start":{"line":70,"column":20},"end":{"line":70,"column":21}},"loc":{"start":{"line":70,"column":27},"end":{"line":70,"column":51}}},"5":{"name":"(anonymous_5)","decl":{"start":{"line":78,"column":20},"end":{"line":78,"column":21}},"loc":{"start":{"line":78,"column":27},"end":{"line":78,"column":52}}},"6":{"name":"(anonymous_6)","decl":{"start":{"line":81,"column":24},"end":{"line":81,"column":25}},"loc":{"start":{"line":82,"column":12},"end":{"line":82,"column":44}}},"7":{"name":"(anonymous_7)","decl":{"start":{"line":92,"column":20},"end":{"line":92,"column":21}},"loc":{"start":{"line":92,"column":27},"end":{"line":92,"column":66}}},"8":{"name":"(anonymous_8)","decl":{"start":{"line":104,"column":12},"end":{"line":104,"column":13}},"loc":{"start":{"line":104,"column":19},"end":{"line":104,"column":42}}},"9":{"name":"(anonymous_9)","decl":{"start":{"line":112,"column":12},"end":{"line":112,"column":13}},"loc":{"start":{"line":112,"column":19},"end":{"line":112,"column":45}}},"10":{"name":"(anonymous_10)","decl":{"start":{"line":121,"column":12},"end":{"line":121,"column":13}},"loc":{"start":{"line":121,"column":19},"end":{"line":121,"column":49}}}},"branchMap":{"0":{"loc":{"start":{"line":28,"column":49},"end":{"line":28,"column":71}},"type":"binary-expr","locations":[{"start":{"line":28,"column":49},"end":{"line":28,"column":65}},{"start":{"line":28,"column":69},"end":{"line":28,"column":71}}]},"1":{"loc":{"start":{"line":29,"column":41},"end":{"line":29,"column":59}},"type":"binary-expr","locations":[{"start":{"line":29,"column":41},"end":{"line":29,"column":53}},{"start":{"line":29,"column":57},"end":{"line":29,"column":59}}]},"2":{"loc":{"start":{"line":33,"column":35},"end":{"line":33,"column":62}},"type":"binary-expr","locations":[{"start":{"line":33,"column":35},"end":{"line":33,"column":56}},{"start":{"line":33,"column":60},"end":{"line":33,"column":62}}]}},"s":{"0":0,"1":0,"2":0,"3":0,"4":0,"5":0,"6":0,"7":0,"8":0,"9":0,"10":0,"11":0,"12":0,"13":0,"14":0,"15":0,"16":0,"17":0,"18":0,"19":0,"20":0,"21":0,"22":0,"23":0,"24":0,"25":0,"26":0},"f":{"0":0,"1":0,"2":0,"3":0,"4":0,"5":0,"6":0,"7":0,"8":0,"9":0,"10":0},"b":{"0":[0,0],"1":[0,0],"2":[0,0]}}
,"/home/sagar-y-j/Desktop/Projects/taskflow/src/features/kanban/TaskModal.tsx": {"path":"/home/sagar-y-j/Desktop/Projects/taskflow/src/features/kanban/TaskModal.tsx","statementMap":{"0":{"start":{"line":17,"column":0},"end":{"line":17,"column":24}},"1":{"start":{"line":1,"column":0},"end":{"line":1,"column":32}},"2":{"start":{"line":18,"column":26},"end":{"line":18,"column":38}},"3":{"start":{"line":19,"column":28},"end":{"line":19,"column":40}},"4":{"start":{"line":20,"column":34},"end":{"line":20,"column":62}},"5":{"start":{"line":21,"column":32},"end":{"line":21,"column":44}},"6":{"start":{"line":22,"column":40},"end":{"line":22,"column":52}},"7":{"start":{"line":24,"column":23},"end":{"line":35,"column":3}},"8":{"start":{"line":25,"column":4},"end":{"line":25,"column":29}},"9":{"start":{"line":25,"column":23},"end":{"line":25,"column":29}},"10":{"start":{"line":27,"column":22},"end":{"line":30,"column":22}},"11":{"start":{"line":29,"column":16},"end":{"line":29,"column":24}},"12":{"start":{"line":32,"column":4},"end":{"line":32,"column":null}},"13":{"start":{"line":34,"column":4},"end":{"line":34,"column":null}},"14":{"start":{"line":37,"column":2},"end":{"line":111,"column":null}},"15":{"start":{"line":43,"column":24},"end":{"line":43,"column":43}},"16":{"start":{"line":53,"column":27},"end":{"line":53,"column":51}},"17":{"start":{"line":60,"column":27},"end":{"line":60,"column":66}},"18":{"start":{"line":72,"column":27},"end":{"line":72,"column":50}},"19":{"start":{"line":80,"column":27},"end":{"line":80,"column":53}},"20":{"start":{"line":89,"column":27},"end":{"line":89,"column":57}}},"fnMap":{"0":{"name":"TaskModal","decl":{"start":{"line":17,"column":24},"end":{"line":17,"column":33}},"loc":{"start":{"line":17,"column":70},"end":{"line":112,"column":1}}},"1":{"name":"(anonymous_1)","decl":{"start":{"line":24,"column":23},"end":{"line":24,"column":26}},"loc":{"start":{"line":24,"column":28},"end":{"line":35,"column":3}}},"2":{"name":"(anonymous_2)","decl":{"start":{"line":29,"column":11},"end":{"line":29,"column":12}},"loc":{"start":{"line":29,"column":16},"end":{"line":29,"column":24}}},"3":{"name":"(anonymous_3)","decl":{"start":{"line":43,"column":17},"end":{"line":43,"column":18}},"loc":{"start":{"line":43,"column":24},"end":{"line":43,"column":43}}},"4":{"name":"(anonymous_4)","decl":{"start":{"line":53,"column":20},"end":{"line":53,"column":21}},"loc":{"start":{"line":53,"column":27},"end":{"line":53,"column":51}}},"5":{"name":"(anonymous_5)","decl":{"start":{"line":60,"column":20},"end":{"line":60,"column":21}},"loc":{"start":{"line":60,"column":27},"end":{"line":60,"column":66}}},"6":{"name":"(anonymous_6)","decl":{"start":{"line":72,"column":20},"end":{"line":72,"column":21}},"loc":{"start":{"line":72,"column":27},"end":{"line":72,"column":50}}},"7":{"name":"(anonymous_7)","decl":{"start":{"line":80,"column":20},"end":{"line":80,"column":21}},"loc":{"start":{"line":80,"column":27},"end":{"line":80,"column":53}}},"8":{"name":"(anonymous_8)","decl":{"start":{"line":89,"column":20},"end":{"line":89,"column":21}},"loc":{"start":{"line":89,"column":27},"end":{"line":89,"column":57}}}},"branchMap":{"0":{"loc":{"start":{"line":25,"column":4},"end":{"line":25,"column":29}},"type":"if","locations":[{"start":{"line":25,"column":4},"end":{"line":25,"column":29}},{"start":{},"end":{}}]}},"s":{"0":1,"1":1,"2":57,"3":57,"4":57,"5":57,"6":57,"7":57,"8":2,"9":1,"10":1,"11":3,"12":1,"13":1,"14":57,"15":8,"16":11,"17":1,"18":20,"19":1,"20":22},"f":{"0":57,"1":2,"2":3,"3":8,"4":11,"5":1,"6":20,"7":1,"8":22},"b":{"0":[1,1]}}
,"/home/sagar-y-j/Desktop/Projects/taskflow/src/features/kanban/useKanban.ts": {"path":"/home/sagar-y-j/Desktop/Projects/taskflow/src/features/kanban/useKanban.ts","statementMap":{"0":{"start":{"line":19,"column":0},"end":{"line":19,"column":16}},"1":{"start":{"line":1,"column":0},"end":{"line":1,"column":43}},"2":{"start":{"line":3,"column":0},"end":{"line":3,"column":null}},"3":{"start":{"line":20,"column":28},"end":{"line":20,"column":48}},"4":{"start":{"line":21,"column":34},"end":{"line":21,"column":58}},"5":{"start":{"line":22,"column":38},"end":{"line":22,"column":67}},"6":{"start":{"line":25,"column":4},"end":{"line":30,"column":5}},"7":{"start":{"line":26,"column":24},"end":{"line":26,"column":42}},"8":{"start":{"line":27,"column":6},"end":{"line":27,"column":null}},"9":{"start":{"line":29,"column":6},"end":{"line":29,"column":null}},"10":{"start":{"line":34,"column":4},"end":{"line":39,"column":5}},"11":{"start":{"line":35,"column":27},"end":{"line":35,"column":50}},"12":{"start":{"line":36,"column":6},"end":{"line":36,"column":null}},"13":{"start":{"line":38,"column":6},"end":{"line":38,"column":null}},"14":{"start":{"line":42,"column":2},"end":{"line":48,"column":null}},"15":{"start":{"line":43,"column":18},"end":{"line":45,"column":9}},"16":{"start":{"line":44,"column":6},"end":{"line":44,"column":null}},"17":{"start":{"line":47,"column":4},"end":{"line":47,"column":null}},"18":{"start":{"line":47,"column":17},"end":{"line":47,"column":43}},"19":{"start":{"line":50,"column":2},"end":{"line":58,"column":null}},"20":{"start":{"line":51,"column":30},"end":{"line":51,"column":56}},"21":{"start":{"line":52,"column":35},"end":{"line":52,"column":69}},"22":{"start":{"line":54,"column":4},"end":{"line":57,"column":null}},"23":{"start":{"line":55,"column":6},"end":{"line":55,"column":null}},"24":{"start":{"line":56,"column":6},"end":{"line":56,"column":null}},"25":{"start":{"line":61,"column":4},"end":{"line":65,"column":5}},"26":{"start":{"line":62,"column":6},"end":{"line":62,"column":null}},"27":{"start":{"line":64,"column":6},"end":{"line":64,"column":null}},"28":{"start":{"line":68,"column":19},"end":{"line":75,"column":3}},"29":{"start":{"line":69,"column":21},"end":{"line":69,"column":50}},"30":{"start":{"line":70,"column":25},"end":{"line":70,"column":75}},"31":{"start":{"line":70,"column":51},"end":{"line":70,"column":74}},"32":{"start":{"line":72,"column":4},"end":{"line":72,"column":42}},"33":{"start":{"line":72,"column":36},"end":{"line":72,"column":42}},"34":{"start":{"line":74,"column":4},"end":{"line":74,"column":null}},"35":{"start":{"line":77,"column":18},"end":{"line":102,"column":3}},"36":{"start":{"line":85,"column":21},"end":{"line":85,"column":50}},"37":{"start":{"line":86,"column":25},"end":{"line":86,"column":88}},"38":{"start":{"line":86,"column":59},"end":{"line":86,"column":87}},"39":{"start":{"line":88,"column":4},"end":{"line":88,"column":42}},"40":{"start":{"line":88,"column":36},"end":{"line":88,"column":42}},"41":{"start":{"line":90,"column":25},"end":{"line":90,"column":78}},"42":{"start":{"line":90,"column":48},"end":{"line":90,"column":70}},"43":{"start":{"line":91,"column":19},"end":{"line":99,"column":6}},"44":{"start":{"line":101,"column":4},"end":{"line":101,"column":null}},"45":{"start":{"line":104,"column":28},"end":{"line":106,"column":3}},"46":{"start":{"line":105,"column":4},"end":{"line":105,"column":null}},"47":{"start":{"line":108,"column":21},"end":{"line":116,"column":3}},"48":{"start":{"line":109,"column":17},"end":{"line":109,"column":71}},"49":{"start":{"line":109,"column":45},"end":{"line":109,"column":70}},"50":{"start":{"line":111,"column":4},"end":{"line":111,"column":null}},"51":{"start":{"line":113,"column":4},"end":{"line":115,"column":5}},"52":{"start":{"line":114,"column":6},"end":{"line":114,"column":null}},"53":{"start":{"line":118,"column":22},"end":{"line":137,"column":3}},"54":{"start":{"line":119,"column":21},"end":{"line":119,"column":61}},"55":{"start":{"line":119,"column":42},"end":{"line":119,"column":60}},"56":{"start":{"line":120,"column":22},"end":{"line":120,"column":63}},"57":{"start":{"line":120,"column":43},"end":{"line":120,"column":62}},"58":{"start":{"line":122,"column":4},"end":{"line":122,"column":39}},"59":{"start":{"line":122,"column":33},"end":{"line":122,"column":39}},"60":{"start":{"line":123,"column":4},"end":{"line":123,"column":52}},"61":{"start":{"line":123,"column":46},"end":{"line":123,"column":52}},"62":{"start":{"line":125,"column":24},"end":{"line":125,"column":79}},"63":{"start":{"line":125,"column":47},"end":{"line":125,"column":78}},"64":{"start":{"line":126,"column":22},"end":{"line":126,"column":73}},"65":{"start":{"line":126,"column":54},"end":{"line":126,"column":72}},"66":{"start":{"line":127,"column":23},"end":{"line":127,"column":75}},"67":{"start":{"line":127,"column":55},"end":{"line":127,"column":74}},"68":{"start":{"line":129,"column":4},"end":{"line":129,"column":53}},"69":{"start":{"line":129,"column":47},"end":{"line":129,"column":53}},"70":{"start":{"line":131,"column":27},"end":{"line":131,"column":43}},"71":{"start":{"line":132,"column":24},"end":{"line":132,"column":59}},"72":{"start":{"line":133,"column":4},"end":{"line":133,"column":null}},"73":{"start":{"line":135,"column":4},"end":{"line":135,"column":null}},"74":{"start":{"line":135,"column":60},"end":{"line":135,"column":67}},"75":{"start":{"line":136,"column":4},"end":{"line":136,"column":null}},"76":{"start":{"line":139,"column":21},"end":{"line":142,"column":3}},"77":{"start":{"line":140,"column":4},"end":{"line":140,"column":null}},"78":{"start":{"line":141,"column":4},"end":{"line":141,"column":null}},"79":{"start":{"line":144,"column":24},"end":{"line":147,"column":3}},"80":{"start":{"line":145,"column":4},"end":{"line":145,"column":null}},"81":{"start":{"line":146,"column":4},"end":{"line":146,"column":null}},"82":{"start":{"line":149,"column":25},"end":{"line":152,"column":3}},"83":{"start":{"line":150,"column":4},"end":{"line":150,"column":null}},"84":{"start":{"line":151,"column":4},"end":{"line":151,"column":null}},"85":{"start":{"line":154,"column":21},"end":{"line":157,"column":3}},"86":{"start":{"line":155,"column":4},"end":{"line":155,"column":null}},"87":{"start":{"line":156,"column":4},"end":{"line":156,"column":null}},"88":{"start":{"line":159,"column":2},"end":{"line":173,"column":null}}},"fnMap":{"0":{"name":"useKanban","decl":{"start":{"line":19,"column":16},"end":{"line":19,"column":25}},"loc":{"start":{"line":19,"column":25},"end":{"line":174,"column":1}}},"1":{"name":"loadTasks","decl":{"start":{"line":24,"column":17},"end":{"line":24,"column":26}},"loc":{"start":{"line":24,"column":26},"end":{"line":31,"column":3}}},"2":{"name":"loadActivities","decl":{"start":{"line":33,"column":17},"end":{"line":33,"column":31}},"loc":{"start":{"line":33,"column":31},"end":{"line":40,"column":3}}},"3":{"name":"(anonymous_3)","decl":{"start":{"line":42,"column":12},"end":{"line":42,"column":15}},"loc":{"start":{"line":42,"column":17},"end":{"line":48,"column":3}}},"4":{"name":"(anonymous_4)","decl":{"start":{"line":43,"column":36},"end":{"line":43,"column":39}},"loc":{"start":{"line":43,"column":41},"end":{"line":45,"column":5}}},"5":{"name":"(anonymous_5)","decl":{"start":{"line":47,"column":11},"end":{"line":47,"column":14}},"loc":{"start":{"line":47,"column":17},"end":{"line":47,"column":43}}},"6":{"name":"(anonymous_6)","decl":{"start":{"line":50,"column":12},"end":{"line":50,"column":15}},"loc":{"start":{"line":50,"column":17},"end":{"line":58,"column":3}}},"7":{"name":"(anonymous_7)","decl":{"start":{"line":54,"column":11},"end":{"line":54,"column":14}},"loc":{"start":{"line":54,"column":16},"end":{"line":57,"column":5}}},"8":{"name":"logActivity","decl":{"start":{"line":60,"column":17},"end":{"line":60,"column":28}},"loc":{"start":{"line":60,"column":61},"end":{"line":66,"column":3}}},"9":{"name":"(anonymous_9)","decl":{"start":{"line":68,"column":19},"end":{"line":68,"column":24}},"loc":{"start":{"line":68,"column":67},"end":{"line":75,"column":3}}},"10":{"name":"(anonymous_10)","decl":{"start":{"line":70,"column":39},"end":{"line":70,"column":40}},"loc":{"start":{"line":70,"column":51},"end":{"line":70,"column":74}}},"11":{"name":"(anonymous_11)","decl":{"start":{"line":77,"column":18},"end":{"line":77,"column":23}},"loc":{"start":{"line":84,"column":6},"end":{"line":102,"column":3}}},"12":{"name":"(anonymous_12)","decl":{"start":{"line":86,"column":39},"end":{"line":86,"column":40}},"loc":{"start":{"line":86,"column":59},"end":{"line":86,"column":87}}},"13":{"name":"(anonymous_13)","decl":{"start":{"line":90,"column":38},"end":{"line":90,"column":39}},"loc":{"start":{"line":90,"column":48},"end":{"line":90,"column":70}}},"14":{"name":"(anonymous_14)","decl":{"start":{"line":104,"column":28},"end":{"line":104,"column":33}},"loc":{"start":{"line":104,"column":74},"end":{"line":106,"column":3}}},"15":{"name":"(anonymous_15)","decl":{"start":{"line":108,"column":21},"end":{"line":108,"column":26}},"loc":{"start":{"line":108,"column":46},"end":{"line":116,"column":3}}},"16":{"name":"(anonymous_16)","decl":{"start":{"line":109,"column":28},"end":{"line":109,"column":29}},"loc":{"start":{"line":109,"column":45},"end":{"line":109,"column":70}}},"17":{"name":"(anonymous_17)","decl":{"start":{"line":118,"column":22},"end":{"line":118,"column":27}},"loc":{"start":{"line":118,"column":64},"end":{"line":137,"column":3}}},"18":{"name":"(anonymous_18)","decl":{"start":{"line":119,"column":32},"end":{"line":119,"column":33}},"loc":{"start":{"line":119,"column":42},"end":{"line":119,"column":60}}},"19":{"name":"(anonymous_19)","decl":{"start":{"line":120,"column":33},"end":{"line":120,"column":34}},"loc":{"start":{"line":120,"column":43},"end":{"line":120,"column":62}}},"20":{"name":"(anonymous_20)","decl":{"start":{"line":125,"column":37},"end":{"line":125,"column":38}},"loc":{"start":{"line":125,"column":47},"end":{"line":125,"column":78}}},"21":{"name":"(anonymous_21)","decl":{"start":{"line":126,"column":44},"end":{"line":126,"column":45}},"loc":{"start":{"line":126,"column":54},"end":{"line":126,"column":72}}},"22":{"name":"(anonymous_22)","decl":{"start":{"line":127,"column":45},"end":{"line":127,"column":46}},"loc":{"start":{"line":127,"column":55},"end":{"line":127,"column":74}}},"23":{"name":"(anonymous_23)","decl":{"start":{"line":135,"column":50},"end":{"line":135,"column":51}},"loc":
[...]
{"name":"exportTasks","decl":{"start":{"line":222,"column":11},"end":{"line":222,"column":22}},"loc":{"start":{"line":222,"column":22},"end":{"line":233,"column":3}}},"18":{"name":"clearTasks","decl":{"start":{"line":235,"column":11},"end":{"line":235,"column":21}},"loc":{"start":{"line":235,"column":21},"end":{"line":241,"column":3}}},"19":{"name":"resetSettings","decl":{"start":{"line":243,"column":11},"end":{"line":243,"column":24}},"loc":{"start":{"line":243,"column":24},"end":{"line":249,"column":3}}},"20":{"name":"handleAddWorkflowStatus","decl":{"start":{"line":251,"column":11},"end":{"line":251,"column":34}},"loc":{"start":{"line":251,"column":34},"end":{"line":259,"column":3}}},"21":{"name":"(anonymous_21)","decl":{"start":{"line":270,"column":91},"end":{"line":270,"column":92}},"loc":{"start":{"line":270,"column":98},"end":{"line":270,"column":122}}},"22":{"name":"(anonymous_22)","decl":{"start":{"line":271,"column":99},"end":{"line":271,"column":100}},"loc":{"start":{"line":271,"column":106},"end":{"line":271,"column":134}}},"23":{"name":"(anonymous_23)","decl":{"start":{"line":272,"column":93},"end":{"line":272,"column":96}},"loc":{"start":{"line":272,"column":99},"end":{"line":272,"column":108}}},"24":{"name":"(anonymous_24)","decl":{"start":{"line":273,"column":98},"end":{"line":273,"column":99}},"loc":{"start":{"line":273,"column":105},"end":{"line":273,"column":136}}},"25":{"name":"(anonymous_25)","decl":{"start":{"line":274,"column":97},"end":{"line":274,"column":98}},"loc":{"start":{"line":274,"column":104},"end":{"line":274,"column":131}}},"26":{"name":"(anonymous_26)","decl":{"start":{"line":278,"column":22},"end":{"line":278,"column":23}},"loc":{"start":{"line":278,"column":33},"end":{"line":278,"column":65}}},"27":{"name":"(anonymous_27)","decl":{"start":{"line":279,"column":41},"end":{"line":279,"column":42}},"loc":{"start":{"line":279,"column":56},"end":{"line":279,"column":92}}},"28":{"name":"(anonymous_28)","decl":{"start":{"line":301,"column":22},"end":{"line":301,"column":23}},"loc":{"start":{"line":301,"column":33},"end":{"line":301,"column":71}}},"29":{"name":"(anonymous_29)","decl":{"start":{"line":339,"column":20},"end":{"line":339,"column":21}},"loc":{"start":{"line":339,"column":27},"end":{"line":339,"column":60}}},"30":{"name":"(anonymous_30)","decl":{"start":{"line":347,"column":20},"end":{"line":347,"column":21}},"loc":{"start":{"line":347,"column":27},"end":{"line":347,"column":65}}},"31":{"name":"(anonymous_31)","decl":{"start":{"line":353,"column":20},"end":{"line":353,"column":21}},"loc":{"start":{"line":353,"column":27},"end":{"line":353,"column":64}}},"32":{"name":"(anonymous_32)","decl":{"start":{"line":361,"column":20},"end":{"line":361,"column":21}},"loc":{"start":{"line":361,"column":27},"end":{"line":361,"column":74}}},"33":{"name":"(anonymous_33)","decl":{"start":{"line":388,"column":24},"end":{"line":388,"column":25}},"loc":{"start":{"line":388,"column":35},"end":{"line":388,"column":81}}},"34":{"name":"(anonymous_34)","decl":{"start":{"line":409,"column":24},"end":{"line":409,"column":25}},"loc":{"start":{"line":410,"column":12},"end":{"line":411,"column":null}}},"35":{"name":"(anonymous_35)","decl":{"start":{"line":435,"column":27},"end":{"line":435,"column":30}},"loc":{"start":{"line":435,"column":33},"end":{"line":435,"column":62}}},"36":{"name":"(anonymous_36)","decl":{"start":{"line":444,"column":27},"end":{"line":444,"column":30}},"loc":{"start":{"line":444,"column":33},"end":{"line":444,"column":63}}},"37":{"name":"(anonymous_37)","decl":{"start":{"line":453,"column":27},"end":{"line":453,"column":30}},"loc":{"start":{"line":453,"column":33},"end":{"line":453,"column":56}}},"38":{"name":"Section","decl":{"start":{"line":498,"column":9},"end":{"line":498,"column":16}},"loc":{"start":{"line":506,"column":1},"end":{"line":520,"column":1}}},"39":{"name":"Input","decl":{"start":{"line":522,"column":9},"end":{"line":522,"column":14}},"loc":{"start":{"line":534,"column":1},"end":{"line":550,"column":1}}},"40":{"name":"(anonymous_40)","decl":{"start":{"line":541,"column":18},"end":{"line":541,"column":19}},"loc":{"start":{"line":541,"column":25},"end":{"line":541,"column":49}}},"41":{"name":"ColorInput","decl":{"start":{"line":552,"column":9},"end":{"line":552,"column":19}},"loc":{"start":{"line":560,"column":1},"end":{"line":577,"column":1}}},"42":{"name":"(anonymous_42)","decl":{"start":{"line":569,"column":20},"end":{"line":569,"column":21}},"loc":{"start":{"line":569,"column":27},"end":{"line":569,"column":51}}},"43":{"name":"Select","decl":{"start":{"line":579,"column":9},"end":{"line":579,"column":15}},"loc":{"start":{"line":589,"column":1},"end":{"line":607,"column":1}}},"44":{"name":"(anonymous_44)","decl":{"start":{"line":596,"column":18},"end":{"line":596,"column":19}},"loc":{"start":{"line":596,"column":25},"end":{"line":596,"column":49}}},"45":{"name":"(anonymous_45)","decl":{"start":{"line":599,"column":21},"end":{"line":599,"column":22}},"loc":{"start":{"line":600,"column":10},"end":{"line":600,"column":32}}},"46":{"name":"Toggle","decl":{"start":{"line":609,"column":9},"end":{"line":609,"column":15}},"loc":{"start":{"line":617,"column":1},"end":{"line":632,"column":1}}},"47":{"name":"(anonymous_47)","decl":{"start":{"line":623,"column":17},"end":{"line":623,"column":20}},"loc":{"start":{"line":623,"column":23},"end":{"line":623,"column":39}}},"48":{"name":"StageBadge","decl":{"start":{"line":634,"column":9},"end":{"line":634,"column":19}},"loc":{"start":{"line":634,"column":64},"end":{"line":646,"column":1}}}},"branchMap":{"0":{"loc":{"start":{"line":33,"column":9},"end":{"line":33,"column":87}},"type":"cond-expr","locations":[{"start":{"line":33,"column":71},"end":{"line":33,"column":76}},{"start":{"line":33,"column":79},"end":{"line":33,"column":87}}]},"1":{"loc":{"start":{"line":33,"column":9},"end":{"line":33,"column":68}},"type":"binary-expr","locations":[{"start":{"line":33,"column":9},"end":{"line":33,"column":26}},{"start":{"line":33,"column":30},"end":{"line":33,"column":46}},{"start":{"line":33,"column":50},"end":{"line":33,"column":68}}]},"2":{"loc":{"start":{"line":37,"column":9},"end":{"line":37,"column":66}},"type":"binary-expr","locations":[{"start":{"line":37,"column":9},"end":{"line":37,"column":57}},{"start":{"line":37,"column":61},"end":{"line":37,"column":66}}]},"3":{"loc":{"start":{"line":49,"column":4},"end":{"line":49,"column":83}},"type":"binary-expr","locations":[{"start":{"line":49,"column":4},"end":{"line":49,"column":35}},{"start":{"line":49,"column":39},"end":{"line":49,"column":75}},{"start":{"line":49,"column":79},"end":{"line":49,"column":83}}]},"4":{"loc":{"start":{"line":52,"column":10},"end":{"line":52,"column":34}},"type":"binary-expr","locations":[{"start":{"line":52,"column":10},"end":{"line":52,"column":28}},{"start":{"line":52,"column":32},"end":{"line":52,"column":34}}]},"5":{"loc":{"start":{"line":53,"column":14},"end":{"line":53,"column":42}},"type":"binary-expr","locations":[{"start":{"line":53,"column":14},"end":{"line":53,"column":36}},{"start":{"line":53,"column":40},"end":{"line":53,"column":42}}]},"6":{"loc":{"start":{"line":54,"column":11},"end":{"line":54,"column":36}},"type":"binary-expr","locations":[{"start":{"line":54,"column":11},"end":{"line":54,"column":30}},{"start":{"line":54,"column":34},"end":{"line":54,"column":36}}]},"7":{"loc":{"start":{"line":55,"column":17},"end":{"line":55,"column":54}},"type":"binary-expr","locations":[{"start":{"line":55,"column":17},"end":{"line":55,"column":42}},{"start":{"line":55,"column":46},"end":{"line":55,"column":54}}]},"8":{"loc":{"start":{"line":56,"column":13},"end":{"line":56,"column":40}},"type":"binary-expr","locations":[{"start":{"line":56,"column":13},"end":{"line":56,"column":34}},{"start":{"line":56,"column":38},"end":{"line":56,"column":40}}]},"9":{"loc":{"start":{"line":57,"column":32},"end":{"line":57,"column":78}},"type":"binary-expr","locations":[{"start":{"line":57,"column":32},"end":{"line":57,"column":54}},{"start":{"line":57,"column":58},"end":{"line":57,"column":78}}]},"10":{"loc":{"start":{"line":70,"column":6},"end":{"line":76,"column":7}},"type":"if","locations":[{"start":{"line":70,"column":6},"end":{"line":76,"column":7}},{"start":{},"end":{}}]},"11":{"loc":{"start":{"line":96,"column":8},"end":{"line":96,"column":29}},"type":"if","locations":[{"start":{"line":96,"column":8},"end":{"line":96,"column":29}},{"start":{},"end":{}}]},"12":{"loc":{"start":{"line":100,"column":20},"end":{"line":100,"column":39}},"type":"binary-expr","locations":[{"start":{"line":100,"column":20},"end":{"line":100,"column":33}},{"start":{"line":100,"column":37},"end":{"line":100,"column":39}}]},"13":{"loc":{"start":{"line":102,"column":23},"end":{"line":102,"column":51}},"type":"binary-expr","locations":[{"start":{"line":102,"column":23},"end":{"line":102,"column":39}},{"start":{"line":102,"column":43},"end":{"line":102,"column":51}}]},"14":{"loc":{"start":{"line":103,"column":19},"end":{"line":103,"column":37}},"type":"binary-expr","locations":[{"start":{"line":103,"column":19},"end":{"line":103,"column":31}},{"start":{"line":103,"column":35},"end":{"line":103,"column":37}}]},"15":{"loc":{"start":{"line":104,"column":38},"end":{"line":104,"column":75}},"type":"binary-expr","locations":[{"start":{"line":104,"column":38},"end":{"line":104,"column":51}},{"start":{"line":104,"column":55},"end":{"line":104,"column":75}}]},"16":{"loc":{"start":{"line":106,"column":20},"end":{"line":106,"column":90}},"type":"binary-expr","locations":[{"start":{"line":106,"column":20},"end":{"line":106,"column":42}},{"start":{"line":106,"column":46},"end":{"line":106,"column":82}},{"start":{"line":106,"column":86},"end":{"line":106,"column":90}}]},"17":{"loc":{"start":{"line":112,"column":8},"end":{"line":114,"column":9}},"type":"if","locations":[{"start":{"line":112,"column":8},"end":{"line":114,"column":9}},{"start":{},"end":{}}]},"18":{"loc":{"start":{"line":116,"column":8},"end":{"line":118,"column":9}},"type":"if","locations":[{"start":{"line":116,"column":8},"end":{"line":118,"column":9}},{"start":{},"end":{}}]},"19":{"loc":{"start":{"line":134,"column":4},"end":{"line":137,"column":5}},"type":"if","locations":[{"start":{"line":134,"column":4},"end":{"line":137,"column":5}},{"start":{},"end":{}}]},"20":{"loc":{"start":{"line":139,"column":4},"end":{"line":142,"column":5}},"type":"if","locations":[{"start":{"line":139,"column":4},"end":{"line":142,"column":5}},{"start":{},"end":{}}]},"21":{"loc":{"start":{"line":146,"column":4},"end":{"line":150,"column":5}},"type":"if","locations":[{"start":{"line":146,"column":4},"end":{"line":150,"column":5}},{"start":{"line":148,"column":11},"end":{"line":150,"column":5}}]},"22":{"loc":{"start":{"line":161,"column":4},"end":{"line":163,"column":5}},"type":"if","locations":[{"start":{"line":161,"column":4},"end":{"line":163,"column":5}},{"start":{},"end":{}}]},"23":{"loc":{"start":{"line":168,"column":4},"end":{"line":171,"column":5}},"type":"if","locations":[{"start":{"line":168,"column":4},"end":{"line":171,"column":5}},{"start":{},"end":{}}]},"24":{"loc":{"start":{"line":173,"column":29},"end":{"line":173,"column":73}},"type":"binary-expr","locations":[{"start":{"line":173,"column":29},"end":{"line":173,"column":65}},{"start":{"line":173,"column":69},"end":{"line":173,"column":73}}]},"25":{"loc":{"start":{"line":185,"column":21},"end":{"line":185,"column":59}},"type":"binary-expr","locations":[{"start":{"line":185,"column":21},"end":{"line":185,"column":47}},{"start":{"line":185,"column":51},"end":{"line":185,"column":59}}]},"26":{"loc":{"start":{"line":190,"column":27},"end":{"line":190,"column":68}},"type":"binary-expr","locations":[{"start":{"line":190,"column":27},"end":{"line":190,"column":56}},{"start":{"line":190,"column":60},"end":{"line":190,"column":68}}]},"27":{"loc":{"start":{"line":194,"column":18},"end":{"line":194,"column":44}},"type":"binary-expr","locations":[{"start":{"line":194,"column":18},"end":{"line":194,"column":38}},{"start":{"line":194,"column":42},"end":{"line":194,"column":44}}]},"28":{"loc":{"start":{"line":196,"column":21},"end":{"line":196,"column":56}},"type":"binary-expr","locations":[{"start":{"line":196,"column":21},"end":{"line":196,"column":44}},{"start":{"line":196,"column":48},"end":{"line":196,"column":56}}]},"29":{"loc":{"start":{"line":197,"column":17},"end":{"line":197,"column":42}},"type":"binary-expr","locations":[{"start":{"line":197,"column":17},"end":{"line":197,"column":36}},{"start":{"line":197,"column":40},"end":{"line":197,"column":42}}]},"30":{"loc":{"start":{"line":198,"column":36},"end":{"line":198,"column":76}},"type":"binary-expr","locations":[{"start":{"line":198,"column":36},"end":{"line":198,"column":56}},{"start":{"line":198,"column":60},"end":{"line":198,"column":76}}]},"31":{"loc":{"start":{"line":208,"column":6},"end":{"line":210,"column":7}},"type":"if","locations":[{"start":{"line":208,"column":6},"end":{"line":210,"column":7}},{"start":{},"end":{}}]},"32":{"loc":{"start":{"line":212,"column":6},"end":{"line":216,"column":7}},"type":"if","locations":[{"start":{"line":212,"column":6},"end":{"line":216,"column":7}},{"start":{"line":214,"column":13},"end":{"line":216,"column":7}}]},"33":{"loc":{"start":{"line":212,"column":10},"end":{"line":212,"column":78}},"type":"binary-expr","locations":[{"start":{"line":212,"column":10},"end":{"line":212,"column":32}},{"start":{"line":212,"column":36},"end":{"line":212,"column":78}}]},"34":{"loc":{"start":{"line":224,"column":4},"end":{"line":224,"column":21}},"type":"if","locations":[{"start":{"line":224,"column":4},"end":{"line":224,"column":21}},{"start":{},"end":{}}]},"35":{"loc":{"start":{"line":236,"column":4},"end":{"line":236,"column":64}},"type":"if","locations":[{"start":{"line":236,"column":4},"end":{"line":236,"column":64}},{"start":{},"end":{}}]},"36":{"loc":{"start":{"line":244,"column":4},"end":{"line":244,"column":56}},"type":"if","locations":[{"start":{"line":244,"column":4},"end":{"line":244,"column":56}},{"start":{},"end":{}}]},"37":{"loc":{"start":{"line":253,"column":4},"end":{"line":253,"column":29}},"type":"if","locations":[{"start":{"line":253,"column":4},"end":{"line":253,"column":29}},{"start":{},"end":{}}]},"38":{"loc":{"start":{"line":310,"column":9},"end":{"line":313,"column":null}},"type":"binary-expr","locations":[{"start":{"line":310,"column":9},"end":{"line":310,"column":21}},{"start":{"line":311,"column":10},"end":{"line":312,"column":null}}]},"39":{"loc":{"start":{"line":316,"column":9},"end":{"line":319,"column":null}},"type":"binary-expr","locations":[{"start":{"line":316,"column":9},"end":{"line":316,"column":23}},{"start":{"line":317,"column":10},"end":{"line":318,"column":null}}]},"40":{"loc":{"start":{"line":325,"column":22},"end":{"line":325,"column":53}},"type":"binary-expr","locations":[{"start":{"line":325,"column":22},"end":{"line":325,"column":36}},{"start":{"line":325,"column":40},"end":{"line":325,"column":53}}]},"41":{"loc":{"start":{"line":328,"column":13},"end":{"line":330,"column":63}},"type":"cond-expr","locations":[{"start":{"line":329,"column":16},"end":{"line":329,"column":59}},{"start":{"line":330,"column":16},"end":{"line":330,"column":63}}]},"42":{"loc":{"start":{"line":421,"column":21},"end":{"line":425,"column":null}},"type":"binary-expr","locations":[{"start":{"line":421,"column":21},"end":{"line":421,"column":34}},{"start":{"line":422,"column":22},"end":{"line":423,"column":null}}]},"43":{"loc":{"start":{"line":454,"column":28},"end":{"line":454,"column":66}},"type":"binary-expr","locations":[{"start":{"line":454,"column":28},"end":{"line":454,"column":41}},{"start":{"line":454,"column":45},"end":{"line":454,"column":66}}]},"44":{"loc":{"start":{"line":512,"column":9},"end":{"line":513,"column":null}},"type":"binary-expr","locations":[{"start":{"line":512,"column":9},"end":{"line":512,"column":20}},{"start":{"line":513,"column":10},"end":{"line":513,"column":89}}]},"45":{"loc":{"start":{"line":527,"column":2},"end":{"line":527,"column":18}},"type":"default-arg","locations":[{"start":{"line":527,"column":13},"end":{"line":527,"column":18}}]},"46":{"loc":{"start":{"line":545,"column":10},"end":{"line":545,"column":null}},"type":"cond-expr","locations":[{"start":{"line":545,"column":21},"end":{"line":545,"column":75}},{"start":{"line":545,"column":78},"end":{"line":545,"column":null}}]},"47":{"loc":{"start":{"line":624,"column":64},"end":{"line":624,"column":106}},"type":"cond-expr","locations":[{"start":{"line":624,"column":72},"end":{"line":624,"column":87}},{"start":{"line":624,"column":90},"end":{"line":624,"column":106}}]},"48":{"loc":{"start":{"line":627,"column":91},"end":{"line":627,"column":119}},"type":"cond-expr","locations":[{"start":{"line":627,"column":99},"end":{"line":627,"column":114}},{"start":{"line":627,"column":117},"end":{"line":627,"column":119}}]}},"s":{"0":1,"1":1,"2":1,"3":1,"4":1,"5":1,"6":1,"7":1,"8":11,"9":0,"10":11,"11":11,"12":11,"13":11,"14":11,"15":11,"16":11,"17":11,"18":11,"19":11,"20":11,"21":11,"22":11,"23":22,"24":11,"25":11,"26":2,"27":2,"28":2,"29":0,"30":0,"31":0,"32":2,"33":11,"34":11,"35":11,"36":11,"37":11,"38":2,"39":9,"40":9,"41":9,"42":8,"43":0,"44":0,"45":11,"46":9,"47":11,"48":11,"49":11,"50":11,"51":10,"52":11,"53":2,"54":2,"55":2,"56":0,"57":0,"58":0,"59":0,"60":0,"61":0,"62":0,"63":0,"64":0,"65":0,"66":0,"67":0,"68":0,"69":0,"70":0,"71":2,"72":2,"73":0,"74":0,"75":2,"76":2,"77":2,"78":2,"79":2,"80":2,"81":1,"82":1,"83":1,"84":1,"85":1,"86":1,"87":1,"88":1,"89":0,"90":1,"91":1,"92":0,"93":2,"94":0,"95":0,"96":0,"97":0,"98":0,"99":0,"100":0,"101":0,"102":0,"103":0,"104":0,"105":0,"106":0,"107":0,"108":0,"109":0,"110":0,"111":0,"112":0,"113":0,"114":0,"115":0,"116":0,"117":0,"118":0,"119":0,"120":0,"121":11,"122":0,"123":0,"124":0,"125":0,"126":0,"127":0,"128":22,"129":0,"130":0,"131":0,"132":0,"133":0,"134":0,"135":22,"136":0,"137":0,"138":0,"139":77,"140":66,"141":0,"142":11,"143":0,"144":55,"145":0,"146":187,"147":33,"148":0,"149":22,"150":22},"f":{"0":11,"1":0,"2":11,"3":22,"4":2,"5":11,"6":11,"7":8,"8":11,"9":10,"10":2,"11":0,"12":0,"13":0,"14":0,"15":2,"16":1,"17":0,"18":0,"19":0,"20":0,"21":0,"22":0,"23":0,"24":0,"25":0,"26":0,"27":22,"28":0,"29":0,"30":0,"31":0,"32":0,"33":0,"34":22,"35":0,"36":0,"37":0,"38":77,"39":66,"40":0,"41":11,"42":0,"43":55,"44":0,"45":187,"46":33,"47":0,"48":22},"b":{"0":[11,0],"1":[11,11,0],"2":[0,0],"3":[11,0,0],"4":[11,0],"5":[11,0],"6":[11,0],"7":[11,0],"8":[11,0],"9":[11,0],"10":[0,2],"11":[2,9],"12":[9,0],"13":[9,0],"14":[9,0],"15":[9,0],"16":[9,0,0],"17":[0,0],"18":[9,2],"19":[2,0],"20":[0,0],"21":[0,0],"22":[0,0],"23":[0,2],"24":[2,2],"25":[2,0],"26":[1,0],"27":[1,0],"28":[1,0],"29":[1,0],"30":[1,0],"31":[0,1],"32":[1,0],"33":[1,1],"34":[0,0],"35":[0,0],"36":[0,0],"37":[0,0],"38":[11,2],"39":[11,2],"40":[11,9],"41":[2,9],"42":[22,22],"43":[22,0],"44":[77,22],"45":[55],"46":[11,55],"47":[22,11],"48":[22,11]}}
,"/home/sagar-y-j/Desktop/Projects/taskflow/src/pages/Welcome.tsx": {"path":"/home/sagar-y-j/Desktop/Projects/taskflow/src/pages/Welcome.tsx","statementMap":{"0":{"start":{"line":22,"column":0},"end":{"line":22,"column":24}},"1":{"start":{"line":1,"column":0},"end":{"line":1,"column":96}},"2":{"start":{"line":2,"column":0},"end":{"line":2,"column":39}},"3":{"start":{"line":4,"column":17},"end":{"line":20,"column":null}},"4":{"start":{"line":23,"column":2},"end":{"line":107,"column":null}},"5":{"start":{"line":92,"column":14},"end":{"line":93,"column":null}}},"fnMap":{"0":{"name":"Welcome","decl":{"start":{"line":22,"column":24},"end":{"line":22,"column":31}},"loc":{"start":{"line":22,"column":31},"end":{"line":108,"column":1}}},"1":{"name":"(anonymous_1)","decl":{"start":{"line":91,"column":26},"end":{"line":91,"column":27}},"loc":{"start":{"line":92,"column":14},"end":{"line":93,"column":null}}}},"branchMap":{},"s":{"0":0,"1":0,"2":0,"3":0,"4":0,"5":0},"f":{"0":0,"1":0},"b":{}}
}
