TN:
SF:src/app/router.tsx
FNF:0
FNH:0
DA:1,0
DA:2,0
DA:3,0
DA:4,0
DA:5,0
DA:7,0
DA:8,0
DA:9,0
DA:10,0
DA:11,0
DA:13,0
LF:11
LH:0
BRF:0
BRH:0
end_of_record
TN:
SF:src/components/ActivityFeed.tsx
FN:7,ActivityFeed
FN:13,(anonymous_1)
FNF:2
FNH:0
FNDA:0,ActivityFeed
FNDA:0,(anonymous_1)
DA:7,0
DA:9,0
DA:15,0
LF:3
LH:0
BRF:0
BRH:0
end_of_record
TN:
SF:src/components/CommandPalette.tsx
FN:15,CommandPalette
FN:24,(anonymous_1)
FN:26,handleEsc
FN:32,(anonymous_3)
FN:40,(anonymous_4)
FN:44,(anonymous_5)
FN:45,(anonymous_6)
FN:46,(anonymous_7)
FN:47,(anonymous_8)
FN:48,(anonymous_9)
FN:49,(anonymous_10)
FN:51,(anonymous_11)
FN:53,(anonymous_12)
FN:60,(anonymous_13)
FN:79,(anonymous_14)
FN:97,(anonymous_15)
FN:101,(anonymous_16)
FNF:17
FNH:0
FNDA:0,CommandPalette
FNDA:0,(anonymous_1)
FNDA:0,handleEsc
FNDA:0,(anonymous_3)
FNDA:0,(anonymous_4)
FNDA:0,(anonymous_5)
FNDA:0,(anonymous_6)
FNDA:0,(anonymous_7)
FNDA:0,(anonymous_8)
FNDA:0,(anonymous_9)
FNDA:0,(anonymous_10)
FNDA:0,(anonymous_11)
FNDA:0,(anonymous_12)
FNDA:0,(anonymous_13)
FNDA:0,(anonymous_14)
FNDA:0,(anonymous_15)
FNDA:0,(anonymous_16)
DA:1,0
DA:2,0
DA:3,0
DA:15,0
DA:17,0
DA:18,0
DA:20,0
DA:24,0
DA:27,0
DA:30,0
DA:32,0
DA:33,0
DA:40,0
DA:42,0
DA:44,0
DA:45,0
DA:46,0
DA:47,0
DA:48,0
DA:49,0
DA:51,0
DA:53,0
DA:58,0
DA:60,0
DA:61,0
DA:66,0
DA:68,0
DA:79,0
DA:99,0
DA:102,0
DA:103,0
DA:104,0
LF:32
LH:0
BRDA:27,0,0,0
BRDA:27,0,1,0
BRDA:58,1,0,0
BRDA:58,1,1,0
BRDA:66,2,0,0
BRDA:66,2,1,0
BRDA:121,3,0,0
BRDA:121,3,1,0
BRF:8
BRH:0
end_of_record
TN:
SF:src/components/ToastProvider.tsx
FN:17,ToastProvider
FN:20,(anonymous_1)
FN:21,(anonymous_2)
FN:21,(anonymous_3)
FN:25,(anonymous_4)
FN:28,(anonymous_5)
FN:30,(anonymous_6)
FN:37,(anonymous_7)
FN:45,(anonymous_8)
FN:49,(anonymous_9)
FN:58,ToastItem
FNF:11
FNH:0
FNDA:0,ToastProvider
FNDA:0,(anonymous_1)
FNDA:0,(anonymous_2)
FNDA:0,(anonymous_3)
FNDA:0,(anonymous_4)
FNDA:0,(anonymous_5)
FNDA:0,(anonymous_6)
FNDA:0,(anonymous_7)
FNDA:0,(anonymous_8)
FNDA:0,(anonymous_9)
FNDA:0,ToastItem
DA:1,0
DA:7,0
DA:8,0
DA:9,0
DA:17,0
DA:18,0
DA:20,0
DA:21,0
DA:24,0
DA:26,0
DA:28,0
DA:30,0
DA:31,0
DA:37,0
DA:39,0
DA:46,0
DA:49,0
DA:65,0
DA:72,0
DA:78,0
DA:84,0
LF:21
LH:0
BRDA:25,0,0,0
BRDA:78,1,0,0
BRDA:78,1,1,0
BRF:3
BRH:0
end_of_record
TN:
SF:src/components/toast-context.ts
FN:11,useToast
FNF:1
FNH:0
FNDA:0,useToast
DA:1,0
DA:9,0
DA:11,0
DA:12,0
DA:14,0
DA:15,0
DA:18,0
LF:7
LH:0
BRDA:14,0,0,0
BRDA:14,0,1,0
BRF:2
BRH:0
end_of_record
TN:
SF:src/components/charts/AgingChart.tsx
FN:12,AgingChart
FN:16,(anonymous_10)
FN:30,(anonymous_11)
FN:44,(anonymous_12)
FN:60,(anonymous_13)
FN:65,(anonymous_14)
FN:79,(anonymous_15)
FN:86,(anonymous_16)
FN:87,(anonymous_17)
FNF:9
FNH:0
FNDA:0,AgingChart
FNDA:0,(anonymous_10)
FNDA:0,(anonymous_11)
FNDA:0,(anonymous_12)
FNDA:0,(anonymous_13)
FNDA:0,(anonymous_14)
FNDA:0,(anonymous_15)
FNDA:0,(anonymous_16)
FNDA:0,(anonymous_17)
DA:1,0
DA:2,0
DA:5,0
DA:12,0
DA:14,0
DA:16,0
DA:18,0
DA:19,0
DA:21,0
DA:22,0
DA:24,0
DA:30,0
DA:32,0
DA:35,0
DA:38,0
DA:39,0
DA:40,0
DA:44,0
DA:49,0
DA:50,0
DA:51,0
DA:53,0
DA:59,0
DA:60,0
DA:64,0
DA:65,0
DA:68,0
DA:72,0
DA:75,0
DA:79,0
DA:86,0
DA:87,0
DA:91,0
LF:33
LH:0
BRDA:32,0,0,0
BRDA:32,0,1,0
BRDA:32,1,0,0
BRDA:32,1,1,0
BRDA:38,2,0,0
BRDA:38,2,1,0
BRDA:39,3,0,0
BRDA:39,3,1,0
BRDA:65,4,0,0
BRDA:65,4,1,0
BRF:10
BRH:0
end_of_record
TN:
SF:src/components/charts/CompletionRing.tsx
FN:10,CompletionRing
FN:14,(anonymous_1)
FNF:2
FNH:0
FNDA:0,CompletionRing
FNDA:0,(anonymous_1)
DA:3,0
DA:10,0
DA:11,0
DA:13,0
DA:14,0
DA:16,0
DA:18,0
DA:19,0
DA:20,0
DA:21,0
DA:24,0
DA:26,0
LF:12
LH:0
BRDA:16,0,0,0
BRDA:16,0,1,0
BRF:2
BRH:0
end_of_record
TN:
SF:src/components/charts/PriorityChart.tsx
FN:9,PriorityChart
FN:13,(anonymous_10)
FN:19,(anonymous_11)
FN:20,(anonymous_12)
FN:21,(anonymous_13)
FN:38,(anonymous_14)
FN:51,(anonymous_15)
FN:54,(anonymous_16)
FN:61,(anonymous_17)
FN:69,(anonymous_18)
FN:74,(anonymous_19)
FNF:11
FNH:0
FNDA:0,PriorityChart
FNDA:0,(anonymous_10)
FNDA:0,(anonymous_11)
FNDA:0,(anonymous_12)
FNDA:0,(anonymous_13)
FNDA:0,(anonymous_14)
FNDA:0,(anonymous_15)
FNDA:0,(anonymous_16)
FNDA:0,(anonymous_17)
FNDA:0,(anonymous_18)
FNDA:0,(anonymous_19)
DA:1,0
DA:2,0
DA:9,0
DA:11,0
DA:13,0
DA:15,0
DA:16,0
DA:18,0
DA:19,0
DA:20,0
DA:21,0
DA:24,0
DA:25,0
DA:26,0
DA:28,0
DA:34,0
DA:37,0
DA:38,0
DA:40,0
DA:44,0
DA:50,0
DA:51,0
DA:56,0
DA:61,0
DA:62,0
DA:68,0
DA:69,0
DA:74,0
DA:78,0
LF:29
LH:0
BRF:0
BRH:0
end_of_record
TN:
SF:src/components/charts/StatusChart.tsx
FN:19,StatusChart
FN:23,(anonymous_11)
FN:38,(anonymous_12)
FN:40,(anonymous_13)
FN:100,(anonymous_14)
FN:110,(anonymous_15)
FN:123,(anonymous_16)
FNF:7
FNH:0
FNDA:0,StatusChart
FNDA:0,(anonymous_11)
FNDA:0,(anonymous_12)
FNDA:0,(anonymous_13)
FNDA:0,(anonymous_14)
FNDA:0,(anonymous_15)
FNDA:0,(anonymous_16)
DA:1,0
DA:2,0
DA:3,0
DA:4,0
DA:19,0
DA:21,0
DA:23,0
DA:25,0
DA:27,0
DA:29,0
DA:31,0
DA:35,0
DA:36,0
DA:38,0
DA:40,0
DA:46,0
DA:48,0
DA:52,0
DA:57,0
DA:64,0
DA:68,0
DA:70,0
DA:74,0
DA:79,0
DA:87,0
DA:96,0
DA:100,0
DA:102,0
DA:103,0
DA:105,0
DA:107,0
DA:110,0
DA:112,0
DA:113,0
DA:115,0
DA:117,0
DA:120,0
DA:121,0
DA:123,0
DA:127,0
LF:40
LH:0
BRDA:25,0,0,0
BRDA:25,0,1,0
BRDA:36,1,0,0
BRDA:36,1,1,0
BRDA:103,2,0,0
BRDA:103,2,1,0
BRDA:107,3,0,0
BRDA:107,3,1,0
BRDA:113,4,0,0
BRDA:113,4,1,0
BRDA:117,5,0,0
BRDA:117,5,1,0
BRF:12
BRH:0
end_of_record
TN:
SF:src/components/charts/TagChart.tsx
FN:9,TagChart
FN:13,(anonymous_10)
FN:20,(anonymous_11)
FN:21,(anonymous_12)
FN:26,(anonymous_13)
FN:42,(anonymous_14)
FN:47,(anonymous_15)
FN:61,(anonymous_16)
FN:68,(anonymous_17)
FN:69,(anonymous_18)
FNF:10
FNH:0
FNDA:0,TagChart
FNDA:0,(anonymous_10)
FNDA:0,(anonymous_11)
FNDA:0,(anonymous_12)
FNDA:0,(anonymous_13)
FNDA:0,(anonymous_14)
FNDA:0,(anonymous_15)
FNDA:0,(anonymous_16)
FNDA:0,(anonymous_17)
FNDA:0,(anonymous_18)
DA:1,0
DA:2,0
DA:9,0
DA:11,0
DA:13,0
DA:15,0
DA:16,0
DA:18,0
DA:20,0
DA:21,0
DA:22,0
DA:26,0
DA:31,0
DA:32,0
DA:33,0
DA:35,0
DA:41,0
DA:42,0
DA:46,0
DA:47,0
DA:50,0
DA:54,0
DA:57,0
DA:61,0
DA:68,0
DA:69,0
DA:73,0
LF:27
LH:0
BRDA:22,0,0,0
BRDA:22,0,1,0
BRDA:47,1,0,0
BRDA:47,1,1,0
BRF:4
BRH:0
end_of_record
TN:
SF:src/components/charts/WeeklyChart.tsx
FN:12,WeeklyChart
FN:16,(anonymous_10)
FN:28,(anonymous_11)
FN:76,(anonymous_12)
FN:83,(anonymous_13)
FN:84,(anonymous_14)
FNF:6
FNH:0
FNDA:0,WeeklyChart
FNDA:0,(anonymous_10)
FNDA:0,(anonymous_11)
FNDA:0,(anonymous_12)
FNDA:0,(anonymous_13)
FNDA:0,(anonymous_14)
DA:1,0
DA:2,0
DA:5,0
DA:12,0
DA:14,0
DA:16,0
DA:18,0
DA:19,0
DA:21,0
DA:22,0
DA:23,0
DA:25,0
DA:26,0
DA:28,0
DA:29,0
DA:30,0
DA:31,0
DA:35,0
DA:37,0
DA:42,0
DA:46,0
DA:49,0
DA:53,0
DA:56,0
DA:61,0
DA:65,0
DA:68,0
DA:72,0
DA:76,0
DA:83,0
DA:84,0
DA:88,0
LF:32
LH:0
BRDA:29,0,0,0
BRDA:29,0,1,0
BRDA:43,1,0,0
BRDA:43,1,1,0
BRF:4
BRH:0
end_of_record
TN:
SF:src/features/auth/graphql/mutations.ts
FNF:0
FNH:0
DA:1,0
DA:3,0
DA:16,0
DA:29,0
DA:37,0
DA:50,0
LF:6
LH:0
BRF:0
BRH:0
end_of_record
TN:
SF:src/features/auth/graphql/queries.ts
FNF:0
FNH:0
DA:1,0
DA:3,0
DA:19,0
LF:3
LH:0
BRF:0
BRH:0
end_of_record
TN:
SF:src/features/kanban/KanbanBoard.tsx
FN:12,KanbanBoard
FN:28,(anonymous_2)
FN:32,(anonymous_3)
FN:61,(anonymous_4)
FN:67,(anonymous_5)
FN:84,(anonymous_6)
FN:96,(anonymous_7)
FN:102,(anonymous_8)
FN:104,(anonymous_9)
FN:127,(anonymous_10)
FN:135,(anonymous_11)
FNF:11
FNH:0
FNDA:0,KanbanBoard
FNDA:0,(anonymous_2)
FNDA:0,(anonymous_3)
FNDA:0,(anonymous_4)
FNDA:0,(anonymous_5)
FNDA:0,(anonymous_6)
FNDA:0,(anonymous_7)
FNDA:0,(anonymous_8)
FNDA:0,(anonymous_9)
FNDA:0,(anonymous_10)
FNDA:0,(anonymous_11)
DA:1,0
DA:3,0
DA:4,0
DA:5,0
DA:6,0
DA:7,0
DA:9,0
DA:12,0
DA:16,0
DA:17,0
DA:18,0
DA:19,0
DA:21,0
DA:22,0
DA:23,0
DA:26,0
DA:28,0
DA:29,0
DA:30,0
DA:31,0
DA:32,0
DA:33,0
DA:36,0
DA:39,0
DA:41,0
DA:42,0
DA:45,0
DA:46,0
DA:48,0
DA:51,0
DA:53,0
DA:61,0
DA:68,0
DA:85,0
DA:86,0
DA:97,0
DA:102,0
DA:105,0
DA:106,0
DA:127,0
DA:135,0
LF:41
LH:0
BRDA:29,0,0,0
BRDA:29,0,1,0
BRDA:36,1,0,0
BRDA:36,1,1,0
BRDA:36,2,0,0
BRDA:36,2,1,0
BRDA:39,3,0,0
BRDA:39,3,1,0
BRDA:41,4,0,0
BRDA:41,4,1,0
BRDA:41,5,0,0
BRDA:41,5,1,0
BRDA:41,5,2,0
BRDA:45,6,0,0
BRDA:45,6,1,0
BRDA:46,7,0,0
BRDA:46,7,1,0
BRDA:46,8,0,0
BRDA:46,8,1,0
BRDA:118,9,0,0
BRDA:118,9,1,0
BRDA:132,10,0,0
BRDA:132,10,1,0
BRF:23
BRH:0
end_of_record
TN:
SF:src/features/kanban/KanbanCard.tsx
FN:14,KanbanCard
FN:45,(anonymous_1)
FN:46,(anonymous_2)
FN:76,(anonymous_3)
FN:97,(anonymous_4)
FN:98,(anonymous_5)
FN:102,(anonymous_6)
FN:115,(anonymous_7)
FN:127,(anonymous_8)
FNF:9
FNH:0
FNDA:0,KanbanCard
FNDA:0,(anonymous_1)
FNDA:0,(anonymous_2)
FNDA:0,(anonymous_3)
FNDA:0,(anonymous_4)
FNDA:0,(anonymous_5)
FNDA:0,(anonymous_6)
FNDA:0,(anonymous_7)
FNDA:0,(anonymous_8)
DA:1,0
DA:3,0
DA:4,0
DA:14,0
DA:21,0
DA:23,0
DA:26,0
DA:32,0
DA:38,0
DA:39,0
DA:41,0
DA:45,0
DA:47,0
DA:48,0
DA:77,0
DA:97,0
DA:99,0
DA:100,0
DA:103,0
DA:104,0
DA:105,0
DA:116,0
DA:117,0
DA:128,0
DA:129,0
DA:130,0
DA:131,0
DA:134,0
DA:135,0
LF:29
LH:0
BRDA:23,0,0,0
BRDA:23,0,1,0
BRDA:58,1,0,0
BRDA:58,1,1,0
BRDA:61,2,0,0
BRDA:61,2,1,0
BRDA:63,3,0,0
BRDA:63,3,1,0
BRDA:74,4,0,0
BRDA:74,4,1,0
BRDA:74,4,2,0
BRDA:93,5,0,0
BRDA:93,5,1,0
BRDA:103,6,0,0
BRDA:103,6,1,0
BRDA:129,7,0,0
BRDA:129,7,1,0
BRF:17
BRH:0
end_of_record
TN:
SF:src/features/kanban/KanbanColumn.tsx
FN:21,KanbanColumn
FN:47,(anonymous_2)
FN:48,(anonymous_3)
FN:78,(anonymous_4)
FN:90,(anonymous_5)
FN:93,(anonymous_6)
FN:121,(anonymous_7)
FN:121,(anonymous_8)
FN:137,(anonymous_9)
FN:137,(anonymous_10)
FNF:10
FNH:0
FNDA:0,KanbanColumn
FNDA:0,(anonymous_2)
FNDA:0,(anonymous_3)
FNDA:0,(anonymous_4)
FNDA:0,(anonymous_5)
FNDA:0,(anonymous_6)
FNDA:0,(anonymous_7)
FNDA:0,(anonymous_8)
FNDA:0,(anonymous_9)
FNDA:0,(anonymous_10)
DA:1,0
DA:3,0
DA:4,0
DA:21,0
DA:35,0
DA:36,0
DA:38,0
DA:40,0
DA:42,0
DA:43,0
DA:45,0
DA:47,0
DA:49,0
DA:50,0
DA:51,0
DA:78,0
DA:91,0
DA:94,0
DA:96,0
DA:98,0
DA:99,0
DA:121,0
DA:137,0
LF:23
LH:0
BRDA:98,0,0,0
BRDA:98,0,1,0
BRDA:98,1,0,0
BRDA:98,1,1,0
BRDA:116,2,0,0
BRDA:116,2,1,0
BRF:6
BRH:0
end_of_record
TN:
SF:src/features/kanban/TaskDetailsModal.tsx
FN:17,TaskDetailsModal
FN:34,(anonymous_1)
FN:44,(anonymous_2)
FN:59,(anonymous_3)
FN:70,(anonymous_4)
FN:78,(anonymous_5)
FN:81,(anonymous_6)
FN:92,(anonymous_7)
FN:104,(anonymous_8)
FN:112,(anonymous_9)
FN:121,(anonymous_10)
FNF:11
FNH:0
FNDA:0,TaskDetailsModal
FNDA:0,(anonymous_1)
FNDA:0,(anonymous_2)
FNDA:0,(anonymous_3)
FNDA:0,(anonymous_4)
FNDA:0,(anonymous_5)
FNDA:0,(anonymous_6)
FNDA:0,(anonymous_7)
FNDA:0,(anonymous_8)
FNDA:0,(anonymous_9)
FNDA:0,(anonymous_10)
DA:1,0
DA:17,0
DA:28,0
DA:29,0
DA:30,0
DA:31,0
DA:32,0
DA:33,0
DA:34,0
DA:36,0
DA:37,0
DA:38,0
DA:40,0
DA:42,0
DA:44,0
DA:47,0
DA:48,0
DA:50,0
DA:53,0
DA:59,0
DA:70,0
DA:78,0
DA:82,0
DA:92,0
DA:104,0
DA:112,0
DA:121,0
LF:27
LH:0
BRDA:28,0,0,0
BRDA:28,0,1,0
BRDA:29,1,0,0
BRDA:29,1,1,0
BRDA:33,2,0,0
BRDA:33,2,1,0
BRF:6
BRH:0
end_of_record
TN:
SF:src/features/kanban/TaskModal.tsx
FN:17,TaskModal
FN:24,(anonymous_1)
FN:29,(anonymous_2)
FN:43,(anonymous_3)
FN:53,(anonymous_4)
FN:60,(anonymous_5)
FN:72,(anonymous_6)
FN:80,(anonymous_7)
FN:89,(anonymous_8)
FNF:9
FNH:9
FNDA:57,TaskModal
FNDA:2,(anonymous_1)
FNDA:3,(anonymous_2)
FNDA:8,(anonymous_3)
FNDA:11,(anonymous_4)
FNDA:1,(anonymous_5)
FNDA:20,(anonymous_6)
FNDA:1,(anonymous_7)
FNDA:22,(anonymous_8)
DA:1,1
DA:17,1
DA:18,57
DA:19,57
DA:20,57
DA:21,57
DA:22,57
DA:24,57
DA:25,2
DA:27,1
DA:29,3
DA:32,1
DA:34,1
DA:37,57
DA:43,8
DA:53,11
DA:60,1
DA:72,20
DA:80,1
DA:89,22
LF:20
LH:20
BRDA:25,0,0,1
BRDA:25,0,1,1
BRF:2
BRH:2
end_of_record
TN:
SF:src/features/kanban/useKanban.ts
FN:19,useKanban
FN:24,loadTasks
FN:33,loadActivities
FN:42,(anonymous_3)
FN:43,(anonymous_4)
FN:47,(anonymous_5)
FN:50,(anonymous_6)
FN:54,(anonymous_7)
FN:60,logActivity
FN:68,(anonymous_9)
FN:70,(anonymous_10)
FN:77,(anonymous_11)
FN:86,(anonymous_12)
FN:90,(anonymous_13)
FN:104,(anonymous_14)
FN:108,(anonymous_15)
FN:109,(anonymous_16)
FN:118,(anonymous_17)
FN:119,(anonymous_18)
FN:120,(anonymous_19)
FN:125,(anonymous_20)
FN:126,(anonymous_21)
FN:127,(anonymous_22)
FN:135,(anonymous_23)
FN:139,(anonymous_24)
FN:144,(anonymous_25)
FN:149,(anonymous_26)
FN:154,(anonymous_27)
FNF:28
FNH:12
FNDA:5,useKanban
FNDA:2,loadTasks
FNDA:2,loadActivities
FNDA:3,(anonymous_3)
FNDA:2,(anonymous_4)
FNDA:3,(anonymous_5)
FNDA:3,(anonymous_6)
FNDA:3,(anonymous_7)
FNDA:1,logActivity
FNDA:0,(anonymous_9)
FNDA:0,(anonymous_10)
FNDA:1,(anonymous_11)
FNDA:1,(anonymous_12)
FNDA:2,(anonymous_13)
FNDA:0,(anonymous_14)
FNDA:0,(anonymous_15)
FNDA:0,(anonymous_16)
FNDA:0,(anonymous_17)
FNDA:0,(anonymous_18)
FNDA:0,(anonymous_19)
FNDA:0,(anonymous_20)
FNDA:0,(anonymous_21)
FNDA:0,(anonymous_22)
FNDA:0,(anonymous_23)
FNDA:0,(anonymous_24)
FNDA:0,(anonymous_25)
FNDA:0,(anonymous_26)
FNDA:0,(anonymous_27)
DA:1,1
DA:3,1
DA:19,1
DA:20,5
DA:21,5
DA:22,5
DA:25,2
DA:26,2
DA:27,2
DA:29,0
DA:34,2
DA:35,2
DA:36,2
DA:38,0
DA:42,5
DA:43,3
DA:44,2
DA:47,3
DA:50,5
DA:51,3
DA:52,3
DA:54,3
DA:55,3
DA:56,3
DA:61,1
DA:62,1
DA:64,0
DA:68,5
DA:69,0
DA:70,0
DA:72,0
DA:74,0
DA:77,5
DA:85,1
DA:86,1
DA:88,1
DA:90,2
DA:91,1
DA:101,1
DA:104,5
DA:105,0
DA:108,5
DA:109,0
DA:111,0
DA:113,0
DA:114,0
DA:118,5
DA:119,0
DA:120,0
DA:122,0
DA:123,0
DA:125,0
DA:126,0
DA:127,0
DA:129,0
DA:131,0
DA:132,0
DA:133,0
DA:135,0
DA:136,0
DA:139,5
DA:140,0
DA:141,0
DA:144,5
DA:145,0
DA:146,0
DA:149,5
DA:150,0
DA:151,0
DA:154,5
DA:155,0
DA:156,0
DA:159,5
LF:73
LH:40
BRDA:72,0,0,0
BRDA:72,0,1,0
BRDA:88,1,0,0
BRDA:88,1,1,1
BRDA:113,2,0,0
BRDA:113,2,1,0
BRDA:122,3,0,0
BRDA:122,3,1,0
BRDA:122,4,0,0
BRDA:122,4,1,0
BRDA:123,5,0,0
BRDA:123,5,1,0
BRDA:129,6,0,0
BRDA:129,6,1,0
BRDA:129,7,0,0
BRDA:129,7,1,0
BRF:16
BRH:1
end_of_record
TN:
SF:src/features/kanban/useWorkflow.ts
FN:13,useWorkflow
FN:16,loadWorkflowStatuses
FN:26,(anonymous_2)
FN:27,(anonymous_3)
FN:31,(anonymous_4)
FN:34,(anonymous_5)
FN:35,(anonymous_6)
FN:39,(anonymous_7)
FN:44,(anonymous_8)
FN:51,(anonymous_9)
FN:64,(anonymous_10)
FN:65,(anonymous_11)
FN:69,(anonymous_12)
FN:70,(anonymous_13)
FN:77,(anonymous_14)
FN:78,(anonymous_15)
FN:91,(anonymous_16)
FNF:17
FNH:0
FNDA:0,useWorkflow
FNDA:0,loadWorkflowStatuses
FNDA:0,(anonymous_2)
FNDA:0,(anonymous_3)
FNDA:0,(anonymous_4)
FNDA:0,(anonymous_5)
FNDA:0,(anonymous_6)
FNDA:0,(anonymous_7)
FNDA:0,(anonymous_8)
FNDA:0,(anonymous_9)
FNDA:0,(anonymous_10)
FNDA:0,(anonymous_11)
FNDA:0,(anonymous_12)
FNDA:0,(anonymous_13)
FNDA:0,(anonymous_14)
FNDA:0,(anonymous_15)
FNDA:0,(anonymous_16)
DA:1,0
DA:3,0
DA:11,0
DA:13,0
DA:14,0
DA:17,0
DA:18,0
DA:19,0
DA:21,0
DA:22,0
DA:26,0
DA:27,0
DA:28,0
DA:31,0
DA:34,0
DA:35,0
DA:36,0
DA:39,0
DA:40,0
DA:44,0
DA:49,0
DA:50,0
DA:51,0
DA:55,0
DA:64,0
DA:65,0
DA:66,0
DA:69,0
DA:70,0
DA:72,0
DA:74,0
DA:77,0
DA:78,0
DA:79,0
DA:81,0
DA:82,0
DA:84,0
DA:85,0
DA:86,0
DA:88,0
DA:91,0
DA:92,0
DA:95,0
LF:43
LH:0
BRDA:19,0,0,0
BRDA:19,0,1,0
BRDA:36,1,0,0
BRDA:36,1,1,0
BRDA:50,2,0,0
BRDA:50,2,1,0
BRDA:51,3,0,0
BRDA:51,3,1,0
BRDA:66,4,0,0
BRDA:66,4,1,0
BRDA:66,5,0,0
BRDA:66,5,1,0
BRDA:66,5,2,0
BRDA:66,5,3,0
BRDA:69,6,0,0
BRDA:69,6,1,0
BRDA:69,7,0,0
BRDA:69,7,1,0
BRDA:72,8,0,0
BRDA:72,8,1,0
BRDA:79,9,0,0
BRDA:79,9,1,0
BRDA:81,10,0,0
BRDA:81,10,1,0
BRDA:82,11,0,0
BRDA:82,11,1,0
BRDA:82,12,0,0
BRDA:82,12,1,0
BRF:28
BRH:0
end_of_record
TN:
SF:src/features/kanban/workflowConfig.ts
FN:30,isWorkflowStatus
FN:46,sanitizeWorkflowStatuses
FN:54,getWorkflowStatuses
FN:66,slugifyWorkflowLabel
FN:74,getCompletedStatusIds
FN:77,(anonymous_5)
FN:78,(anonymous_6)
FN:82,getDefaultStatusId
FN:84,(anonymous_8)
FN:90,sanitizeTasksForWorkflow
FN:91,(anonymous_10)
FN:94,(anonymous_11)
FNF:12
FNH:10
FNDA:0,isWorkflowStatus
FNDA:1,sanitizeWorkflowStatuses
FNDA:0,getWorkflowStatuses
FNDA:1,slugifyWorkflowLabel
FNDA:14,getCompletedStatusIds
FNDA:42,(anonymous_5)
FNDA:14,(anonymous_6)
FNDA:15,getDefaultStatusId
FNDA:15,(anonymous_8)
FNDA:1,sanitizeTasksForWorkflow
FNDA:3,(anonymous_10)
FNDA:1,(anonymous_11)
DA:4,3
DA:6,3
DA:31,0
DA:33,0
DA:35,0
DA:46,3
DA:47,1
DA:49,0
DA:51,0
DA:54,3
DA:55,0
DA:56,0
DA:58,0
DA:62,0
DA:66,3
DA:67,1
DA:74,3
DA:75,14
DA:77,42
DA:78,14
DA:82,3
DA:83,15
DA:84,15
DA:90,3
DA:91,3
DA:92,1
DA:94,1
DA:95,1
LF:28
LH:19
BRDA:31,0,0,0
BRDA:31,0,1,0
BRDA:31,1,0,0
BRDA:31,1,1,0
BRDA:36,2,0,0
BRDA:36,2,1,0
BRDA:36,2,2,0
BRDA:36,2,3,0
BRDA:36,2,4,0
BRDA:36,2,5,0
BRDA:36,2,6,0
BRDA:47,3,0,1
BRDA:47,3,1,0
BRDA:51,4,0,0
BRDA:51,4,1,0
BRDA:58,5,0,0
BRDA:58,5,1,0
BRDA:84,6,0,15
BRDA:84,6,1,0
BRDA:84,6,2,0
BRDA:95,7,0,0
BRDA:95,7,1,1
BRF:22
BRH:3
end_of_record
TN:
SF:src/features/kanban/graphql/activities.ts
FNF:0
FNH:0
DA:1,0
DA:3,0
DA:17,0
DA:31,0
LF:4
LH:0
BRF:0
BRH:0
end_of_record
TN:
SF:src/features/kanban/graphql/tasks.ts
FNF:0
FNH:0
DA:1,0
DA:3,0
DA:32,0
DA:61,0
DA:89,0
DA:97,0
DA:107,0
DA:115,0
DA:123,0
LF:9
LH:0
BRF:0
BRH:0
end_of_record
TN:
SF:src/features/kanban/graphql/workflow.ts
FNF:0
FNH:0
DA:1,0
DA:3,0
DA:20,0
DA:37,0
DA:62,0
DA:70,0
LF:6
LH:0
BRF:0
BRH:0
end_of_record
TN:
SF:src/features/kanban/hasura/activities.ts
FN:15,fetchActivities
FN:26,subscribeToActivities
FN:37,(anonymous_2)
FN:48,(anonymous_3)
FN:54,createActivity
FNF:5
FNH:0
FNDA:0,fetchActivities
FNDA:0,subscribeToActivities
FNDA:0,(anonymous_2)
FNDA:0,(anonymous_3)
FNDA:0,createActivity
DA:1,0
DA:2,0
DA:3,0
DA:5,0
DA:15,0
DA:16,0
DA:17,0
DA:23,0
DA:26,0
DA:29,0
DA:31,0
DA:38,0
DA:40,0
DA:46,0
DA:49,0
DA:54,0
DA:55,0
DA:56,0
LF:18
LH:0
BRDA:23,0,0,0
BRDA:23,0,1,0
BRDA:38,1,0,0
BRDA:38,1,1,0
BRDA:60,2,0,0
BRDA:60,2,1,0
BRF:6
BRH:0
end_of_record
TN:
SF:src/features/kanban/hasura/index.ts
FN:2,(anonymous_0)
FN:3,(anonymous_1)
FN:4,(anonymous_2)
FN:7,(anonymous_3)
FN:8,(anonymous_4)
FN:9,(anonymous_5)
FN:10,(anonymous_6)
FN:11,(anonymous_7)
FN:12,(anonymous_8)
FN:13,(anonymous_9)
FN:14,(anonymous_10)
FN:17,(anonymous_11)
FN:18,(anonymous_12)
FN:19,(anonymous_13)
FN:20,(anonymous_14)
FN:21,(anonymous_15)
FN:22,(anonymous_16)
FNF:17
FNH:0
FNDA:0,(anonymous_0)
FNDA:0,(anonymous_1)
FNDA:0,(anonymous_2)
FNDA:0,(anonymous_3)
FNDA:0,(anonymous_4)
FNDA:0,(anonymous_5)
FNDA:0,(anonymous_6)
FNDA:0,(anonymous_7)
FNDA:0,(anonymous_8)
FNDA:0,(anonymous_9)
FNDA:0,(anonymous_10)
FNDA:0,(anonymous_11)
FNDA:0,(anonymous_12)
FNDA:0,(anonymous_13)
FNDA:0,(anonymous_14)
FNDA:0,(anonymous_15)
FNDA:0,(anonymous_16)
DA:1,0
DA:2,0
DA:3,0
DA:4,0
DA:6,0
DA:7,0
DA:8,0
DA:9,0
DA:10,0
DA:11,0
DA:12,0
DA:13,0
DA:14,0
DA:16,0
DA:17,0
DA:18,0
DA:19,0
DA:20,0
DA:21,0
DA:22,0
LF:20
LH:0
BRF:0
BRH:0
end_of_record
TN:
SF:src/features/kanban/hasura/mappers.ts
FN:11,mapWorkflowStatus
FN:23,mapTask
FN:31,(anonymous_2)
FN:35,mapActivity
FNF:4
FNH:4
FNDA:1,mapWorkflowStatus
FNDA:1,mapTask
FNDA:2,(anonymous_2)
FNDA:1,mapActivity
DA:3,1
DA:11,1
DA:12,1
DA:23,1
DA:24,1
DA:31,2
DA:35,1
DA:36,1
LF:8
LH:8
BRDA:27,0,0,1
BRDA:27,0,1,1
BRDA:28,1,0,1
BRDA:28,1,1,1
BRDA:30,2,0,1
BRDA:30,2,1,1
BRF:6
BRH:6
end_of_record
TN:
SF:src/features/kanban/hasura/tasks.ts
FN:29,fetchTasks
FN:40,subscribeToTasks
FN:49,(anonymous_2)
FN:60,(anonymous_3)
FN:66,createTask
FN:88,(anonymous_5)
FN:95,moveTaskWithActivityLog
FN:111,updateTaskFields
FN:142,replaceTaskTags
FN:153,(anonymous_9)
FN:161,deleteTask
FN:168,reorderTasks
FN:172,(anonymous_12)
FNF:13
FNH:0
FNDA:0,fetchTasks
FNDA:0,subscribeToTasks
FNDA:0,(anonymous_2)
FNDA:0,(anonymous_3)
FNDA:0,createTask
FNDA:0,(anonymous_5)
FNDA:0,moveTaskWithActivityLog
FNDA:0,updateTaskFields
FNDA:0,replaceTaskTags
FNDA:0,(anonymous_9)
FNDA:0,deleteTask
FNDA:0,reorderTasks
FNDA:0,(anonymous_12)
DA:1,0
DA:2,0
DA:4,0
DA:6,0
DA:29,0
DA:30,0
DA:31,0
DA:37,0
DA:40,0
DA:41,0
DA:43,0
DA:50,0
DA:52,0
DA:58,0
DA:61,0
DA:66,0
DA:75,0
DA:76,0
DA:88,0
DA:92,0
DA:95,0
DA:96,0
DA:104,0
DA:105,0
DA:108,0
DA:111,0
DA:122,0
DA:124,0
DA:125,0
DA:126,0
DA:127,0
DA:129,0
DA:130,0
DA:131,0
DA:133,0
DA:142,0
DA:143,0
DA:148,0
DA:150,0
DA:153,0
DA:161,0
DA:162,0
DA:168,0
DA:169,0
DA:171,0
DA:173,0
LF:46
LH:0
BRDA:37,0,0,0
BRDA:37,0,1,0
BRDA:50,1,0,0
BRDA:50,1,1,0
BRDA:82,2,0,0
BRDA:82,2,1,0
BRDA:85,3,0,0
BRDA:85,3,1,0
BRDA:104,4,0,0
BRDA:104,4,1,0
BRDA:124,5,0,0
BRDA:124,5,1,0
BRDA:125,6,0,0
BRDA:125,6,1,0
BRDA:126,7,0,0
BRDA:126,7,1,0
BRDA:129,8,0,0
BRDA:129,8,1,0
BRDA:130,9,0,0
BRDA:130,9,1,0
BRDA:130,10,0,0
BRDA:130,10,1,0
BRDA:131,11,0,0
BRDA:131,11,1,0
BRDA:148,12,0,0
BRDA:148,12,1,0
BRDA:169,13,0,0
BRDA:169,13,1,0
BRF:28
BRH:0
end_of_record
TN:
SF:src/features/kanban/hasura/workflow.ts
FN:18,fetchWorkflowStatuses
FN:29,subscribeToWorkflowStatuses
FN:40,(anonymous_2)
FN:51,(anonymous_3)
FN:57,createWorkflowStatus
FN:78,deleteWorkflowStatus
FN:88,reorderWorkflowStatuses
FN:93,(anonymous_7)
FN:94,(anonymous_8)
FN:106,resetWorkflowStatuses
FN:108,(anonymous_10)
FN:109,(anonymous_11)
FN:127,(anonymous_12)
FNF:13
FNH:0
FNDA:0,fetchWorkflowStatuses
FNDA:0,subscribeToWorkflowStatuses
FNDA:0,(anonymous_2)
FNDA:0,(anonymous_3)
FNDA:0,createWorkflowStatus
FNDA:0,deleteWorkflowStatus
FNDA:0,reorderWorkflowStatuses
FNDA:0,(anonymous_7)
FNDA:0,(anonymous_8)
FNDA:0,resetWorkflowStatuses
FNDA:0,(anonymous_10)
FNDA:0,(anonymous_11)
FNDA:0,(anonymous_12)
DA:1,0
DA:2,0
DA:4,0
DA:6,0
DA:18,0
DA:19,0
DA:20,0
DA:26,0
DA:29,0
DA:32,0
DA:34,0
DA:41,0
DA:43,0
DA:49,0
DA:52,0
DA:57,0
DA:64,0
DA:65,0
DA:78,0
DA:79,0
DA:88,0
DA:89,0
DA:91,0
DA:93,0
DA:95,0
DA:106,0
DA:107,0
DA:108,0
DA:109,0
DA:111,0
DA:112,0
DA:115,0
DA:116,0
DA:117,0
DA:120,0
DA:126,0
DA:127,0
DA:128,0
DA:130,0
LF:39
LH:0
BRDA:26,0,0,0
BRDA:26,0,1,0
BRDA:41,1,0,0
BRDA:41,1,1,0
BRDA:89,2,0,0
BRDA:89,2,1,0
BRDA:111,3,0,0
BRDA:111,3,1,0
BRDA:116,4,0,0
BRDA:116,4,1,0
BRDA:128,5,0,0
BRDA:128,5,1,0
BRF:12
BRH:0
end_of_record
TN:
SF:src/hooks/useAuthSession.ts
FN:4,useAuthSession
FN:5,(anonymous_1)
FN:7,(anonymous_2)
FN:8,syncSession
FN:15,(anonymous_4)
FNF:5
FNH:5
FNDA:2,useAuthSession
FNDA:1,(anonymous_1)
FNDA:1,(anonymous_2)
FNDA:1,syncSession
FNDA:1,(anonymous_4)
DA:1,1
DA:2,1
DA:4,1
DA:5,2
DA:7,2
DA:9,1
DA:12,1
DA:13,1
DA:15,1
DA:16,1
DA:17,1
DA:21,2
LF:12
LH:12
BRF:0
BRH:0
end_of_record
TN:
SF:src/hooks/useTheme.ts
FN:5,useTheme
FN:6,(anonymous_1)
FN:11,(anonymous_2)
FNF:3
FNH:3
FNDA:2,useTheme
FNDA:1,(anonymous_1)
FNDA:2,(anonymous_2)
DA:1,1
DA:5,1
DA:6,2
DA:7,1
DA:8,1
DA:11,2
DA:12,2
DA:14,2
DA:15,1
DA:17,1
DA:20,2
DA:23,2
LF:12
LH:12
BRDA:8,0,0,1
BRDA:8,0,1,1
BRDA:14,1,0,1
BRDA:14,1,1,1
BRF:4
BRH:4
end_of_record
TN:
SF:src/hooks/useZonedTime.ts
FN:5,useZonedTime
FN:7,(anonymous_1)
FN:9,(anonymous_2)
FN:10,updateNow
FN:17,(anonymous_4)
FNF:5
FNH:5
FNDA:2,useZonedTime
FNDA:1,(anonymous_1)
FNDA:1,(anonymous_2)
FNDA:1,updateNow
FNDA:1,(anonymous_4)
DA:1,1
DA:2,1
DA:3,1
DA:5,1
DA:6,2
DA:7,2
DA:9,2
DA:11,1
DA:14,1
DA:15,1
DA:17,1
DA:18,1
DA:22,2
LF:13
LH:13
BRDA:7,0,0,1
BRDA:7,0,1,0
BRDA:11,1,0,1
BRDA:11,1,1,0
BRF:4
BRH:2
end_of_record
TN:
SF:src/i18n/de.ts
FNF:0
FNH:0
DA:1,0
LF:1
LH:0
BRF:0
BRH:0
end_of_record
TN:
SF:src/i18n/en.ts
FNF:0
FNH:0
DA:1,0
LF:1
LH:0
BRF:0
BRH:0
end_of_record
TN:
SF:src/i18n/es.ts
FNF:0
FNH:0
DA:1,0
LF:1
LH:0
BRF:0
BRH:0
end_of_record
TN:
SF:src/i18n/fr.ts
FNF:0
FNH:0
DA:1,0
LF:1
LH:0
BRF:0
BRH:0
end_of_record
TN:
SF:src/i18n/hi.ts
FNF:0
FNH:0
DA:1,0
LF:1
LH:0
BRF:0
BRH:0
end_of_record
TN:
SF:src/i18n/ja.ts
FNF:0
FNH:0
DA:1,0
LF:1
LH:0
BRF:0
BRH:0
end_of_record
TN:
SF:src/i18n/provider.tsx
FN:24,IntlProviderWrapper
FNF:1
FNH:0
FNDA:0,IntlProviderWrapper
DA:1,0
DA:4,0
DA:5,0
DA:6,0
DA:7,0
DA:8,0
DA:9,0
DA:11,0
DA:24,0
DA:26,0
DA:28,0
LF:11
LH:0
BRDA:26,0,0,0
BRDA:26,0,1,0
BRF:2
BRH:0
end_of_record
TN:
SF:src/layouts/AppLayout.tsx
FN:9,AppLayout
FN:19,(anonymous_2)
FN:21,handleShortcut
FN:25,(anonymous_4)
FN:32,(anonymous_5)
FN:59,(anonymous_6)
FN:74,(anonymous_7)
FN:74,(anonymous_8)
FN:75,(anonymous_9)
FN:75,(anonymous_10)
FN:76,(anonymous_11)
FNF:11
FNH:0
FNDA:0,AppLayout
FNDA:0,(anonymous_2)
FNDA:0,handleShortcut
FNDA:0,(anonymous_4)
FNDA:0,(anonymous_5)
FNDA:0,(anonymous_6)
FNDA:0,(anonymous_7)
FNDA:0,(anonymous_8)
FNDA:0,(anonymous_9)
FNDA:0,(anonymous_10)
FNDA:0,(anonymous_11)
DA:1,0
DA:2,0
DA:3,0
DA:4,0
DA:5,0
DA:6,0
DA:7,0
DA:9,0
DA:11,0
DA:12,0
DA:13,0
DA:15,0
DA:19,0
DA:23,0
DA:24,0
DA:25,0
DA:30,0
DA:32,0
DA:33,0
DA:38,0
DA:39,0
DA:42,0
DA:59,0
DA:74,0
DA:75,0
DA:76,0
LF:26
LH:0
BRDA:23,0,0,0
BRDA:23,0,1,0
BRDA:23,1,0,0
BRDA:23,1,1,0
BRDA:23,1,2,0
BRDA:38,2,0,0
BRDA:38,2,1,0
BRDA:67,3,0,0
BRDA:67,3,1,0
BRF:9
BRH:0
end_of_record
TN:
SF:src/layouts/Sidebar.tsx
FN:20,Sidebar
FN:53,(anonymous_1)
FN:53,(anonymous_2)
FN:61,(anonymous_3)
FN:77,(anonymous_4)
FN:85,(anonymous_5)
FN:93,(anonymous_6)
FN:101,(anonymous_7)
FN:109,(anonymous_8)
FN:117,(anonymous_9)
FN:131,NavItem
FN:148,(anonymous_11)
FNF:12
FNH:4
FNDA:3,Sidebar
FNDA:0,(anonymous_1)
FNDA:0,(anonymous_2)
FNDA:1,(anonymous_3)
FNDA:0,(anonymous_4)
FNDA:0,(anonymous_5)
FNDA:0,(anonymous_6)
FNDA:0,(anonymous_7)
FNDA:0,(anonymous_8)
FNDA:0,(anonymous_9)
FNDA:18,NavItem
FNDA:18,(anonymous_11)
DA:1,1
DA:3,1
DA:4,1
DA:20,1
DA:27,3
DA:29,3
DA:53,0
DA:61,1
DA:77,0
DA:85,0
DA:93,0
DA:101,0
DA:109,0
DA:117,0
DA:144,18
DA:149,18
LF:16
LH:9
BRDA:36,0,0,3
BRDA:36,0,1,0
BRDA:37,1,0,1
BRDA:37,1,1,2
BRDA:45,2,0,3
BRDA:45,2,1,2
BRDA:124,3,0,3
BRDA:124,3,1,2
BRDA:153,4,0,0
BRDA:153,4,1,18
BRDA:161,5,0,18
BRDA:161,5,1,12
BRF:12
BRH:10
end_of_record
TN:
SF:src/layouts/Topbar.tsx
FN:19,Topbar
FN:33,(anonymous_1)
FN:34,handleClickOutside
FN:42,(anonymous_3)
FN:103,(anonymous_4)
FN:111,(anonymous_5)
FN:111,(anonymous_6)
FN:146,(anonymous_7)
FN:168,MenuItem
FNF:9
FNH:9
FNDA:3,Topbar
FNDA:2,(anonymous_1)
FNDA:3,handleClickOutside
FNDA:2,(anonymous_3)
FNDA:1,(anonymous_4)
FNDA:1,(anonymous_5)
FNDA:1,(anonymous_6)
FNDA:1,(anonymous_7)
FNDA:3,MenuItem
DA:1,1
DA:2,1
DA:3,1
DA:4,1
DA:5,1
DA:7,1
DA:8,1
DA:9,1
DA:10,1
DA:11,1
DA:19,1
DA:23,3
DA:24,3
DA:25,3
DA:27,3
DA:28,3
DA:29,3
DA:30,3
DA:31,3
DA:33,3
DA:35,3
DA:36,1
DA:40,2
DA:42,2
DA:43,2
DA:47,3
DA:103,1
DA:111,1
DA:147,1
DA:148,1
DA:169,3
LF:31
LH:31
BRDA:35,0,0,1
BRDA:35,0,1,2
BRDA:35,1,0,3
BRDA:35,1,1,3
BRDA:66,2,0,3
BRDA:66,2,1,0
BRDA:103,3,0,1
BRDA:103,3,1,0
BRDA:106,4,0,3
BRDA:106,4,1,0
BRDA:124,5,0,3
BRDA:124,5,1,1
BRF:12
BRH:9
end_of_record
TN:
SF:src/lib/auth.ts
FN:75,dispatchAuthSessionChanged
FN:79,normalizeAuthUser
FN:103,isValidAuthSession
FN:118,saveAuthSession
FN:123,getAuthSession
FN:142,clearAuthSession
FN:147,requireAuthSession
FN:157,updateStoredAuthUser
FN:170,login
FN:183,signup
FN:196,startSignup
FN:209,verifySignup
FN:222,fetchCurrentUser
FN:241,updateCurrentUserProfile
FNF:14
FNH:12
FNDA:6,dispatchAuthSessionChanged
FNDA:1,normalizeAuthUser
FNDA:6,isValidAuthSession
FNDA:5,saveAuthSession
FNDA:7,getAuthSession
FNDA:1,clearAuthSession
FNDA:3,requireAuthSession
FNDA:1,updateStoredAuthUser
FNDA:1,login
FNDA:0,signup
FNDA:1,startSignup
FNDA:0,verifySignup
FNDA:1,fetchCurrentUser
FNDA:1,updateCurrentUserProfile
DA:1,1
DA:2,1
DA:9,1
DA:11,1
DA:12,1
DA:76,6
DA:81,1
DA:86,1
DA:90,1
DA:104,6
DA:106,6
DA:107,6
DA:109,6
DA:118,1
DA:119,5
DA:120,5
DA:123,1
DA:124,7
DA:125,7
DA:126,7
DA:128,5
DA:130,5
DA:131,0
DA:132,0
DA:135,5
DA:137,0
DA:138,0
DA:142,1
DA:143,1
DA:144,1
DA:147,1
DA:148,3
DA:150,3
DA:151,1
DA:154,2
DA:158,1
DA:159,1
DA:161,1
DA:170,1
DA:171,1
DA:176,1
DA:177,0
DA:180,1
DA:183,1
DA:184,0
DA:189,0
DA:190,0
DA:193,0
DA:196,1
DA:197,1
DA:202,1
DA:203,0
DA:206,1
DA:209,1
DA:210,0
DA:215,0
DA:216,0
DA:219,0
DA:222,1
DA:223,1
DA:225,1
DA:231,1
DA:232,1
DA:233,0
DA:236,1
DA:237,1
DA:238,1
DA:241,1
DA:242,1
DA:246,1
DA:247,1
DA:264,0
DA:266,1
DA:267,1
DA:268,1
DA:271,0
DA:274,0
DA:275,0
DA:276,0
DA:279,0
DA:280,0
DA:281,0
LF:82
LH:59
BRDA:81,0,0,1
BRDA:81,0,1,0
BRDA:82,1,0,1
BRDA:82,1,1,0
BRDA:83,2,0,0
BRDA:83,2,1,0
BRDA:86,3,0,1
BRDA:86,3,1,0
BRDA:87,4,0,1
BRDA:87,4,1,0
BRDA:88,5,0,0
BRDA:88,5,1,0
BRDA:93,6,0,1
BRDA:93,6,1,0
BRDA:93,7,0,1
BRDA:93,7,1,0
BRDA:96,8,0,1
BRDA:96,8,1,0
BRDA:98,9,0,1
BRDA:98,9,1,0
BRDA:98,10,0,1
BRDA:98,10,1,0
BRDA:99,11,0,1
BRDA:99,11,1,0
BRDA:99,12,0,1
BRDA:99,12,1,0
BRDA:104,13,0,0
BRDA:104,13,1,6
BRDA:104,14,0,6
BRDA:104,14,1,6
BRDA:110,15,0,6
BRDA:110,15,1,6
BRDA:110,15,2,6
BRDA:110,15,3,6
BRDA:110,15,4,6
BRDA:126,16,0,2
BRDA:126,16,1,5
BRDA:130,17,0,0
BRDA:130,17,1,5
BRDA:150,18,0,1
BRDA:150,18,1,2
BRDA:159,19,0,0
BRDA:159,19,1,1
BRDA:176,20,0,0
BRDA:176,20,1,1
BRDA:176,21,0,1
BRDA:176,21,1,1
BRDA:189,22,0,0
BRDA:189,22,1,0
BRDA:189,23,0,0
BRDA:189,23,1,0
BRDA:202,24,0,0
BRDA:202,24,1,1
BRDA:215,25,0,0
BRDA:215,25,1,0
BRDA:215,26,0,0
BRDA:215,26,1,0
BRDA:232,27,0,0
BRDA:232,27,1,1
BRDA:253,28,0,1
BRDA:253,28,1,0
BRDA:266,29,0,1
BRDA:266,29,1,0
BRDA:267,30,0,1
BRDA:267,30,1,0
BRDA:267,31,0,1
BRDA:267,31,1,1
BRDA:267,31,2,0
BRDA:275,32,0,0
BRDA:275,32,1,0
BRF:70
BRH:35
end_of_record
TN:
SF:src/lib/timezone.ts
FN:5,getAvailableTimezones
FN:21,normalizeTimezone
FNF:2
FNH:2
FNDA:1,getAvailableTimezones
FNDA:7,normalizeTimezone
DA:1,2
DA:3,2
DA:5,2
DA:6,1
DA:7,1
DA:10,0
DA:21,2
DA:22,7
DA:24,5
DA:25,5
LF:10
LH:9
BRDA:3,0,0,2
BRDA:3,0,1,0
BRDA:6,1,0,1
BRDA:6,1,1,0
BRDA:22,2,0,2
BRDA:22,2,1,5
BRDA:25,3,0,4
BRDA:25,3,1,1
BRF:8
BRH:6
end_of_record
TN:
SF:src/pages/Analytics.tsx
FN:24,Analytics
FN:31,(anonymous_2)
FN:113,Card
FN:122,Stat
FNF:4
FNH:0
FNDA:0,Analytics
FNDA:0,(anonymous_2)
FNDA:0,Card
FNDA:0,Stat
DA:1,0
DA:2,0
DA:3,0
DA:4,0
DA:5,0
DA:6,0
DA:7,0
DA:8,0
DA:10,0
DA:11,0
DA:24,0
DA:26,0
DA:27,0
DA:28,0
DA:29,0
DA:31,0
DA:33,0
DA:37,0
DA:114,0
DA:123,0
LF:20
LH:0
BRDA:33,0,0,0
BRDA:33,0,1,0
BRF:2
BRH:0
end_of_record
TN:
SF:src/pages/Calendar.tsx
FN:23,Calendar
FN:48,(anonymous_2)
FN:64,prevMonth
FN:68,nextMonth
FN:72,tasksForDay
FN:77,(anonymous_6)
FN:80,handleDragEnd
FN:151,(anonymous_8)
FN:157,(anonymous_9)
FN:173,(anonymous_10)
FN:178,(anonymous_11)
FN:230,(anonymous_12)
FN:248,DroppableDay
FN:274,DraggableTask
FNF:14
FNH:0
FNDA:0,Calendar
FNDA:0,(anonymous_2)
FNDA:0,prevMonth
FNDA:0,nextMonth
FNDA:0,tasksForDay
FNDA:0,(anonymous_6)
FNDA:0,handleDragEnd
FNDA:0,(anonymous_8)
FNDA:0,(anonymous_9)
FNDA:0,(anonymous_10)
FNDA:0,(anonymous_11)
FNDA:0,(anonymous_12)
FNDA:0,DroppableDay
FNDA:0,DraggableTask
DA:1,0
DA:2,0
DA:3,0
DA:4,0
DA:7,0
DA:10,0
DA:23,0
DA:25,0
DA:26,0
DA:36,0
DA:38,0
DA:39,0
DA:40,0
DA:42,0
DA:43,0
DA:45,0
DA:46,0
DA:48,0
DA:50,0
DA:52,0
DA:53,0
DA:56,0
DA:57,0
DA:60,0
DA:65,0
DA:69,0
DA:75,0
DA:77,0
DA:82,0
DA:84,0
DA:86,0
DA:87,0
DA:90,0
DA:92,0
DA:95,0
DA:105,0
DA:152,0
DA:159,0
DA:161,0
DA:175,0
DA:179,0
DA:180,0
DA:230,0
DA:250,0
DA:254,0
DA:277,0
DA:279,0
DA:283,0
LF:48
LH:0
BRDA:84,0,0,0
BRDA:84,0,1,0
BRDA:142,1,0,0
BRDA:142,1,1,0
BRDA:159,2,0,0
BRDA:159,2,1,0
BRDA:165,3,0,0
BRDA:165,3,1,0
BRDA:187,4,0,0
BRDA:187,4,1,0
BRDA:198,5,0,0
BRDA:198,5,1,0
BRDA:200,6,0,0
BRDA:200,6,1,0
BRDA:226,7,0,0
BRDA:226,7,1,0
BRDA:251,8,0,0
BRDA:251,8,1,0
BRDA:279,9,0,0
BRDA:279,9,1,0
BRF:20
BRH:0
end_of_record
TN:
SF:src/pages/Dashboard.tsx
FN:12,Dashboard
FN:27,(anonymous_2)
FN:28,(anonymous_3)
FN:29,(anonymous_4)
FN:38,(anonymous_5)
FN:42,(anonymous_6)
FN:43,(anonymous_7)
FN:46,(anonymous_8)
FN:50,(anonymous_9)
FN:53,(anonymous_10)
FN:124,(anonymous_11)
FN:149,(anonymous_12)
FN:172,(anonymous_13)
FN:187,(anonymous_14)
FN:188,(anonymous_15)
FN:211,(anonymous_16)
FN:234,Card
FN:251,StatCard
FN:262,Bar
FNF:19
FNH:19
FNDA:13,Dashboard
FNDA:52,(anonymous_2)
FNDA:52,(anonymous_3)
FNDA:52,(anonymous_4)
FNDA:52,(anonymous_5)
FNDA:52,(anonymous_6)
FNDA:13,(anonymous_7)
FNDA:39,(anonymous_8)
FNDA:156,(anonymous_9)
FNDA:1,(anonymous_10)
FNDA:13,(anonymous_11)
FNDA:26,(anonymous_12)
FNDA:39,(anonymous_13)
FNDA:10,(anonymous_14)
FNDA:10,(anonymous_15)
FNDA:52,(anonymous_16)
FNDA:117,Card
FNDA:52,StatCard
FNDA:39,Bar
DA:1,1
DA:2,1
DA:3,1
DA:4,1
DA:5,1
DA:6,1
DA:7,1
DA:8,1
DA:9,1
DA:10,1
DA:12,1
DA:13,13
DA:14,13
DA:15,13
DA:16,13
DA:17,13
DA:18,13
DA:19,13
DA:20,13
DA:21,13
DA:23,13
DA:25,13
DA:27,52
DA:28,52
DA:29,52
DA:33,13
DA:37,13
DA:38,52
DA:41,13
DA:42,52
DA:43,13
DA:46,39
DA:50,156
DA:53,13
DA:54,1
DA:56,1
DA:57,1
DA:60,13
DA:125,13
DA:150,26
DA:173,39
DA:187,10
DA:189,10
DA:212,52
DA:241,117
DA:252,52
DA:271,39
LF:47
LH:47
BRDA:28,0,0,52
BRDA:28,0,1,39
BRDA:33,1,0,0
BRDA:33,1,1,13
BRDA:38,2,0,52
BRDA:38,2,1,39
BRDA:42,3,0,52
BRDA:42,3,1,39
BRDA:43,4,0,13
BRDA:43,4,1,0
BRDA:43,5,0,13
BRDA:43,5,1,0
BRDA:54,6,0,0
BRDA:54,6,1,1
BRDA:123,7,0,13
BRDA:123,7,1,0
BRDA:148,8,0,13
BRDA:148,8,1,0
BRDA:189,9,0,0
BRDA:189,9,1,10
BRF:20
BRH:13
end_of_record
TN:
SF:src/pages/Login.tsx
FN:13,Login
FN:16,(anonymous_1)
FN:27,(anonymous_2)
FN:33,(anonymous_3)
FN:40,handleSubmit
FN:123,(anonymous_5)
FN:136,(anonymous_6)
FN:149,(anonymous_7)
FN:162,(anonymous_8)
FN:216,Field
FNF:10
FNH:9
FNDA:66,Login
FNDA:3,(anonymous_1)
FNDA:3,(anonymous_2)
FNDA:3,(anonymous_3)
FNDA:2,handleSubmit
FNDA:5,(anonymous_5)
FNDA:34,(anonymous_6)
FNDA:18,(anonymous_7)
FNDA:0,(anonymous_8)
FNDA:162,Field
DA:1,1
DA:2,1
DA:3,1
DA:4,1
DA:13,1
DA:14,66
DA:15,66
DA:16,66
DA:18,66
DA:19,66
DA:20,66
DA:21,66
DA:22,66
DA:23,66
DA:24,66
DA:25,66
DA:27,66
DA:28,3
DA:29,0
DA:33,66
DA:34,3
DA:35,3
DA:36,3
DA:37,3
DA:41,2
DA:42,2
DA:43,2
DA:44,2
DA:46,2
DA:47,2
DA:48,1
DA:49,1
DA:50,1
DA:51,1
DA:54,1
DA:55,1
DA:56,1
DA:57,1
DA:58,1
DA:61,0
DA:62,0
DA:63,0
DA:65,0
DA:67,2
DA:71,66
DA:123,5
DA:136,34
DA:149,18
DA:162,0
DA:225,162
LF:50
LH:44
BRDA:28,0,0,0
BRDA:28,0,1,3
BRDA:47,1,0,1
BRDA:47,1,1,1
BRDA:54,2,0,1
BRDA:54,2,1,0
BRDA:65,3,0,0
BRDA:65,3,1,0
BRDA:81,4,0,35
BRDA:81,4,1,31
BRDA:81,5,0,1
BRDA:81,5,1,34
BRDA:84,6,0,35
BRDA:84,6,1,31
BRDA:85,7,0,1
BRDA:85,7,1,34
BRDA:94,8,0,35
BRDA:94,8,1,31
BRDA:107,9,0,35
BRDA:107,9,1,31
BRDA:107,10,0,1
BRDA:107,10,1,34
BRDA:110,11,0,35
BRDA:110,11,1,31
BRDA:111,12,0,1
BRDA:111,12,1,34
BRDA:119,13,0,66
BRDA:119,13,1,35
BRDA:144,14,0,66
BRDA:144,14,1,35
BRDA:144,14,2,65
BRDA:158,15,0,66
BRDA:158,15,1,35
BRDA:158,15,2,1
BRDA:177,16,0,2
BRDA:177,16,1,64
BRDA:178,17,0,1
BRDA:178,17,1,1
BRDA:179,18,0,0
BRDA:179,18,1,1
BRDA:181,19,0,34
BRDA:181,19,1,30
BRDA:182,20,0,1
BRDA:182,20,1,33
BRDA:187,21,0,66
BRDA:187,21,1,1
BRDA:193,22,0,66
BRDA:193,22,1,0
BRDA:201,23,0,35
BRDA:201,23,1,31
BRDA:203,24,0,35
BRDA:203,24,1,31
BRDA:206,25,0,35
BRDA:206,25,1,31
BRF:54
BRH:48
end_of_record
TN:
SF:src/pages/Profile.tsx
FN:20,normalizeTheme
FN:24,normalizeProfileState
FN:40,Profile
FN:43,(anonymous_3)
FN:49,(anonymous_4)
FN:52,loadProfile
FN:79,(anonymous_6)
FN:84,updateField
FN:85,(anonymous_8)
FN:90,handleSave
FN:160,(anonymous_10)
FN:168,(anonymous_11)
FN:184,(anonymous_12)
FN:192,(anonymous_13)
FN:200,(anonymous_14)
FN:203,(anonymous_15)
FN:214,(anonymous_16)
FN:229,(anonymous_17)
FN:265,Field
FNF:19
FNH:10
FNDA:12,normalizeTheme
FNDA:2,normalizeProfileState
FNDA:11,Profile
FNDA:2,(anonymous_3)
FNDA:11,(anonymous_4)
FNDA:11,loadProfile
FNDA:11,(anonymous_6)
FNDA:0,updateField
FNDA:0,(anonymous_8)
FNDA:2,handleSave
FNDA:0,(anonymous_10)
FNDA:0,(anonymous_11)
FNDA:0,(anonymous_12)
FNDA:0,(anonymous_13)
FNDA:0,(anonymous_14)
FNDA:22,(anonymous_15)
FNDA:0,(anonymous_16)
FNDA:0,(anonymous_17)
FNDA:88,Field
DA:1,1
DA:3,1
DA:4,1
DA:5,1
DA:21,12
DA:25,2
DA:27,2
DA:40,1
DA:41,11
DA:42,11
DA:43,11
DA:44,11
DA:45,11
DA:46,11
DA:47,11
DA:49,11
DA:50,11
DA:53,11
DA:54,11
DA:55,11
DA:57,9
DA:68,0
DA:69,0
DA:72,11
DA:73,9
DA:78,11
DA:79,11
DA:80,11
DA:85,0
DA:86,0
DA:87,0
DA:91,2
DA:92,2
DA:93,0
DA:94,0
DA:97,2
DA:99,2
DA:100,2
DA:101,2
DA:103,2
DA:104,2
DA:114,1
DA:116,1
DA:126,1
DA:127,1
DA:129,1
DA:130,0
DA:133,1
DA:134,1
DA:136,0
DA:139,2
DA:143,11
DA:160,0
DA:168,0
DA:184,0
DA:192,0
DA:200,0
DA:204,22
DA:214,0
DA:229,0
DA:266,88
LF:61
LH:45
BRDA:21,0,0,12
BRDA:21,0,1,0
BRDA:21,1,0,12
BRDA:21,1,1,12
BRDA:21,1,2,0
BRDA:28,2,0,2
BRDA:28,2,1,0
BRDA:29,3,0,2
BRDA:29,3,1,0
BRDA:30,4,0,2
BRDA:30,4,1,0
BRDA:31,5,0,2
BRDA:31,5,1,0
BRDA:32,6,0,2
BRDA:32,6,1,0
BRDA:35,7,0,2
BRDA:35,7,1,0
BRDA:35,7,2,0
BRDA:55,8,0,2
BRDA:55,8,1,9
BRDA:59,9,0,9
BRDA:59,9,1,0
BRDA:61,10,0,9
BRDA:61,10,1,0
BRDA:62,11,0,9
BRDA:62,11,1,0
BRDA:64,12,0,9
BRDA:64,12,1,0
BRDA:64,12,2,0
BRDA:68,13,0,0
BRDA:68,13,1,0
BRDA:72,14,0,9
BRDA:72,14,1,2
BRDA:92,15,0,0
BRDA:92,15,1,2
BRDA:97,16,0,2
BRDA:97,16,1,2
BRDA:109,17,0,2
BRDA:109,17,1,0
BRDA:114,18,0,1
BRDA:114,18,1,0
BRDA:118,19,0,1
BRDA:118,19,1,0
BRDA:120,20,0,1
BRDA:120,20,1,0
BRDA:121,21,0,1
BRDA:121,21,1,0
BRDA:122,22,0,1
BRDA:122,22,1,0
BRDA:129,23,0,0
BRDA:129,23,1,1
BRDA:133,24,0,1
BRDA:133,24,1,0
BRDA:133,25,0,1
BRDA:133,25,1,1
BRDA:239,26,0,11
BRDA:239,26,1,2
BRDA:245,27,0,11
BRDA:245,27,1,2
BRDA:252,28,0,11
BRDA:252,28,1,9
BRDA:256,29,0,2
BRDA:256,29,1,9
BRF:63
BRH:38
end_of_record
TN:
SF:src/pages/Projects.tsx
FN:4,Projects
FNF:1
FNH:0
FNDA:0,Projects
DA:1,0
DA:2,0
DA:4,0
DA:6,0
DA:8,0
LF:5
LH:0
BRF:0
BRH:0
end_of_record
TN:
SF:src/pages/Settings.tsx
FN:32,normalizeTheme
FN:36,getDefaultTimezone
FN:40,Settings
FN:64,(anonymous_3)
FN:67,(anonymous_4)
FN:90,(anonymous_5)
FN:93,loadProfile
FN:107,(anonymous_7)
FN:124,(anonymous_8)
FN:129,(anonymous_9)
FN:133,(anonymous_10)
FN:153,updateProfile
FN:154,(anonymous_12)
FN:159,updateSetting
FN:160,(anonymous_14)
FN:166,saveProfileChanges
FN:201,(anonymous_16)
FN:222,exportTasks
FN:235,clearTasks
FN:243,resetSettings
FN:251,handleAddWorkflowStatus
FN:270,(anonymous_21)
FN:271,(anonymous_22)
FN:272,(anonymous_23)
FN:273,(anonymous_24)
FN:274,(anonymous_25)
FN:278,(anonymous_26)
FN:279,(anonymous_27)
FN:301,(anonymous_28)
FN:339,(anonymous_29)
FN:347,(anonymous_30)
FN:353,(anonymous_31)
FN:361,(anonymous_32)
FN:388,(anonymous_33)
FN:409,(anonymous_34)
FN:435,(anonymous_35)
FN:444,(anonymous_36)
FN:453,(anonymous_37)
FN:498,Section
FN:522,Input
FN:541,(anonymous_40)
FN:552,ColorInput
FN:569,(anonymous_42)
FN:579,Select
FN:596,(anonymous_44)
FN:599,(anonymous_45)
FN:609,Toggle
FN:623,(anonymous_47)
FN:634,StageBadge
FNF:49
FNH:21
FNDA:11,normalizeTheme
FNDA:0,getDefaultTimezone
FNDA:11,Settings
FNDA:22,(anonymous_3)
FNDA:2,(anonymous_4)
FNDA:11,(anonymous_5)
FNDA:11,loadProfile
FNDA:8,(anonymous_7)
FNDA:11,(anonymous_8)
FNDA:10,(anonymous_9)
FNDA:2,(anonymous_10)
FNDA:0,updateProfile
FNDA:0,(anonymous_12)
FNDA:0,updateSetting
FNDA:0,(anonymous_14)
FNDA:2,saveProfileChanges
FNDA:1,(anonymous_16)
FNDA:0,exportTasks
FNDA:0,clearTasks
FNDA:0,resetSettings
FNDA:0,handleAddWorkflowStatus
FNDA:0,(anonymous_21)
FNDA:0,(anonymous_22)
FNDA:0,(anonymous_23)
FNDA:0,(anonymous_24)
FNDA:0,(anonymous_25)
FNDA:0,(anonymous_26)
FNDA:22,(anonymous_27)
FNDA:0,(anonymous_28)
FNDA:0,(anonymous_29)
FNDA:0,(anonymous_30)
FNDA:0,(anonymous_31)
FNDA:0,(anonymous_32)
FNDA:0,(anonymous_33)
FNDA:22,(anonymous_34)
FNDA:0,(anonymous_35)
FNDA:0,(anonymous_36)
FNDA:0,(anonymous_37)
FNDA:77,Section
FNDA:66,Input
FNDA:0,(anonymous_40)
FNDA:11,ColorInput
FNDA:0,(anonymous_42)
FNDA:55,Select
FNDA:0,(anonymous_44)
FNDA:187,(anonymous_45)
FNDA:33,Toggle
FNDA:0,(anonymous_47)
FNDA:22,StageBadge
DA:1,1
DA:3,1
DA:4,1
DA:5,1
DA:6,1
DA:8,1
DA:30,1
DA:33,11
DA:37,0
DA:40,1
DA:41,11
DA:42,11
DA:43,11
DA:44,11
DA:45,11
DA:47,11
DA:48,11
DA:51,11
DA:59,11
DA:60,11
DA:61,11
DA:62,11
DA:64,22
DA:65,11
DA:67,11
DA:68,2
DA:69,2
DA:70,2
DA:71,0
DA:72,0
DA:78,0
DA:81,2
DA:90,11
DA:91,11
DA:94,11
DA:95,11
DA:96,11
DA:98,9
DA:106,9
DA:107,9
DA:112,0
DA:113,0
DA:116,11
DA:117,9
DA:122,11
DA:124,11
DA:125,11
DA:129,11
DA:130,10
DA:133,11
DA:134,2
DA:135,2
DA:136,2
DA:139,0
DA:140,0
DA:141,0
DA:144,0
DA:146,0
DA:147,0
DA:149,0
DA:154,0
DA:155,0
DA:156,0
DA:160,0
DA:161,0
DA:162,0
DA:167,2
DA:168,2
DA:169,0
DA:170,0
DA:173,2
DA:175,2
DA:176,2
DA:177,2
DA:179,2
DA:180,2
DA:190,1
DA:192,1
DA:200,1
DA:201,1
DA:205,1
DA:206,1
DA:208,1
DA:209,0
DA:212,1
DA:213,1
DA:215,0
DA:218,2
DA:223,0
DA:224,0
DA:226,0
DA:227,0
DA:228,0
DA:229,0
DA:230,0
DA:231,0
DA:232,0
DA:236,0
DA:238,0
DA:239,0
DA:240,0
DA:244,0
DA:246,0
DA:247,0
DA:248,0
DA:252,0
DA:253,0
DA:255,0
DA:256,0
DA:257,0
DA:258,0
DA:261,11
DA:270,0
DA:271,0
DA:272,0
DA:273,0
DA:274,0
DA:278,0
DA:279,22
DA:301,0
DA:339,0
DA:347,0
DA:353,0
DA:361,0
DA:388,0
DA:410,22
DA:435,0
DA:444,0
DA:453,0
DA:507,77
DA:535,66
DA:541,0
DA:561,11
DA:569,0
DA:590,55
DA:596,0
DA:600,187
DA:618,33
DA:623,0
DA:635,22
DA:641,22
LF:141
LH:76
BRDA:33,0,0,11
BRDA:33,0,1,0
BRDA:33,1,0,11
BRDA:33,1,1,11
BRDA:33,1,2,0
BRDA:37,2,0,0
BRDA:37,2,1,0
BRDA:49,3,0,11
BRDA:49,3,1,0
BRDA:49,3,2,0
BRDA:52,4,0,11
BRDA:52,4,1,0
BRDA:53,5,0,11
BRDA:53,5,1,0
BRDA:54,6,0,11
BRDA:54,6,1,0
BRDA:55,7,0,11
BRDA:55,7,1,0
BRDA:56,8,0,11
BRDA:56,8,1,0
BRDA:57,9,0,11
BRDA:57,9,1,0
BRDA:70,10,0,0
BRDA:70,10,1,2
BRDA:96,11,0,2
BRDA:96,11,1,9
BRDA:100,12,0,9
BRDA:100,12,1,0
BRDA:102,13,0,9
BRDA:102,13,1,0
BRDA:103,14,0,9
BRDA:103,14,1,0
BRDA:104,15,0,9
BRDA:104,15,1,0
BRDA:106,16,0,9
BRDA:106,16,1,0
BRDA:106,16,2,0
BRDA:112,17,0,0
BRDA:112,17,1,0
BRDA:116,18,0,9
BRDA:116,18,1,2
BRDA:134,19,0,2
BRDA:134,19,1,0
BRDA:139,20,0,0
BRDA:139,20,1,0
BRDA:146,21,0,0
BRDA:146,21,1,0
BRDA:161,22,0,0
BRDA:161,22,1,0
BRDA:168,23,0,0
BRDA:168,23,1,2
BRDA:173,24,0,2
BRDA:173,24,1,2
BRDA:185,25,0,2
BRDA:185,25,1,0
BRDA:190,26,0,1
BRDA:190,26,1,0
BRDA:194,27,0,1
BRDA:194,27,1,0
BRDA:196,28,0,1
BRDA:196,28,1,0
BRDA:197,29,0,1
BRDA:197,29,1,0
BRDA:198,30,0,1
BRDA:198,30,1,0
BRDA:208,31,0,0
BRDA:208,31,1,1
BRDA:212,32,0,1
BRDA:212,32,1,0
BRDA:212,33,0,1
BRDA:212,33,1,1
BRDA:224,34,0,0
BRDA:224,34,1,0
BRDA:236,35,0,0
BRDA:236,35,1,0
BRDA:244,36,0,0
BRDA:244,36,1,0
BRDA:253,37,0,0
BRDA:253,37,1,0
BRDA:310,38,0,11
BRDA:310,38,1,2
BRDA:316,39,0,11
BRDA:316,39,1,2
BRDA:325,40,0,11
BRDA:325,40,1,9
BRDA:328,41,0,2
BRDA:328,41,1,9
BRDA:421,42,0,22
BRDA:421,42,1,22
BRDA:454,43,0,22
BRDA:454,43,1,0
BRDA:512,44,0,77
BRDA:512,44,1,22
BRDA:527,45,0,55
BRDA:545,46,0,11
BRDA:545,46,1,55
BRDA:624,47,0,22
BRDA:624,47,1,11
BRDA:627,48,0,22
BRDA:627,48,1,11
BRF:100
BRH:54
end_of_record
TN:
SF:src/pages/Welcome.tsx
FN:22,Welcome
FN:91,(anonymous_1)
FNF:2
FNH:0
FNDA:0,Welcome
FNDA:0,(anonymous_1)
DA:1,0
DA:2,0
DA:4,0
DA:22,0
DA:23,0
DA:92,0
LF:6
LH:0
BRF:0
BRH:0
end_of_record
